<?xml version="1.0" encoding="UTF-8"?>
<coverage generated="1624099632299" clover="3.2.0">
  <project timestamp="1624099632300" name="All files">
    <metrics statements="1799" coveredstatements="1491" conditionals="1188" coveredconditionals="863" methods="207" coveredmethods="183" elements="3194" coveredelements="2537" complexity="0" loc="1799" ncloc="1799" packages="2" files="20" classes="20"/>
    <package name="core">
      <metrics statements="1759" coveredstatements="1461" conditionals="1180" coveredconditionals="862" methods="199" coveredmethods="178"/>
      <file name="assertNever.ts" path="/home/runner/work/rocco/rocco/core/assertNever.ts">
        <metrics statements="2" coveredstatements="1" conditionals="0" coveredconditionals="0" methods="1" coveredmethods="0"/>
        <line num="1" count="11" type="stmt"/>
        <line num="2" count="0" type="stmt"/>
      </file>
      <file name="emitter.expressionsandtypes.ts" path="/home/runner/work/rocco/rocco/core/emitter.expressionsandtypes.ts">
        <metrics statements="434" coveredstatements="318" conditionals="457" coveredconditionals="298" methods="39" coveredmethods="34"/>
        <line num="3" count="9" type="stmt"/>
        <line num="5" count="9" type="stmt"/>
        <line num="6" count="9" type="stmt"/>
        <line num="7" count="9" type="stmt"/>
        <line num="33" count="9" type="stmt"/>
        <line num="36" count="27" type="stmt"/>
        <line num="39" count="0" type="stmt"/>
        <line num="42" count="9" type="stmt"/>
        <line num="46" count="2217" type="stmt"/>
        <line num="50" count="2217" type="stmt"/>
        <line num="53" count="2217" type="stmt"/>
        <line num="58" count="2217" type="cond" truecount="2" falsecount="0"/>
        <line num="59" count="2005" type="cond" truecount="2" falsecount="0"/>
        <line num="60" count="1566" type="stmt"/>
        <line num="61" count="439" type="cond" truecount="1" falsecount="1"/>
        <line num="62" count="439" type="stmt"/>
        <line num="64" count="0" type="stmt"/>
        <line num="66" count="212" type="cond" truecount="2" falsecount="0"/>
        <line num="67" count="151" type="stmt"/>
        <line num="69" count="151" type="cond" truecount="1" falsecount="1"/>
        <line num="70" count="0" type="stmt"/>
        <line num="72" count="151" type="cond" truecount="1" falsecount="1"/>
        <line num="73" count="0" type="stmt"/>
        <line num="76" count="151" type="stmt"/>
        <line num="78" count="151" type="cond" truecount="3" falsecount="1"/>
        <line num="79" count="151" type="stmt"/>
        <line num="81" count="0" type="stmt"/>
        <line num="86" count="61" type="cond" truecount="3" falsecount="1"/>
        <line num="87" count="0" type="stmt"/>
        <line num="88" count="61" type="cond" truecount="1" falsecount="1"/>
        <line num="92" count="0" type="stmt"/>
        <line num="96" count="61" type="cond" truecount="1" falsecount="1"/>
        <line num="97" count="61" type="stmt"/>
        <line num="98" count="0" type="cond" truecount="0" falsecount="2"/>
        <line num="99" count="0" type="stmt"/>
        <line num="101" count="0" type="stmt"/>
        <line num="105" count="9" type="stmt"/>
        <line num="106" count="116" type="cond" truecount="1" falsecount="1"/>
        <line num="107" count="0" type="stmt"/>
        <line num="109" count="116" type="stmt"/>
        <line num="110" count="116" type="cond" truecount="1" falsecount="1"/>
        <line num="111" count="116" type="stmt"/>
        <line num="113" count="0" type="stmt"/>
        <line num="117" count="9" type="stmt"/>
        <line num="118" count="4053" type="cond" truecount="2" falsecount="0"/>
        <line num="120" count="937" type="cond" truecount="2" falsecount="0"/>
        <line num="121" count="1" type="cond" truecount="1" falsecount="1"/>
        <line num="122" count="0" type="stmt"/>
        <line num="124" count="1" type="cond" truecount="1" falsecount="1"/>
        <line num="125" count="0" type="stmt"/>
        <line num="127" count="1" type="stmt"/>
        <line num="133" count="1" type="stmt"/>
        <line num="134" count="1" type="stmt"/>
        <line num="136" count="1" type="stmt"/>
        <line num="140" count="936" type="cond" truecount="1" falsecount="1"/>
        <line num="141" count="936" type="stmt"/>
        <line num="142" count="936" type="stmt"/>
        <line num="143" count="936" type="cond" truecount="3" falsecount="1"/>
        <line num="145" count="936" type="stmt"/>
        <line num="151" count="936" type="stmt"/>
        <line num="152" count="936" type="stmt"/>
        <line num="154" count="742" type="stmt"/>
        <line num="159" count="0" type="stmt"/>
        <line num="165" count="0" type="stmt"/>
        <line num="166" count="0" type="stmt"/>
        <line num="168" count="0" type="stmt"/>
        <line num="173" count="0" type="cond" truecount="0" falsecount="2"/>
        <line num="174" count="0" type="stmt"/>
        <line num="176" count="3116" type="cond" truecount="2" falsecount="0"/>
        <line num="177" count="1641" type="stmt"/>
        <line num="178" count="1641" type="cond" truecount="2" falsecount="0"/>
        <line num="179" count="1063" type="cond" truecount="1" falsecount="1"/>
        <line num="183" count="1063" type="stmt"/>
        <line num="184" count="1063" type="cond" truecount="2" falsecount="0"/>
        <line num="189" count="148" type="stmt"/>
        <line num="192" count="148" type="cond" truecount="1" falsecount="1"/>
        <line num="193" count="148" type="stmt"/>
        <line num="196" count="1063" type="stmt"/>
        <line num="200" count="1035" type="stmt"/>
        <line num="215" count="210" type="stmt"/>
        <line num="223" count="0" type="cond" truecount="0" falsecount="2"/>
        <line num="227" count="0" type="stmt"/>
        <line num="229" count="0" type="stmt"/>
        <line num="231" count="578" type="cond" truecount="1" falsecount="1"/>
        <line num="232" count="0" type="stmt"/>
        <line num="236" count="578" type="cond" truecount="2" falsecount="0"/>
        <line num="237" count="140" type="stmt"/>
        <line num="242" count="0" type="stmt"/>
        <line num="243" count="4" type="stmt"/>
        <line num="245" count="438" type="cond" truecount="2" falsecount="0"/>
        <line num="246" count="322" type="stmt"/>
        <line num="250" count="458" type="stmt"/>
        <line num="265" count="6" type="stmt"/>
        <line num="273" count="116" type="cond" truecount="1" falsecount="1"/>
        <line num="274" count="116" type="cond" truecount="1" falsecount="1"/>
        <line num="275" count="0" type="stmt"/>
        <line num="278" count="116" type="stmt"/>
        <line num="283" count="162" type="stmt"/>
        <line num="292" count="0" type="cond" truecount="0" falsecount="2"/>
        <line num="296" count="0" type="stmt"/>
        <line num="297" count="0" type="cond" truecount="0" falsecount="2"/>
        <line num="298" count="0" type="stmt"/>
        <line num="300" count="0" type="stmt"/>
        <line num="302" count="1475" type="cond" truecount="2" falsecount="0"/>
        <line num="303" count="311" type="stmt"/>
        <line num="304" count="311" type="stmt"/>
        <line num="305" count="311" type="stmt"/>
        <line num="306" count="311" type="stmt"/>
        <line num="308" count="311" type="cond" truecount="1" falsecount="1"/>
        <line num="309" count="0" type="stmt"/>
        <line num="311" count="311" type="cond" truecount="1" falsecount="1"/>
        <line num="315" count="0" type="stmt"/>
        <line num="317" count="311" type="cond" truecount="2" falsecount="0"/>
        <line num="318" count="109" type="stmt"/>
        <line num="319" count="109" type="cond" truecount="1" falsecount="1"/>
        <line num="320" count="0" type="stmt"/>
        <line num="326" count="109" type="cond" truecount="1" falsecount="1"/>
        <line num="327" count="0" type="stmt"/>
        <line num="329" count="109" type="stmt"/>
        <line num="331" count="109" type="cond" truecount="1" falsecount="1"/>
        <line num="332" count="0" type="stmt"/>
        <line num="335" count="109" type="stmt"/>
        <line num="338" count="109" type="stmt"/>
        <line num="342" count="109" type="stmt"/>
        <line num="343" count="157" type="stmt"/>
        <line num="347" count="157" type="stmt"/>
        <line num="350" count="109" type="stmt"/>
        <line num="351" count="109" type="stmt"/>
        <line num="352" count="103" type="cond" truecount="1" falsecount="1"/>
        <line num="360" count="109" type="stmt"/>
        <line num="366" count="202" type="cond" truecount="1" falsecount="1"/>
        <line num="367" count="202" type="stmt"/>
        <line num="368" count="202" type="cond" truecount="1" falsecount="1"/>
        <line num="369" count="0" type="stmt"/>
        <line num="371" count="202" type="cond" truecount="1" falsecount="1"/>
        <line num="372" count="0" type="stmt"/>
        <line num="375" count="202" type="cond" truecount="1" falsecount="1"/>
        <line num="376" count="0" type="stmt"/>
        <line num="378" count="202" type="stmt"/>
        <line num="380" count="202" type="cond" truecount="1" falsecount="1"/>
        <line num="381" count="0" type="stmt"/>
        <line num="384" count="202" type="stmt"/>
        <line num="387" count="202" type="stmt"/>
        <line num="391" count="202" type="stmt"/>
        <line num="392" count="294" type="stmt"/>
        <line num="396" count="294" type="stmt"/>
        <line num="399" count="202" type="stmt"/>
        <line num="400" count="202" type="stmt"/>
        <line num="401" count="201" type="cond" truecount="1" falsecount="1"/>
        <line num="409" count="202" type="stmt"/>
        <line num="416" count="0" type="stmt"/>
        <line num="418" count="1164" type="cond" truecount="2" falsecount="0"/>
        <line num="419" count="139" type="stmt"/>
        <line num="420" count="139" type="cond" truecount="1" falsecount="1"/>
        <line num="421" count="0" type="stmt"/>
        <line num="423" count="139" type="stmt"/>
        <line num="424" count="139" type="cond" truecount="1" falsecount="1"/>
        <line num="425" count="0" type="stmt"/>
        <line num="427" count="139" type="stmt"/>
        <line num="428" count="139" type="cond" truecount="1" falsecount="1"/>
        <line num="429" count="0" type="stmt"/>
        <line num="431" count="139" type="cond" truecount="1" falsecount="1"/>
        <line num="432" count="0" type="cond" truecount="0" falsecount="2"/>
        <line num="433" count="0" type="stmt"/>
        <line num="435" count="0" type="stmt"/>
        <line num="439" count="139" type="stmt"/>
        <line num="440" count="139" type="stmt"/>
        <line num="441" count="277" type="stmt"/>
        <line num="442" count="277" type="stmt"/>
        <line num="444" count="277" type="stmt"/>
        <line num="445" count="277" type="stmt"/>
        <line num="446" count="277" type="cond" truecount="1" falsecount="1"/>
        <line num="447" count="0" type="stmt"/>
        <line num="450" count="277" type="stmt"/>
        <line num="455" count="277" type="cond" truecount="1" falsecount="1"/>
        <line num="456" count="0" type="stmt"/>
        <line num="458" count="277" type="cond" truecount="1" falsecount="1"/>
        <line num="459" count="0" type="stmt"/>
        <line num="462" count="277" type="stmt"/>
        <line num="463" count="277" type="cond" truecount="1" falsecount="1"/>
        <line num="464" count="0" type="stmt"/>
        <line num="466" count="277" type="stmt"/>
        <line num="469" count="139" type="stmt"/>
        <line num="471" count="139" type="stmt"/>
        <line num="476" count="139" type="stmt"/>
        <line num="477" count="277" type="stmt"/>
        <line num="479" count="139" type="cond" truecount="2" falsecount="0"/>
        <line num="480" count="136" type="stmt"/>
        <line num="482" count="3" type="stmt"/>
        <line num="483" count="3" type="stmt"/>
        <line num="485" count="139" type="stmt"/>
        <line num="488" count="1025" type="cond" truecount="2" falsecount="0"/>
        <line num="489" count="580" type="stmt"/>
        <line num="490" count="580" type="stmt"/>
        <line num="492" count="580" type="stmt"/>
        <line num="494" count="580" type="stmt"/>
        <line num="495" count="580" type="cond" truecount="1" falsecount="1"/>
        <line num="496" count="0" type="stmt"/>
        <line num="498" count="580" type="stmt"/>
        <line num="499" count="580" type="cond" truecount="1" falsecount="1"/>
        <line num="500" count="0" type="stmt"/>
        <line num="503" count="580" type="stmt"/>
        <line num="504" count="580" type="stmt"/>
        <line num="505" count="580" type="cond" truecount="1" falsecount="1"/>
        <line num="506" count="0" type="stmt"/>
        <line num="508" count="580" type="cond" truecount="1" falsecount="1"/>
        <line num="509" count="0" type="stmt"/>
        <line num="511" count="580" type="cond" truecount="1" falsecount="1"/>
        <line num="512" count="0" type="stmt"/>
        <line num="514" count="580" type="cond" truecount="1" falsecount="1"/>
        <line num="515" count="0" type="stmt"/>
        <line num="518" count="580" type="stmt"/>
        <line num="519" count="580" type="cond" truecount="2" falsecount="0"/>
        <line num="520" count="14" type="stmt"/>
        <line num="522" count="566" type="cond" truecount="1" falsecount="1"/>
        <line num="523" count="0" type="stmt"/>
        <line num="526" count="566" type="stmt"/>
        <line num="527" count="566" type="stmt"/>
        <line num="528" count="566" type="cond" truecount="1" falsecount="1"/>
        <line num="529" count="0" type="stmt"/>
        <line num="531" count="566" type="cond" truecount="1" falsecount="1"/>
        <line num="532" count="0" type="stmt"/>
        <line num="534" count="566" type="cond" truecount="1" falsecount="1"/>
        <line num="536" count="566" type="stmt"/>
        <line num="538" count="0" type="stmt"/>
        <line num="542" count="580" type="cond" truecount="2" falsecount="0"/>
        <line num="561" count="570" type="cond" truecount="2" falsecount="0"/>
        <line num="611" count="570" type="cond" truecount="2" falsecount="0"/>
        <line num="614" count="570" type="cond" truecount="2" falsecount="0"/>
        <line num="616" count="570" type="cond" truecount="2" falsecount="0"/>
        <line num="618" count="570" type="cond" truecount="2" falsecount="0"/>
        <line num="622" count="570" type="stmt"/>
        <line num="670" count="570" type="stmt"/>
        <line num="671" count="570" type="cond" truecount="2" falsecount="0"/>
        <line num="676" count="14" type="stmt"/>
        <line num="677" count="14" type="cond" truecount="1" falsecount="1"/>
        <line num="678" count="0" type="stmt"/>
        <line num="683" count="14" type="cond" truecount="1" falsecount="1"/>
        <line num="684" count="0" type="stmt"/>
        <line num="690" count="570" type="cond" truecount="1" falsecount="1"/>
        <line num="695" count="0" type="stmt"/>
        <line num="698" count="570" type="stmt"/>
        <line num="703" count="573" type="stmt"/>
        <line num="711" count="10" type="cond" truecount="2" falsecount="0"/>
        <line num="712" count="3" type="stmt"/>
        <line num="717" count="3" type="stmt"/>
        <line num="736" count="7" type="cond" truecount="1" falsecount="1"/>
        <line num="737" count="7" type="stmt"/>
        <line num="742" count="7" type="stmt"/>
        <line num="764" count="0" type="stmt"/>
        <line num="766" count="445" type="cond" truecount="2" falsecount="0"/>
        <line num="767" count="267" type="stmt"/>
        <line num="768" count="267" type="stmt"/>
        <line num="770" count="267" type="stmt"/>
        <line num="771" count="267" type="cond" truecount="1" falsecount="1"/>
        <line num="772" count="0" type="stmt"/>
        <line num="778" count="267" type="cond" truecount="1" falsecount="1"/>
        <line num="780" count="0" type="stmt"/>
        <line num="786" count="267" type="cond" truecount="1" falsecount="1"/>
        <line num="787" count="0" type="stmt"/>
        <line num="790" count="267" type="stmt"/>
        <line num="791" count="267" type="cond" truecount="1" falsecount="1"/>
        <line num="792" count="0" type="stmt"/>
        <line num="795" count="267" type="stmt"/>
        <line num="796" count="267" type="cond" truecount="1" falsecount="1"/>
        <line num="797" count="0" type="stmt"/>
        <line num="803" count="267" type="stmt"/>
        <line num="804" count="267" type="cond" truecount="1" falsecount="1"/>
        <line num="805" count="0" type="stmt"/>
        <line num="808" count="267" type="stmt"/>
        <line num="809" count="267" type="stmt"/>
        <line num="819" count="267" type="stmt"/>
        <line num="820" count="267" type="stmt"/>
        <line num="822" count="267" type="stmt"/>
        <line num="826" count="0" type="stmt"/>
        <line num="829" count="267" type="stmt"/>
        <line num="837" count="178" type="cond" truecount="2" falsecount="0"/>
        <line num="838" count="104" type="cond" truecount="2" falsecount="0"/>
        <line num="839" count="45" type="stmt"/>
        <line num="840" count="45" type="stmt"/>
        <line num="841" count="45" type="stmt"/>
        <line num="842" count="45" type="cond" truecount="1" falsecount="1"/>
        <line num="843" count="0" type="stmt"/>
        <line num="845" count="45" type="stmt"/>
        <line num="851" count="45" type="stmt"/>
        <line num="852" count="45" type="stmt"/>
        <line num="858" count="59" type="cond" truecount="2" falsecount="0"/>
        <line num="859" count="53" type="stmt"/>
        <line num="860" count="53" type="stmt"/>
        <line num="861" count="53" type="cond" truecount="1" falsecount="1"/>
        <line num="862" count="0" type="stmt"/>
        <line num="864" count="53" type="stmt"/>
        <line num="865" count="53" type="cond" truecount="1" falsecount="1"/>
        <line num="866" count="0" type="stmt"/>
        <line num="869" count="53" type="stmt"/>
        <line num="870" count="53" type="stmt"/>
        <line num="873" count="53" type="stmt"/>
        <line num="875" count="3" type="cond" truecount="2" falsecount="0"/>
        <line num="877" count="50" type="cond" truecount="1" falsecount="1"/>
        <line num="882" count="53" type="stmt"/>
        <line num="888" count="6" type="cond" truecount="1" falsecount="1"/>
        <line num="894" count="6" type="stmt"/>
        <line num="895" count="6" type="stmt"/>
        <line num="896" count="6" type="cond" truecount="1" falsecount="1"/>
        <line num="897" count="0" type="stmt"/>
        <line num="899" count="6" type="cond" truecount="1" falsecount="1"/>
        <line num="900" count="0" type="stmt"/>
        <line num="905" count="6" type="stmt"/>
        <line num="906" count="6" type="cond" truecount="1" falsecount="1"/>
        <line num="907" count="0" type="stmt"/>
        <line num="910" count="6" type="stmt"/>
        <line num="920" count="6" type="stmt"/>
        <line num="926" count="6" type="stmt"/>
        <line num="929" count="0" type="stmt"/>
        <line num="937" count="74" type="cond" truecount="2" falsecount="0"/>
        <line num="938" count="2" type="stmt"/>
        <line num="944" count="2" type="stmt"/>
        <line num="945" count="2" type="stmt"/>
        <line num="946" count="2" type="stmt"/>
        <line num="947" count="2" type="cond" truecount="1" falsecount="1"/>
        <line num="948" count="0" type="stmt"/>
        <line num="952" count="2" type="cond" truecount="1" falsecount="1"/>
        <line num="953" count="2" type="stmt"/>
        <line num="958" count="2" type="stmt"/>
        <line num="960" count="0" type="cond" truecount="0" falsecount="2"/>
        <line num="961" count="0" type="stmt"/>
        <line num="962" count="0" type="stmt"/>
        <line num="963" count="0" type="cond" truecount="0" falsecount="2"/>
        <line num="964" count="0" type="stmt"/>
        <line num="969" count="0" type="stmt"/>
        <line num="976" count="0" type="stmt"/>
        <line num="978" count="72" type="cond" truecount="2" falsecount="0"/>
        <line num="979" count="1" type="stmt"/>
        <line num="980" count="1" type="cond" truecount="1" falsecount="1"/>
        <line num="981" count="0" type="stmt"/>
        <line num="987" count="1" type="stmt"/>
        <line num="989" count="1" type="stmt"/>
        <line num="995" count="1" type="stmt"/>
        <line num="996" count="1" type="stmt"/>
        <line num="1000" count="1" type="stmt"/>
        <line num="1002" count="71" type="cond" truecount="2" falsecount="0"/>
        <line num="1003" count="8" type="stmt"/>
        <line num="1005" count="8" type="stmt"/>
        <line num="1006" count="8" type="cond" truecount="1" falsecount="1"/>
        <line num="1007" count="0" type="stmt"/>
        <line num="1009" count="8" type="cond" truecount="1" falsecount="1"/>
        <line num="1010" count="0" type="stmt"/>
        <line num="1012" count="8" type="cond" truecount="1" falsecount="1"/>
        <line num="1016" count="0" type="stmt"/>
        <line num="1022" count="8" type="stmt"/>
        <line num="1028" count="63" type="cond" truecount="2" falsecount="0"/>
        <line num="1032" count="50" type="stmt"/>
        <line num="1033" count="50" type="stmt"/>
        <line num="1034" count="50" type="stmt"/>
        <line num="1035" count="50" type="stmt"/>
        <line num="1036" count="50" type="cond" truecount="1" falsecount="1"/>
        <line num="1037" count="0" type="stmt"/>
        <line num="1040" count="50" type="cond" truecount="2" falsecount="0"/>
        <line num="1041" count="1" type="stmt"/>
        <line num="1042" count="1" type="cond" truecount="1" falsecount="1"/>
        <line num="1043" count="0" type="stmt"/>
        <line num="1045" count="1" type="stmt"/>
        <line num="1047" count="49" type="stmt"/>
        <line num="1049" count="50" type="stmt"/>
        <line num="1050" count="50" type="cond" truecount="1" falsecount="1"/>
        <line num="1051" count="0" type="stmt"/>
        <line num="1053" count="50" type="stmt"/>
        <line num="1054" count="50" type="cond" truecount="1" falsecount="1"/>
        <line num="1055" count="0" type="stmt"/>
        <line num="1057" count="50" type="cond" truecount="1" falsecount="1"/>
        <line num="1058" count="0" type="stmt"/>
        <line num="1060" count="50" type="cond" truecount="1" falsecount="1"/>
        <line num="1061" count="0" type="stmt"/>
        <line num="1063" count="50" type="stmt"/>
        <line num="1072" count="50" type="stmt"/>
        <line num="1089" count="13" type="cond" truecount="2" falsecount="0"/>
        <line num="1093" count="2" type="stmt"/>
        <line num="1094" count="2" type="stmt"/>
        <line num="1095" count="2" type="stmt"/>
        <line num="1096" count="2" type="stmt"/>
        <line num="1097" count="2" type="cond" truecount="1" falsecount="1"/>
        <line num="1098" count="0" type="stmt"/>
        <line num="1101" count="2" type="cond" truecount="1" falsecount="1"/>
        <line num="1102" count="0" type="stmt"/>
        <line num="1103" count="0" type="cond" truecount="0" falsecount="2"/>
        <line num="1104" count="0" type="stmt"/>
        <line num="1106" count="0" type="stmt"/>
        <line num="1108" count="2" type="stmt"/>
        <line num="1110" count="2" type="stmt"/>
        <line num="1111" count="2" type="cond" truecount="1" falsecount="1"/>
        <line num="1112" count="0" type="stmt"/>
        <line num="1114" count="2" type="stmt"/>
        <line num="1115" count="2" type="cond" truecount="1" falsecount="1"/>
        <line num="1116" count="0" type="stmt"/>
        <line num="1118" count="2" type="cond" truecount="1" falsecount="1"/>
        <line num="1119" count="0" type="stmt"/>
        <line num="1121" count="2" type="cond" truecount="1" falsecount="1"/>
        <line num="1122" count="0" type="stmt"/>
        <line num="1124" count="2" type="stmt"/>
        <line num="1133" count="2" type="stmt"/>
        <line num="1150" count="11" type="cond" truecount="1" falsecount="1"/>
        <line num="1151" count="11" type="stmt"/>
        <line num="1152" count="11" type="stmt"/>
        <line num="1153" count="11" type="stmt"/>
        <line num="1155" count="11" type="stmt"/>
        <line num="1156" count="11" type="cond" truecount="1" falsecount="1"/>
        <line num="1157" count="0" type="stmt"/>
        <line num="1160" count="11" type="stmt"/>
        <line num="1161" count="11" type="cond" truecount="1" falsecount="1"/>
        <line num="1162" count="0" type="stmt"/>
        <line num="1165" count="11" type="stmt"/>
        <line num="1166" count="11" type="cond" truecount="1" falsecount="1"/>
        <line num="1167" count="0" type="stmt"/>
        <line num="1170" count="11" type="cond" truecount="1" falsecount="1"/>
        <line num="1171" count="0" type="stmt"/>
        <line num="1173" count="11" type="cond" truecount="1" falsecount="1"/>
        <line num="1174" count="0" type="stmt"/>
        <line num="1176" count="11" type="cond" truecount="1" falsecount="1"/>
        <line num="1177" count="0" type="stmt"/>
        <line num="1180" count="11" type="stmt"/>
        <line num="1182" count="11" type="stmt"/>
        <line num="1183" count="11" type="stmt"/>
        <line num="1184" count="11" type="cond" truecount="1" falsecount="1"/>
        <line num="1185" count="0" type="stmt"/>
        <line num="1187" count="11" type="cond" truecount="1" falsecount="1"/>
        <line num="1188" count="0" type="stmt"/>
        <line num="1190" count="11" type="cond" truecount="2" falsecount="0"/>
        <line num="1192" count="9" type="stmt"/>
        <line num="1194" count="2" type="stmt"/>
        <line num="1198" count="11" type="stmt"/>
        <line num="1202" count="11" type="stmt"/>
        <line num="1212" count="0" type="stmt"/>
        <line num="1215" count="0" type="stmt"/>
        <line num="1218" count="9" type="stmt"/>
      </file>
      <file name="emitter.functionscode.ts" path="/home/runner/work/rocco/rocco/core/emitter.functionscode.ts">
        <metrics statements="138" coveredstatements="110" conditionals="98" coveredconditionals="71" methods="5" coveredmethods="4"/>
        <line num="9" count="9" type="stmt"/>
        <line num="18" count="9" type="stmt"/>
        <line num="19" count="9" type="stmt"/>
        <line num="27" count="164" type="cond" truecount="2" falsecount="0"/>
        <line num="28" count="125" type="stmt"/>
        <line num="30" count="39" type="stmt"/>
        <line num="34" count="9" type="stmt"/>
        <line num="39" count="18" type="stmt"/>
        <line num="42" count="0" type="stmt"/>
        <line num="46" count="141" type="stmt"/>
        <line num="50" count="141" type="stmt"/>
        <line num="51" count="401" type="stmt"/>
        <line num="52" count="401" type="stmt"/>
        <line num="53" count="401" type="cond" truecount="2" falsecount="0"/>
        <line num="54" count="1" type="stmt"/>
        <line num="56" count="400" type="stmt"/>
        <line num="57" count="400" type="cond" truecount="1" falsecount="1"/>
        <line num="58" count="0" type="stmt"/>
        <line num="60" count="400" type="stmt"/>
        <line num="61" count="400" type="stmt"/>
        <line num="63" count="400" type="stmt"/>
        <line num="64" count="400" type="cond" truecount="1" falsecount="1"/>
        <line num="65" count="0" type="stmt"/>
        <line num="68" count="400" type="cond" truecount="2" falsecount="0"/>
        <line num="69" count="400" type="cond" truecount="1" falsecount="1"/>
        <line num="70" count="0" type="stmt"/>
        <line num="72" count="400" type="stmt"/>
        <line num="75" count="141" type="stmt"/>
        <line num="78" count="141" type="cond" truecount="1" falsecount="1"/>
        <line num="82" count="0" type="stmt"/>
        <line num="94" count="405" type="cond" truecount="2" falsecount="0"/>
        <line num="95" count="405" type="stmt"/>
        <line num="96" count="405" type="stmt"/>
        <line num="97" count="987" type="stmt"/>
        <line num="98" count="987" type="cond" truecount="1" falsecount="1"/>
        <line num="99" count="0" type="stmt"/>
        <line num="100" count="0" type="stmt"/>
        <line num="103" count="987" type="cond" truecount="2" falsecount="0"/>
        <line num="104" count="46" type="stmt"/>
        <line num="105" count="941" type="cond" truecount="2" falsecount="0"/>
        <line num="108" count="180" type="cond" truecount="2" falsecount="0"/>
        <line num="109" count="129" type="cond" truecount="1" falsecount="1"/>
        <line num="110" count="0" type="stmt"/>
        <line num="111" count="129" type="cond" truecount="1" falsecount="1"/>
        <line num="112" count="129" type="cond" truecount="2" falsecount="0"/>
        <line num="113" count="1" type="stmt"/>
        <line num="115" count="128" type="stmt"/>
        <line num="119" count="128" type="cond" truecount="1" falsecount="1"/>
        <line num="120" count="0" type="stmt"/>
        <line num="122" count="128" type="stmt"/>
        <line num="133" count="0" type="stmt"/>
        <line num="136" count="761" type="cond" truecount="2" falsecount="0"/>
        <line num="137" count="148" type="stmt"/>
        <line num="138" count="148" type="cond" truecount="1" falsecount="1"/>
        <line num="139" count="0" type="cond" truecount="0" falsecount="2"/>
        <line num="140" count="0" type="stmt"/>
        <line num="147" count="148" type="cond" truecount="1" falsecount="1"/>
        <line num="148" count="0" type="stmt"/>
        <line num="150" count="148" type="stmt"/>
        <line num="154" count="148" type="stmt"/>
        <line num="158" count="148" type="cond" truecount="1" falsecount="1"/>
        <line num="162" count="148" type="cond" truecount="1" falsecount="1"/>
        <line num="163" count="0" type="stmt"/>
        <line num="168" count="148" type="stmt"/>
        <line num="170" count="0" type="stmt"/>
        <line num="177" count="148" type="stmt"/>
        <line num="178" count="148" type="stmt"/>
        <line num="179" count="613" type="cond" truecount="2" falsecount="0"/>
        <line num="180" count="378" type="stmt"/>
        <line num="182" count="378" type="cond" truecount="1" falsecount="1"/>
        <line num="183" count="378" type="stmt"/>
        <line num="184" count="0" type="cond" truecount="0" falsecount="2"/>
        <line num="185" count="0" type="stmt"/>
        <line num="187" count="0" type="stmt"/>
        <line num="192" count="378" type="cond" truecount="2" falsecount="0"/>
        <line num="193" count="318" type="stmt"/>
        <line num="195" count="235" type="cond" truecount="2" falsecount="0"/>
        <line num="197" count="100" type="stmt"/>
        <line num="198" count="100" type="stmt"/>
        <line num="205" count="100" type="stmt"/>
        <line num="206" count="135" type="cond" truecount="2" falsecount="0"/>
        <line num="207" count="81" type="stmt"/>
        <line num="208" count="81" type="stmt"/>
        <line num="209" count="81" type="cond" truecount="1" falsecount="1"/>
        <line num="210" count="0" type="stmt"/>
        <line num="212" count="81" type="cond" truecount="1" falsecount="1"/>
        <line num="213" count="0" type="stmt"/>
        <line num="219" count="81" type="stmt"/>
        <line num="228" count="81" type="cond" truecount="2" falsecount="0"/>
        <line num="229" count="32" type="stmt"/>
        <line num="238" count="81" type="stmt"/>
        <line num="239" count="54" type="cond" truecount="2" falsecount="0"/>
        <line num="240" count="51" type="stmt"/>
        <line num="241" count="51" type="stmt"/>
        <line num="242" count="51" type="cond" truecount="1" falsecount="1"/>
        <line num="243" count="0" type="stmt"/>
        <line num="245" count="51" type="cond" truecount="1" falsecount="1"/>
        <line num="246" count="0" type="stmt"/>
        <line num="251" count="51" type="stmt"/>
        <line num="253" count="51" type="stmt"/>
        <line num="254" count="51" type="stmt"/>
        <line num="257" count="51" type="stmt"/>
        <line num="258" count="51" type="stmt"/>
        <line num="260" count="51" type="stmt"/>
        <line num="269" count="51" type="stmt"/>
        <line num="274" count="3" type="cond" truecount="1" falsecount="1"/>
        <line num="275" count="0" type="stmt"/>
        <line num="276" count="3" type="cond" truecount="2" falsecount="0"/>
        <line num="277" count="2" type="cond" truecount="1" falsecount="1"/>
        <line num="278" count="0" type="stmt"/>
        <line num="280" count="2" type="stmt"/>
        <line num="281" count="1" type="cond" truecount="1" falsecount="1"/>
        <line num="282" count="1" type="cond" truecount="1" falsecount="1"/>
        <line num="283" count="0" type="stmt"/>
        <line num="285" count="1" type="stmt"/>
        <line num="287" count="0" type="stmt"/>
        <line num="291" count="405" type="stmt"/>
        <line num="294" count="141" type="stmt"/>
        <line num="300" count="141" type="stmt"/>
        <line num="304" count="141" type="stmt"/>
        <line num="309" count="141" type="stmt"/>
        <line num="315" count="141" type="stmt"/>
        <line num="316" count="141" type="stmt"/>
        <line num="317" count="223" type="stmt"/>
        <line num="318" count="223" type="cond" truecount="1" falsecount="1"/>
        <line num="319" count="0" type="stmt"/>
        <line num="324" count="223" type="stmt"/>
        <line num="325" count="223" type="cond" truecount="1" falsecount="1"/>
        <line num="326" count="0" type="stmt"/>
        <line num="328" count="223" type="stmt"/>
        <line num="332" count="223" type="stmt"/>
        <line num="345" count="141" type="stmt"/>
        <line num="348" count="141" type="stmt"/>
        <line num="356" count="141" type="stmt"/>
        <line num="359" count="141" type="stmt"/>
        <line num="362" count="141" type="stmt"/>
        <line num="364" count="141" type="stmt"/>
        <line num="386" count="9" type="stmt"/>
      </file>
      <file name="emitter.helpers.functionsignature.ts" path="/home/runner/work/rocco/rocco/core/emitter.helpers.functionsignature.ts">
        <metrics statements="35" coveredstatements="31" conditionals="18" coveredconditionals="14" methods="7" coveredmethods="7"/>
        <line num="2" count="10" type="stmt"/>
        <line num="7" count="686" type="stmt"/>
        <line num="16" count="10" type="stmt"/>
        <line num="17" count="293" type="stmt"/>
        <line num="20" count="293" type="stmt"/>
        <line num="26" count="293" type="cond" truecount="1" falsecount="1"/>
        <line num="28" count="0" type="stmt"/>
        <line num="30" count="293" type="stmt"/>
        <line num="34" count="293" type="stmt"/>
        <line num="36" count="293" type="stmt"/>
        <line num="37" count="507" type="stmt"/>
        <line num="38" count="507" type="cond" truecount="2" falsecount="0"/>
        <line num="40" count="507" type="stmt"/>
        <line num="41" count="507" type="cond" truecount="1" falsecount="1"/>
        <line num="42" count="0" type="stmt"/>
        <line num="43" count="0" type="stmt"/>
        <line num="48" count="507" type="stmt"/>
        <line num="50" count="507" type="stmt"/>
        <line num="51" count="507" type="stmt"/>
        <line num="54" count="293" type="cond" truecount="1" falsecount="1"/>
        <line num="55" count="0" type="stmt"/>
        <line num="59" count="293" type="stmt"/>
        <line num="64" count="293" type="stmt"/>
        <line num="67" count="10" type="stmt"/>
        <line num="75" count="9" type="stmt"/>
        <line num="77" count="10" type="stmt"/>
        <line num="78" count="289" type="stmt"/>
        <line num="79" count="289" type="cond" truecount="2" falsecount="0"/>
        <line num="80" count="46" type="stmt"/>
        <line num="82" count="289" type="stmt"/>
        <line num="85" count="10" type="stmt"/>
        <line num="86" count="9" type="stmt"/>
        <line num="87" count="46" type="stmt"/>
        <line num="88" count="46" type="stmt"/>
        <line num="91" count="10" type="stmt"/>
      </file>
      <file name="emitter.helpers.trap.ts" path="/home/runner/work/rocco/rocco/core/emitter.helpers.trap.ts">
        <metrics statements="5" coveredstatements="5" conditionals="0" coveredconditionals="0" methods="1" coveredmethods="1"/>
        <line num="5" count="9" type="stmt"/>
        <line num="16" count="9" type="stmt"/>
        <line num="17" count="9" type="stmt"/>
        <line num="20" count="9" type="stmt"/>
        <line num="21" count="9" type="stmt"/>
      </file>
      <file name="emitter.helpers.ts" path="/home/runner/work/rocco/rocco/core/emitter.helpers.ts">
        <metrics statements="25" coveredstatements="12" conditionals="8" coveredconditionals="2" methods="5" coveredmethods="3"/>
        <line num="8" count="9" type="stmt"/>
        <line num="10" count="9" type="stmt"/>
        <line num="21" count="9" type="stmt"/>
        <line num="25" count="9" type="stmt"/>
        <line num="28" count="2262" type="stmt"/>
        <line num="29" count="2262" type="cond" truecount="1" falsecount="1"/>
        <line num="30" count="0" type="stmt"/>
        <line num="34" count="2262" type="stmt"/>
        <line num="38" count="1252" type="stmt"/>
        <line num="39" count="1252" type="cond" truecount="1" falsecount="1"/>
        <line num="40" count="0" type="stmt"/>
        <line num="41" count="0" type="stmt"/>
        <line num="43" count="1252" type="stmt"/>
        <line num="47" count="0" type="stmt"/>
        <line num="48" count="0" type="cond" truecount="0" falsecount="2"/>
        <line num="49" count="0" type="stmt"/>
        <line num="50" count="0" type="stmt"/>
        <line num="57" count="0" type="stmt"/>
        <line num="66" count="0" type="stmt"/>
        <line num="67" count="0" type="cond" truecount="0" falsecount="2"/>
        <line num="68" count="0" type="stmt"/>
        <line num="69" count="0" type="stmt"/>
        <line num="71" count="0" type="stmt"/>
        <line num="75" count="9" type="stmt"/>
        <line num="77" count="9" type="stmt"/>
      </file>
      <file name="emitter.scalar.storeload.ts" path="/home/runner/work/rocco/rocco/core/emitter.scalar.storeload.ts">
        <metrics statements="47" coveredstatements="29" conditionals="54" coveredconditionals="31" methods="3" coveredmethods="3"/>
        <line num="2" count="9" type="stmt"/>
        <line num="11" count="2441" type="stmt"/>
        <line num="12" count="2441" type="stmt"/>
        <line num="19" count="9" type="stmt"/>
        <line num="22" count="594" type="cond" truecount="2" falsecount="0"/>
        <line num="23" count="594" type="cond" truecount="2" falsecount="0"/>
        <line num="25" count="542" type="cond" truecount="2" falsecount="0"/>
        <line num="26" count="487" type="cond" truecount="2" falsecount="0"/>
        <line num="27" count="390" type="cond" truecount="2" falsecount="2"/>
        <line num="28" count="0" type="stmt"/>
        <line num="32" count="390" type="stmt"/>
        <line num="33" count="97" type="cond" truecount="1" falsecount="1"/>
        <line num="34" count="0" type="cond" truecount="0" falsecount="4"/>
        <line num="35" count="0" type="stmt"/>
        <line num="39" count="0" type="stmt"/>
        <line num="40" count="97" type="cond" truecount="1" falsecount="1"/>
        <line num="41" count="97" type="cond" truecount="1" falsecount="1"/>
        <line num="42" count="97" type="stmt"/>
        <line num="43" count="0" type="cond" truecount="0" falsecount="2"/>
        <line num="44" count="0" type="stmt"/>
        <line num="46" count="0" type="stmt"/>
        <line num="50" count="0" type="cond" truecount="0" falsecount="2"/>
        <line num="51" count="0" type="cond" truecount="0" falsecount="2"/>
        <line num="52" count="0" type="stmt"/>
        <line num="56" count="0" type="stmt"/>
        <line num="57" count="0" type="cond" truecount="0" falsecount="2"/>
        <line num="61" count="0" type="stmt"/>
        <line num="63" count="0" type="stmt"/>
        <line num="65" count="55" type="cond" truecount="1" falsecount="1"/>
        <line num="66" count="55" type="stmt"/>
        <line num="68" count="0" type="stmt"/>
        <line num="73" count="9" type="stmt"/>
        <line num="76" count="2001" type="cond" truecount="2" falsecount="0"/>
        <line num="77" count="2001" type="cond" truecount="2" falsecount="0"/>
        <line num="79" count="1899" type="cond" truecount="1" falsecount="1"/>
        <line num="80" count="0" type="stmt"/>
        <line num="82" count="1899" type="cond" truecount="2" falsecount="0"/>
        <line num="83" count="459" type="stmt"/>
        <line num="86" count="1440" type="cond" truecount="1" falsecount="1"/>
        <line num="87" count="0" type="stmt"/>
        <line num="89" count="1440" type="cond" truecount="2" falsecount="0"/>
        <line num="90" count="248" type="stmt"/>
        <line num="93" count="1192" type="cond" truecount="1" falsecount="1"/>
        <line num="94" count="1192" type="cond" truecount="2" falsecount="0"/>
        <line num="95" count="44" type="stmt"/>
        <line num="100" count="1148" type="stmt"/>
        <line num="106" count="0" type="stmt"/>
      </file>
      <file name="emitter.scalar.ts" path="/home/runner/work/rocco/rocco/core/emitter.scalar.ts">
        <metrics statements="2" coveredstatements="2" conditionals="2" coveredconditionals="1" methods="1" coveredmethods="1"/>
        <line num="6" count="9" type="stmt"/>
        <line num="7" count="311" type="cond" truecount="1" falsecount="1"/>
      </file>
      <file name="emitter.ts" path="/home/runner/work/rocco/rocco/core/emitter.ts">
        <metrics statements="75" coveredstatements="57" conditionals="34" coveredconditionals="23" methods="5" coveredmethods="2"/>
        <line num="4" count="9" type="stmt"/>
        <line num="10" count="9" type="stmt"/>
        <line num="11" count="9" type="stmt"/>
        <line num="12" count="9" type="stmt"/>
        <line num="13" count="9" type="stmt"/>
        <line num="16" count="0" type="stmt"/>
        <line num="17" count="0" type="stmt"/>
        <line num="18" count="0" type="stmt"/>
        <line num="19" count="0" type="cond" truecount="0" falsecount="2"/>
        <line num="20" count="0" type="stmt"/>
        <line num="22" count="0" type="stmt"/>
        <line num="23" count="0" type="stmt"/>
        <line num="24" count="0" type="stmt"/>
        <line num="29" count="9" type="stmt"/>
        <line num="30" count="9" type="stmt"/>
        <line num="31" count="9" type="stmt"/>
        <line num="33" count="9" type="stmt"/>
        <line num="35" count="27" type="stmt"/>
        <line num="38" count="0" type="stmt"/>
        <line num="39" count="0" type="stmt"/>
        <line num="42" count="9" type="stmt"/>
        <line num="44" count="9" type="stmt"/>
        <line num="51" count="9" type="stmt"/>
        <line num="53" count="9" type="stmt"/>
        <line num="54" count="9" type="stmt"/>
        <line num="55" count="220" type="stmt"/>
        <line num="56" count="220" type="stmt"/>
        <line num="57" count="220" type="cond" truecount="2" falsecount="0"/>
        <line num="58" count="12" type="stmt"/>
        <line num="61" count="208" type="cond" truecount="2" falsecount="0"/>
        <line num="62" count="141" type="stmt"/>
        <line num="63" count="141" type="stmt"/>
        <line num="64" count="141" type="stmt"/>
        <line num="67" count="67" type="cond" truecount="1" falsecount="1"/>
        <line num="68" count="0" type="stmt"/>
        <line num="70" count="67" type="cond" truecount="1" falsecount="1"/>
        <line num="71" count="0" type="stmt"/>
        <line num="73" count="67" type="stmt"/>
        <line num="74" count="67" type="cond" truecount="1" falsecount="1"/>
        <line num="75" count="0" type="stmt"/>
        <line num="77" count="67" type="cond" truecount="1" falsecount="1"/>
        <line num="78" count="0" type="stmt"/>
        <line num="80" count="67" type="stmt"/>
        <line num="81" count="67" type="stmt"/>
        <line num="82" count="67" type="stmt"/>
        <line num="83" count="67" type="stmt"/>
        <line num="84" count="67" type="cond" truecount="2" falsecount="0"/>
        <line num="85" count="37" type="stmt"/>
        <line num="88" count="67" type="cond" truecount="2" falsecount="0"/>
        <line num="89" count="37" type="cond" truecount="1" falsecount="1"/>
        <line num="90" count="37" type="cond" truecount="1" falsecount="1"/>
        <line num="91" count="0" type="stmt"/>
        <line num="97" count="37" type="stmt"/>
        <line num="100" count="37" type="cond" truecount="1" falsecount="1"/>
        <line num="101" count="0" type="stmt"/>
        <line num="103" count="37" type="cond" truecount="1" falsecount="1"/>
        <line num="104" count="0" type="stmt"/>
        <line num="109" count="37" type="cond" truecount="1" falsecount="1"/>
        <line num="113" count="0" type="stmt"/>
        <line num="119" count="37" type="stmt"/>
        <line num="139" count="9" type="stmt"/>
        <line num="141" count="218" type="stmt"/>
        <line num="142" count="218" type="cond" truecount="2" falsecount="0"/>
        <line num="143" count="141" type="stmt"/>
        <line num="144" count="141" type="stmt"/>
        <line num="148" count="9" type="stmt"/>
        <line num="155" count="9" type="stmt"/>
        <line num="161" count="9" type="stmt"/>
        <line num="163" count="9" type="stmt"/>
        <line num="165" count="9" type="stmt"/>
        <line num="170" count="218" type="cond" truecount="2" falsecount="0"/>
        <line num="171" count="77" type="stmt"/>
        <line num="173" count="141" type="stmt"/>
        <line num="179" count="9" type="stmt"/>
        <line num="201" count="9" type="stmt"/>
      </file>
      <file name="emitter.utils.ts" path="/home/runner/work/rocco/rocco/core/emitter.utils.ts">
        <metrics statements="26" coveredstatements="24" conditionals="17" coveredconditionals="15" methods="5" coveredmethods="5"/>
        <line num="2" count="11" type="stmt"/>
        <line num="5" count="11" type="stmt"/>
        <line num="8" count="3852" type="cond" truecount="2" falsecount="0"/>
        <line num="9" count="3278" type="cond" truecount="2" falsecount="0"/>
        <line num="14" count="3274" type="stmt"/>
        <line num="15" count="4" type="cond" truecount="1" falsecount="1"/>
        <line num="16" count="0" type="stmt"/>
        <line num="17" count="4" type="cond" truecount="2" falsecount="0"/>
        <line num="18" count="2" type="stmt"/>
        <line num="19" count="2" type="cond" truecount="1" falsecount="1"/>
        <line num="20" count="2" type="stmt"/>
        <line num="22" count="0" type="stmt"/>
        <line num="24" count="574" type="cond" truecount="2" falsecount="0"/>
        <line num="25" count="414" type="stmt"/>
        <line num="28" count="160" type="stmt"/>
        <line num="32" count="11" type="stmt"/>
        <line num="34" count="11" type="stmt"/>
        <line num="38" count="282" type="stmt"/>
        <line num="49" count="200" type="stmt"/>
        <line num="50" count="200" type="cond" truecount="2" falsecount="0"/>
        <line num="52" count="11" type="stmt"/>
        <line num="54" count="50" type="stmt"/>
        <line num="55" count="50" type="stmt"/>
        <line num="56" count="50" type="stmt"/>
        <line num="57" count="50" type="stmt"/>
        <line num="58" count="200" type="stmt"/>
      </file>
      <file name="error.ts" path="/home/runner/work/rocco/rocco/core/error.ts">
        <metrics statements="16" coveredstatements="12" conditionals="8" coveredconditionals="2" methods="8" coveredmethods="6"/>
        <line num="6" count="16" type="stmt"/>
        <line num="7" count="0" type="stmt"/>
        <line num="8" count="0" type="cond" truecount="0" falsecount="2"/>
        <line num="10" count="16" type="stmt"/>
        <line num="12" count="16" type="stmt"/>
        <line num="13" count="13" type="stmt"/>
        <line num="14" count="13" type="cond" truecount="1" falsecount="1"/>
        <line num="17" count="16" type="stmt"/>
        <line num="20" count="16" type="stmt"/>
        <line num="21" count="0" type="stmt"/>
        <line num="22" count="0" type="cond" truecount="0" falsecount="2"/>
        <line num="24" count="16" type="stmt"/>
        <line num="26" count="16" type="stmt"/>
        <line num="27" count="1" type="stmt"/>
        <line num="28" count="1" type="cond" truecount="1" falsecount="1"/>
        <line num="30" count="16" type="stmt"/>
      </file>
      <file name="parser.definitions.ts" path="/home/runner/work/rocco/rocco/core/parser.definitions.ts">
        <metrics statements="1" coveredstatements="1" conditionals="0" coveredconditionals="0" methods="0" coveredmethods="0"/>
        <line num="66" count="15" type="stmt"/>
      </file>
      <file name="parser.expression.ts" path="/home/runner/work/rocco/rocco/core/parser.expression.ts">
        <metrics statements="206" coveredstatements="189" conditionals="83" coveredconditionals="71" methods="18" coveredmethods="16"/>
        <line num="2" count="15" type="stmt"/>
        <line num="9" count="15" type="stmt"/>
        <line num="18" count="15" type="stmt"/>
        <line num="21" count="15" type="stmt"/>
        <line num="27" count="84128" type="stmt"/>
        <line num="28" count="39970" type="stmt"/>
        <line num="29" count="21805" type="stmt"/>
        <line num="31" count="21805" type="stmt"/>
        <line num="33" count="2553" type="stmt"/>
        <line num="35" count="2444" type="stmt"/>
        <line num="37" count="2279" type="stmt"/>
        <line num="39" count="2237" type="stmt"/>
        <line num="41" count="2173" type="stmt"/>
        <line num="43" count="2098" type="stmt"/>
        <line num="45" count="2079" type="stmt"/>
        <line num="47" count="1985" type="stmt"/>
        <line num="49" count="1982" type="stmt"/>
        <line num="51" count="1975" type="stmt"/>
        <line num="53" count="0" type="stmt"/>
        <line num="62" count="15" type="stmt"/>
        <line num="69" count="0" type="stmt"/>
        <line num="73" count="2550" type="stmt"/>
        <line num="74" count="2550" type="cond" truecount="2" falsecount="0"/>
        <line num="75" count="1684" type="stmt"/>
        <line num="77" count="1684" type="stmt"/>
        <line num="78" count="1684" type="cond" truecount="1" falsecount="1"/>
        <line num="79" count="0" type="stmt"/>
        <line num="81" count="1684" type="stmt"/>
        <line num="87" count="1684" type="stmt"/>
        <line num="89" count="1684" type="stmt"/>
        <line num="90" count="866" type="cond" truecount="2" falsecount="0"/>
        <line num="91" count="770" type="stmt"/>
        <line num="92" count="770" type="stmt"/>
        <line num="97" count="770" type="stmt"/>
        <line num="98" count="770" type="stmt"/>
        <line num="99" count="96" type="cond" truecount="1" falsecount="1"/>
        <line num="100" count="0" type="stmt"/>
        <line num="101" count="0" type="stmt"/>
        <line num="105" count="0" type="stmt"/>
        <line num="106" count="0" type="stmt"/>
        <line num="107" count="96" type="cond" truecount="1" falsecount="1"/>
        <line num="108" count="96" type="stmt"/>
        <line num="109" count="96" type="stmt"/>
        <line num="110" count="96" type="stmt"/>
        <line num="111" count="96" type="cond" truecount="1" falsecount="1"/>
        <line num="112" count="0" type="stmt"/>
        <line num="114" count="96" type="stmt"/>
        <line num="115" count="96" type="stmt"/>
        <line num="119" count="96" type="stmt"/>
        <line num="121" count="0" type="stmt"/>
        <line num="126" count="2550" type="stmt"/>
        <line num="128" count="2550" type="stmt"/>
        <line num="129" count="3081" type="stmt"/>
        <line num="130" count="3081" type="cond" truecount="2" falsecount="0"/>
        <line num="131" count="319" type="stmt"/>
        <line num="132" count="319" type="stmt"/>
        <line num="134" count="319" type="stmt"/>
        <line num="135" count="319" type="cond" truecount="1" falsecount="1"/>
        <line num="136" count="0" type="stmt"/>
        <line num="138" count="319" type="stmt"/>
        <line num="139" count="319" type="stmt"/>
        <line num="144" count="319" type="stmt"/>
        <line num="148" count="319" type="stmt"/>
        <line num="149" count="2762" type="cond" truecount="2" falsecount="0"/>
        <line num="150" count="149" type="stmt"/>
        <line num="153" count="149" type="cond" truecount="2" falsecount="0"/>
        <line num="155" count="149" type="stmt"/>
        <line num="156" count="149" type="cond" truecount="1" falsecount="1"/>
        <line num="157" count="0" type="stmt"/>
        <line num="159" count="149" type="stmt"/>
        <line num="160" count="149" type="stmt"/>
        <line num="165" count="149" type="stmt"/>
        <line num="169" count="149" type="stmt"/>
        <line num="170" count="2613" type="cond" truecount="4" falsecount="0"/>
        <line num="171" count="2" type="stmt"/>
        <line num="172" count="2" type="stmt"/>
        <line num="173" count="2" type="cond" truecount="1" falsecount="1"/>
        <line num="174" count="0" type="stmt"/>
        <line num="176" count="2" type="stmt"/>
        <line num="177" count="2" type="stmt"/>
        <line num="182" count="2" type="stmt"/>
        <line num="186" count="2" type="stmt"/>
        <line num="187" count="2611" type="cond" truecount="2" falsecount="0"/>
        <line num="188" count="45" type="stmt"/>
        <line num="189" count="45" type="stmt"/>
        <line num="193" count="45" type="stmt"/>
        <line num="196" count="45" type="stmt"/>
        <line num="197" count="2566" type="cond" truecount="2" falsecount="0"/>
        <line num="198" count="16" type="stmt"/>
        <line num="199" count="16" type="stmt"/>
        <line num="203" count="16" type="stmt"/>
        <line num="206" count="16" type="stmt"/>
        <line num="208" count="2550" type="stmt"/>
        <line num="211" count="2550" type="stmt"/>
        <line num="215" count="135" type="stmt"/>
        <line num="216" count="135" type="stmt"/>
        <line num="217" count="282" type="stmt"/>
        <line num="218" count="282" type="stmt"/>
        <line num="220" count="282" type="cond" truecount="2" falsecount="0"/>
        <line num="221" count="147" type="stmt"/>
        <line num="223" count="135" type="stmt"/>
        <line num="226" count="135" type="stmt"/>
        <line num="230" count="2675" type="stmt"/>
        <line num="232" count="15558" type="stmt"/>
        <line num="234" count="2675" type="cond" truecount="2" falsecount="0"/>
        <line num="235" count="115" type="stmt"/>
        <line num="236" count="115" type="stmt"/>
        <line num="238" count="115" type="stmt"/>
        <line num="243" count="115" type="stmt"/>
        <line num="246" count="115" type="stmt"/>
        <line num="247" count="2560" type="cond" truecount="4" falsecount="0"/>
        <line num="248" count="4" type="stmt"/>
        <line num="249" count="4" type="stmt"/>
        <line num="251" count="4" type="stmt"/>
        <line num="255" count="4" type="stmt"/>
        <line num="258" count="4" type="stmt"/>
        <line num="259" count="2556" type="cond" truecount="2" falsecount="0"/>
        <line num="260" count="6" type="stmt"/>
        <line num="261" count="6" type="stmt"/>
        <line num="263" count="6" type="cond" truecount="2" falsecount="0"/>
        <line num="264" count="3" type="stmt"/>
        <line num="266" count="3" type="cond" truecount="2" falsecount="0"/>
        <line num="267" count="2" type="stmt"/>
        <line num="268" count="2" type="cond" truecount="1" falsecount="1"/>
        <line num="269" count="0" type="stmt"/>
        <line num="271" count="2" type="stmt"/>
        <line num="272" count="2" type="stmt"/>
        <line num="280" count="1" type="stmt"/>
        <line num="282" count="1" type="cond" truecount="1" falsecount="1"/>
        <line num="283" count="0" type="stmt"/>
        <line num="285" count="1" type="stmt"/>
        <line num="287" count="1" type="stmt"/>
        <line num="293" count="3" type="stmt"/>
        <line num="295" count="3" type="stmt"/>
        <line num="300" count="6" type="stmt"/>
        <line num="304" count="6" type="stmt"/>
        <line num="306" count="2550" type="stmt"/>
        <line num="307" count="2550" type="stmt"/>
        <line num="312" count="2575" type="stmt"/>
        <line num="314" count="2575" type="cond" truecount="2" falsecount="0"/>
        <line num="315" count="2461" type="stmt"/>
        <line num="316" count="2461" type="stmt"/>
        <line num="319" count="114" type="stmt"/>
        <line num="321" count="114" type="cond" truecount="2" falsecount="0"/>
        <line num="322" count="22" type="stmt"/>
        <line num="323" count="22" type="cond" truecount="1" falsecount="1"/>
        <line num="324" count="0" type="stmt"/>
        <line num="326" count="22" type="stmt"/>
        <line num="328" count="22" type="stmt"/>
        <line num="330" count="22" type="stmt"/>
        <line num="335" count="22" type="stmt"/>
        <line num="339" count="22" type="stmt"/>
        <line num="342" count="92" type="stmt"/>
        <line num="343" count="92" type="stmt"/>
        <line num="344" count="92" type="stmt"/>
        <line num="350" count="23777" type="cond" truecount="2" falsecount="0"/>
        <line num="351" count="2553" type="stmt"/>
        <line num="354" count="21224" type="stmt"/>
        <line num="356" count="21224" type="stmt"/>
        <line num="357" count="21805" type="stmt"/>
        <line num="359" count="21805" type="stmt"/>
        <line num="364" count="21805" type="cond" truecount="2" falsecount="0"/>
        <line num="365" count="21224" type="stmt"/>
        <line num="368" count="581" type="stmt"/>
        <line num="369" count="581" type="stmt"/>
        <line num="371" count="581" type="stmt"/>
        <line num="377" count="581" type="stmt"/>
        <line num="378" count="581" type="stmt"/>
        <line num="382" count="1972" type="stmt"/>
        <line num="386" count="1972" type="stmt"/>
        <line num="388" count="1972" type="stmt"/>
        <line num="390" count="1972" type="stmt"/>
        <line num="391" count="1972" type="cond" truecount="2" falsecount="0"/>
        <line num="392" count="15" type="stmt"/>
        <line num="393" count="15" type="stmt"/>
        <line num="395" count="15" type="stmt"/>
        <line num="396" count="15" type="cond" truecount="1" falsecount="1"/>
        <line num="397" count="0" type="stmt"/>
        <line num="399" count="15" type="stmt"/>
        <line num="400" count="15" type="stmt"/>
        <line num="402" count="15" type="stmt"/>
        <line num="408" count="15" type="stmt"/>
        <line num="412" count="15" type="stmt"/>
        <line num="414" count="1957" type="stmt"/>
        <line num="419" count="1957" type="stmt"/>
        <line num="421" count="1957" type="stmt"/>
        <line num="422" count="1957" type="stmt"/>
        <line num="423" count="18563" type="stmt"/>
        <line num="425" count="1957" type="cond" truecount="2" falsecount="0"/>
        <line num="426" count="1659" type="stmt"/>
        <line num="433" count="298" type="stmt"/>
        <line num="435" count="298" type="stmt"/>
        <line num="437" count="298" type="stmt"/>
        <line num="443" count="298" type="stmt"/>
        <line num="444" count="298" type="stmt"/>
        <line num="448" count="1163" type="stmt"/>
        <line num="449" count="1163" type="stmt"/>
        <line num="450" count="1163" type="cond" truecount="2" falsecount="0"/>
        <line num="451" count="2" type="stmt"/>
        <line num="452" count="2" type="stmt"/>
        <line num="453" count="2" type="stmt"/>
        <line num="458" count="2" type="stmt"/>
        <line num="462" count="2" type="stmt"/>
        <line num="464" count="1161" type="stmt"/>
        <line num="469" count="0" type="stmt"/>
        <line num="472" count="96" type="stmt"/>
      </file>
      <file name="parser.funcs.ts" path="/home/runner/work/rocco/rocco/core/parser.funcs.ts">
        <metrics statements="475" coveredstatements="428" conditionals="272" coveredconditionals="225" methods="47" coveredmethods="46"/>
        <line num="2" count="15" type="stmt"/>
        <line num="34" count="15" type="stmt"/>
        <line num="36" count="15" type="stmt"/>
        <line num="41" count="15" type="stmt"/>
        <line num="48" count="13" type="stmt"/>
        <line num="52" count="276" type="cond" truecount="1" falsecount="1"/>
        <line num="53" count="0" type="stmt"/>
        <line num="55" count="276" type="stmt"/>
        <line num="58" count="96" type="stmt"/>
        <line num="70" count="3098" type="stmt"/>
        <line num="71" count="9218" type="stmt"/>
        <line num="72" count="3098" type="stmt"/>
        <line num="76" count="3251" type="stmt"/>
        <line num="77" count="3251" type="cond" truecount="2" falsecount="0"/>
        <line num="80" count="3225" type="stmt"/>
        <line num="81" count="3225" type="stmt"/>
        <line num="82" count="17937" type="stmt"/>
        <line num="84" count="3225" type="stmt"/>
        <line num="87" count="3012" type="stmt"/>
        <line num="88" count="3012" type="stmt"/>
        <line num="89" count="9036" type="stmt"/>
        <line num="91" count="3012" type="stmt"/>
        <line num="95" count="2433" type="stmt"/>
        <line num="96" count="12039" type="stmt"/>
        <line num="97" count="2433" type="stmt"/>
        <line num="100" count="2413" type="stmt"/>
        <line num="101" count="2413" type="cond" truecount="2" falsecount="0"/>
        <line num="105" count="2973" type="stmt"/>
        <line num="106" count="2973" type="cond" truecount="2" falsecount="0"/>
        <line num="107" count="1122" type="stmt"/>
        <line num="113" count="1851" type="stmt"/>
        <line num="114" count="1851" type="cond" truecount="2" falsecount="0"/>
        <line num="115" count="474" type="stmt"/>
        <line num="117" count="1377" type="cond" truecount="2" falsecount="0"/>
        <line num="118" count="507" type="stmt"/>
        <line num="120" count="870" type="stmt"/>
        <line num="127" count="1762" type="stmt"/>
        <line num="130" count="1762" type="cond" truecount="10" falsecount="0"/>
        <line num="143" count="1762" type="stmt"/>
        <line num="147" count="129" type="stmt"/>
        <line num="151" count="1633" type="cond" truecount="3" falsecount="0"/>
        <line num="159" count="802" type="stmt"/>
        <line num="161" count="40" type="cond" truecount="2" falsecount="0"/>
        <line num="167" count="728" type="stmt"/>
        <line num="169" count="728" type="stmt"/>
        <line num="170" count="728" type="stmt"/>
        <line num="174" count="728" type="stmt"/>
        <line num="175" count="728" type="stmt"/>
        <line num="177" count="728" type="stmt"/>
        <line num="179" count="728" type="stmt"/>
        <line num="180" count="1529" type="stmt"/>
        <line num="182" count="1529" type="stmt"/>
        <line num="184" count="1529" type="stmt"/>
        <line num="186" count="1529" type="stmt"/>
        <line num="188" count="1529" type="stmt"/>
        <line num="190" count="1529" type="stmt"/>
        <line num="192" count="1529" type="stmt"/>
        <line num="194" count="1529" type="cond" truecount="2" falsecount="0"/>
        <line num="195" count="40" type="stmt"/>
        <line num="196" count="40" type="stmt"/>
        <line num="197" count="1489" type="cond" truecount="2" falsecount="0"/>
        <line num="198" count="64" type="cond" truecount="1" falsecount="1"/>
        <line num="199" count="0" type="stmt"/>
        <line num="201" count="64" type="stmt"/>
        <line num="202" count="64" type="stmt"/>
        <line num="206" count="64" type="stmt"/>
        <line num="207" count="1425" type="cond" truecount="2" falsecount="0"/>
        <line num="208" count="234" type="stmt"/>
        <line num="210" count="234" type="cond" truecount="2" falsecount="0"/>
        <line num="211" count="2" type="cond" truecount="1" falsecount="1"/>
        <line num="212" count="0" type="stmt"/>
        <line num="214" count="2" type="cond" truecount="1" falsecount="1"/>
        <line num="215" count="0" type="stmt"/>
        <line num="219" count="2" type="cond" truecount="1" falsecount="1"/>
        <line num="223" count="2" type="stmt"/>
        <line num="225" count="0" type="stmt"/>
        <line num="231" count="232" type="stmt"/>
        <line num="242" count="1191" type="cond" truecount="1" falsecount="1"/>
        <line num="243" count="0" type="cond" truecount="0" falsecount="2"/>
        <line num="244" count="0" type="stmt"/>
        <line num="246" count="0" type="stmt"/>
        <line num="247" count="1191" type="cond" truecount="4" falsecount="0"/>
        <line num="248" count="20" type="cond" truecount="2" falsecount="0"/>
        <line num="249" count="2" type="stmt"/>
        <line num="251" count="18" type="stmt"/>
        <line num="252" count="18" type="stmt"/>
        <line num="253" count="1171" type="cond" truecount="1" falsecount="1"/>
        <line num="254" count="0" type="stmt"/>
        <line num="256" count="1171" type="cond" truecount="1" falsecount="1"/>
        <line num="257" count="0" type="stmt"/>
        <line num="259" count="1171" type="cond" truecount="1" falsecount="1"/>
        <line num="260" count="0" type="stmt"/>
        <line num="262" count="1171" type="cond" truecount="2" falsecount="0"/>
        <line num="263" count="428" type="cond" truecount="1" falsecount="1"/>
        <line num="264" count="0" type="stmt"/>
        <line num="266" count="428" type="stmt"/>
        <line num="270" count="428" type="stmt"/>
        <line num="271" count="428" type="stmt"/>
        <line num="272" count="743" type="cond" truecount="2" falsecount="0"/>
        <line num="273" count="16" type="cond" truecount="1" falsecount="1"/>
        <line num="274" count="0" type="stmt"/>
        <line num="278" count="16" type="stmt"/>
        <line num="279" count="16" type="stmt"/>
        <line num="280" count="727" type="cond" truecount="2" falsecount="0"/>
        <line num="281" count="1" type="cond" truecount="1" falsecount="1"/>
        <line num="282" count="0" type="stmt"/>
        <line num="284" count="1" type="stmt"/>
        <line num="285" count="1" type="stmt"/>
        <line num="287" count="726" type="stmt"/>
        <line num="291" count="726" type="cond" truecount="2" falsecount="0"/>
        <line num="297" count="2" type="stmt"/>
        <line num="300" count="724" type="cond" truecount="2" falsecount="0"/>
        <line num="301" count="16" type="cond" truecount="2" falsecount="0"/>
        <line num="302" count="2" type="stmt"/>
        <line num="304" count="14" type="stmt"/>
        <line num="307" count="722" type="cond" truecount="2" falsecount="0"/>
        <line num="308" count="36" type="cond" truecount="2" falsecount="0"/>
        <line num="309" count="2" type="stmt"/>
        <line num="311" count="34" type="stmt"/>
        <line num="316" count="720" type="cond" truecount="2" falsecount="0"/>
        <line num="317" count="1" type="stmt"/>
        <line num="320" count="719" type="stmt"/>
        <line num="325" count="719" type="stmt"/>
        <line num="353" count="823" type="stmt"/>
        <line num="354" count="823" type="cond" truecount="2" falsecount="0"/>
        <line num="355" count="741" type="stmt"/>
        <line num="357" count="82" type="stmt"/>
        <line num="359" count="82" type="stmt"/>
        <line num="360" count="82" type="stmt"/>
        <line num="361" count="86" type="stmt"/>
        <line num="362" count="86" type="cond" truecount="2" falsecount="0"/>
        <line num="363" count="4" type="stmt"/>
        <line num="364" count="4" type="stmt"/>
        <line num="366" count="82" type="stmt"/>
        <line num="370" count="82" type="cond" truecount="1" falsecount="1"/>
        <line num="371" count="0" type="stmt"/>
        <line num="373" count="82" type="stmt"/>
        <line num="375" count="82" type="stmt"/>
        <line num="377" count="82" type="stmt"/>
        <line num="378" count="81" type="stmt"/>
        <line num="383" count="81" type="stmt"/>
        <line num="387" count="81" type="stmt"/>
        <line num="388" count="81" type="stmt"/>
        <line num="391" count="82" type="stmt"/>
        <line num="395" count="741" type="stmt"/>
        <line num="397" count="741" type="stmt"/>
        <line num="400" count="740" type="cond" truecount="2" falsecount="0"/>
        <line num="401" count="53" type="stmt"/>
        <line num="404" count="52" type="stmt"/>
        <line num="409" count="687" type="stmt"/>
        <line num="412" count="687" type="stmt"/>
        <line num="421" count="741" type="stmt"/>
        <line num="423" count="741" type="stmt"/>
        <line num="425" count="741" type="stmt"/>
        <line num="426" count="1654" type="stmt"/>
        <line num="429" count="1654" type="cond" truecount="2" falsecount="0"/>
        <line num="432" count="1654" type="cond" truecount="2" falsecount="0"/>
        <line num="433" count="192" type="stmt"/>
        <line num="435" count="192" type="stmt"/>
        <line num="437" count="192" type="cond" truecount="2" falsecount="0"/>
        <line num="450" count="174" type="cond" truecount="1" falsecount="1"/>
        <line num="456" count="174" type="stmt"/>
        <line num="461" count="173" type="stmt"/>
        <line num="462" count="173" type="cond" truecount="1" falsecount="1"/>
        <line num="463" count="0" type="stmt"/>
        <line num="465" count="173" type="stmt"/>
        <line num="467" count="173" type="stmt"/>
        <line num="468" count="173" type="stmt"/>
        <line num="469" count="173" type="stmt"/>
        <line num="476" count="173" type="stmt"/>
        <line num="480" count="173" type="stmt"/>
        <line num="483" count="0" type="stmt"/>
        <line num="487" count="18" type="stmt"/>
        <line num="489" count="18" type="cond" truecount="1" falsecount="1"/>
        <line num="490" count="0" type="stmt"/>
        <line num="492" count="18" type="stmt"/>
        <line num="494" count="1462" type="cond" truecount="2" falsecount="0"/>
        <line num="495" count="45" type="stmt"/>
        <line num="500" count="45" type="stmt"/>
        <line num="501" count="45" type="cond" truecount="2" falsecount="0"/>
        <line num="503" count="1" type="stmt"/>
        <line num="505" count="1" type="cond" truecount="1" falsecount="1"/>
        <line num="506" count="0" type="stmt"/>
        <line num="507" count="0" type="stmt"/>
        <line num="509" count="1" type="stmt"/>
        <line num="511" count="44" type="cond" truecount="2" falsecount="0"/>
        <line num="512" count="40" type="stmt"/>
        <line num="515" count="45" type="stmt"/>
        <line num="516" count="45" type="cond" truecount="1" falsecount="1"/>
        <line num="517" count="0" type="stmt"/>
        <line num="519" count="45" type="stmt"/>
        <line num="521" count="45" type="stmt"/>
        <line num="523" count="45" type="stmt"/>
        <line num="524" count="45" type="stmt"/>
        <line num="530" count="45" type="stmt"/>
        <line num="534" count="45" type="stmt"/>
        <line num="536" count="1417" type="cond" truecount="2" falsecount="0"/>
        <line num="537" count="677" type="stmt"/>
        <line num="538" count="677" type="stmt"/>
        <line num="541" count="677" type="stmt"/>
        <line num="544" count="677" type="stmt"/>
        <line num="554" count="677" type="stmt"/>
        <line num="559" count="677" type="stmt"/>
        <line num="563" count="740" type="cond" truecount="2" falsecount="0"/>
        <line num="564" count="46" type="stmt"/>
        <line num="566" count="45" type="stmt"/>
        <line num="569" count="694" type="stmt"/>
        <line num="570" count="694" type="cond" truecount="2" falsecount="0"/>
        <line num="571" count="7" type="stmt"/>
        <line num="573" count="7" type="stmt"/>
        <line num="576" count="687" type="stmt"/>
        <line num="578" count="687" type="stmt"/>
        <line num="588" count="37" type="stmt"/>
        <line num="589" count="37" type="stmt"/>
        <line num="590" count="37" type="stmt"/>
        <line num="591" count="45" type="stmt"/>
        <line num="593" count="37" type="cond" truecount="1" falsecount="1"/>
        <line num="594" count="0" type="stmt"/>
        <line num="596" count="37" type="cond" truecount="1" falsecount="1"/>
        <line num="597" count="0" type="stmt"/>
        <line num="600" count="37" type="stmt"/>
        <line num="602" count="36" type="cond" truecount="1" falsecount="1"/>
        <line num="603" count="0" type="stmt"/>
        <line num="606" count="36" type="stmt"/>
        <line num="610" count="36" type="stmt"/>
        <line num="615" count="248" type="stmt"/>
        <line num="616" count="248" type="stmt"/>
        <line num="617" count="248" type="stmt"/>
        <line num="618" count="249" type="stmt"/>
        <line num="620" count="248" type="stmt"/>
        <line num="622" count="248" type="cond" truecount="2" falsecount="2"/>
        <line num="623" count="0" type="stmt"/>
        <line num="627" count="248" type="cond" truecount="1" falsecount="1"/>
        <line num="628" count="0" type="stmt"/>
        <line num="631" count="248" type="cond" truecount="2" falsecount="0"/>
        <line num="633" count="9" type="stmt"/>
        <line num="634" count="9" type="stmt"/>
        <line num="636" count="239" type="stmt"/>
        <line num="637" count="239" type="stmt"/>
        <line num="642" count="129" type="cond" truecount="1" falsecount="1"/>
        <line num="643" count="0" type="stmt"/>
        <line num="644" count="0" type="stmt"/>
        <line num="647" count="129" type="stmt"/>
        <line num="648" count="129" type="stmt"/>
        <line num="649" count="129" type="stmt"/>
        <line num="650" count="250" type="cond" truecount="2" falsecount="0"/>
        <line num="651" count="1" type="stmt"/>
        <line num="652" count="1" type="stmt"/>
        <line num="653" count="1" type="stmt"/>
        <line num="656" count="249" type="stmt"/>
        <line num="657" count="248" type="stmt"/>
        <line num="659" count="248" type="cond" truecount="2" falsecount="0"/>
        <line num="660" count="121" type="stmt"/>
        <line num="662" count="127" type="stmt"/>
        <line num="665" count="128" type="stmt"/>
        <line num="670" count="194" type="stmt"/>
        <line num="672" count="193" type="stmt"/>
        <line num="674" count="194" type="stmt"/>
        <line num="675" count="194" type="cond" truecount="1" falsecount="1"/>
        <line num="676" count="0" type="stmt"/>
        <line num="678" count="194" type="stmt"/>
        <line num="681" count="193" type="stmt"/>
        <line num="686" count="435" type="stmt"/>
        <line num="688" count="435" type="cond" truecount="2" falsecount="0"/>
        <line num="689" count="1" type="stmt"/>
        <line num="693" count="434" type="stmt"/>
        <line num="694" count="434" type="stmt"/>
        <line num="695" count="434" type="stmt"/>
        <line num="696" count="434" type="stmt"/>
        <line num="698" count="434" type="stmt"/>
        <line num="700" count="434" type="cond" truecount="1" falsecount="1"/>
        <line num="701" count="0" type="stmt"/>
        <line num="704" count="434" type="cond" truecount="2" falsecount="0"/>
        <line num="709" count="279" type="stmt"/>
        <line num="712" count="279" type="stmt"/>
        <line num="717" count="279" type="stmt"/>
        <line num="718" count="279" type="stmt"/>
        <line num="719" count="279" type="stmt"/>
        <line num="720" count="283" type="stmt"/>
        <line num="721" count="283" type="stmt"/>
        <line num="723" count="283" type="stmt"/>
        <line num="725" count="283" type="stmt"/>
        <line num="728" count="279" type="stmt"/>
        <line num="729" count="177" type="cond" truecount="2" falsecount="0"/>
        <line num="730" count="173" type="stmt"/>
        <line num="732" count="173" type="stmt"/>
        <line num="734" count="173" type="cond" truecount="1" falsecount="1"/>
        <line num="735" count="0" type="stmt"/>
        <line num="737" count="173" type="cond" truecount="1" falsecount="1"/>
        <line num="738" count="0" type="stmt"/>
        <line num="741" count="173" type="cond" truecount="1" falsecount="1"/>
        <line num="742" count="0" type="stmt"/>
        <line num="745" count="173" type="stmt"/>
        <line num="747" count="173" type="stmt"/>
        <line num="751" count="173" type="stmt"/>
        <line num="756" count="173" type="stmt"/>
        <line num="757" count="4" type="cond" truecount="1" falsecount="1"/>
        <line num="758" count="4" type="stmt"/>
        <line num="760" count="4" type="stmt"/>
        <line num="761" count="4" type="stmt"/>
        <line num="763" count="4" type="cond" truecount="1" falsecount="1"/>
        <line num="764" count="0" type="stmt"/>
        <line num="765" count="0" type="stmt"/>
        <line num="768" count="4" type="stmt"/>
        <line num="769" count="4" type="stmt"/>
        <line num="773" count="4" type="stmt"/>
        <line num="778" count="279" type="stmt"/>
        <line num="780" count="278" type="stmt"/>
        <line num="782" count="278" type="stmt"/>
        <line num="787" count="155" type="stmt"/>
        <line num="790" count="155" type="stmt"/>
        <line num="791" count="155" type="stmt"/>
        <line num="793" count="155" type="cond" truecount="1" falsecount="1"/>
        <line num="794" count="0" type="stmt"/>
        <line num="799" count="155" type="cond" truecount="2" falsecount="0"/>
        <line num="800" count="1" type="stmt"/>
        <line num="803" count="154" type="cond" truecount="2" falsecount="0"/>
        <line num="804" count="1" type="stmt"/>
        <line num="807" count="153" type="cond" truecount="1" falsecount="1"/>
        <line num="812" count="0" type="stmt"/>
        <line num="816" count="153" type="stmt"/>
        <line num="822" count="153" type="cond" truecount="1" falsecount="1"/>
        <line num="823" count="0" type="stmt"/>
        <line num="826" count="153" type="stmt"/>
        <line num="828" count="153" type="stmt"/>
        <line num="829" count="230" type="stmt"/>
        <line num="830" count="230" type="cond" truecount="2" falsecount="0"/>
        <line num="831" count="1" type="stmt"/>
        <line num="833" count="229" type="stmt"/>
        <line num="838" count="152" type="stmt"/>
[...]
        <line num="1132" count="3" type="stmt"/>
        <line num="1133" count="3" type="stmt"/>
        <line num="1135" count="3" type="stmt"/>
        <line num="1138" count="3" type="stmt"/>
        <line num="1142" count="3" type="stmt"/>
        <line num="1143" count="510" type="cond" truecount="2" falsecount="0"/>
        <line num="1144" count="155" type="stmt"/>
        <line num="1146" count="155" type="stmt"/>
        <line num="1150" count="155" type="stmt"/>
        <line num="1152" count="155" type="stmt"/>
        <line num="1156" count="155" type="stmt"/>
        <line num="1160" count="155" type="stmt"/>
        <line num="1162" count="355" type="stmt"/>
        <line num="1163" count="355" type="cond" truecount="1" falsecount="1"/>
        <line num="1164" count="0" type="stmt"/>
        <line num="1166" count="355" type="stmt"/>
        <line num="1168" count="355" type="stmt"/>
        <line num="1172" count="355" type="stmt"/>
        <line num="1176" count="355" type="stmt"/>
        <line num="1181" count="291" type="stmt"/>
        <line num="1183" count="291" type="cond" truecount="2" falsecount="0"/>
        <line num="1184" count="803" type="cond" truecount="2" falsecount="0"/>
        <line num="1185" count="140" type="stmt"/>
        <line num="1186" count="140" type="stmt"/>
        <line num="1188" count="663" type="stmt"/>
        <line num="1189" count="663" type="stmt"/>
        <line num="1193" count="290" type="stmt"/>
        <line num="1196" count="96" type="stmt"/>
      </file>
      <file name="parser.symboltable.ts" path="/home/runner/work/rocco/rocco/core/parser.symboltable.ts">
        <metrics statements="65" coveredstatements="58" conditionals="23" coveredconditionals="16" methods="13" coveredmethods="13"/>
        <line num="9" count="15" type="stmt"/>
        <line num="11" count="15" type="stmt"/>
        <line num="15" count="15" type="stmt"/>
        <line num="16" count="96" type="stmt"/>
        <line num="21" count="96" type="stmt"/>
        <line num="23" count="96" type="stmt"/>
        <line num="25" count="96" type="stmt"/>
        <line num="27" count="15" type="stmt"/>
        <line num="28" count="433" type="stmt"/>
        <line num="31" count="15" type="stmt"/>
        <line num="32" count="157" type="stmt"/>
        <line num="34" count="157" type="cond" truecount="1" falsecount="1"/>
        <line num="35" count="0" type="stmt"/>
        <line num="37" count="157" type="stmt"/>
        <line num="40" count="15" type="stmt"/>
        <line num="41" count="887" type="stmt"/>
        <line num="42" count="887" type="cond" truecount="2" falsecount="0"/>
        <line num="45" count="1757" type="stmt"/>
        <line num="48" count="1" type="stmt"/>
        <line num="49" count="1" type="cond" truecount="1" falsecount="1"/>
        <line num="50" count="0" type="stmt"/>
        <line num="55" count="1" type="stmt"/>
        <line num="60" count="886" type="stmt"/>
        <line num="62" count="886" type="cond" truecount="2" falsecount="0"/>
        <line num="67" count="470" type="stmt"/>
        <line num="69" count="416" type="stmt"/>
        <line num="72" count="886" type="stmt"/>
        <line num="76" count="15" type="stmt"/>
        <line num="77" count="11" type="stmt"/>
        <line num="80" count="15" type="stmt"/>
        <line num="81" count="54" type="stmt"/>
        <line num="82" count="54" type="cond" truecount="1" falsecount="1"/>
        <line num="83" count="0" type="stmt"/>
        <line num="87" count="15" type="stmt"/>
        <line num="88" count="151" type="stmt"/>
        <line num="89" count="151" type="cond" truecount="1" falsecount="1"/>
        <line num="90" count="0" type="stmt"/>
        <line num="92" count="151" type="stmt"/>
        <line num="93" count="151" type="stmt"/>
        <line num="94" count="151" type="cond" truecount="1" falsecount="1"/>
        <line num="95" count="0" type="stmt"/>
        <line num="99" count="151" type="stmt"/>
        <line num="114" count="15" type="stmt"/>
        <line num="115" count="34259" type="stmt"/>
        <line num="116" count="87272" type="stmt"/>
        <line num="117" count="87272" type="cond" truecount="2" falsecount="0"/>
        <line num="118" count="3061" type="stmt"/>
        <line num="122" count="474" type="stmt"/>
        <line num="125" count="15" type="stmt"/>
        <line num="126" count="153" type="stmt"/>
        <line num="127" count="153" type="cond" truecount="1" falsecount="1"/>
        <line num="128" count="0" type="stmt"/>
        <line num="130" count="559" type="stmt"/>
        <line num="131" count="559" type="cond" truecount="1" falsecount="1"/>
        <line num="132" count="0" type="stmt"/>
        <line num="135" count="153" type="stmt"/>
        <line num="138" count="96" type="stmt"/>
        <line num="139" count="15" type="stmt"/>
        <line num="140" count="677" type="stmt"/>
        <line num="141" count="677" type="stmt"/>
        <line num="142" count="677" type="stmt"/>
        <line num="145" count="96" type="stmt"/>
        <line num="147" count="15" type="stmt"/>
        <line num="148" count="11" type="stmt"/>
        <line num="150" count="15" type="stmt"/>
      </file>
      <file name="parser.ts" path="/home/runner/work/rocco/rocco/core/parser.ts">
        <metrics statements="20" coveredstatements="20" conditionals="2" coveredconditionals="2" methods="4" coveredmethods="4"/>
        <line num="7" count="11" type="stmt"/>
        <line num="8" count="11" type="stmt"/>
        <line num="10" count="11" type="stmt"/>
        <line num="11" count="16" type="stmt"/>
        <line num="12" count="16" type="stmt"/>
        <line num="13" count="16" type="stmt"/>
        <line num="15" count="16" type="stmt"/>
        <line num="17" count="16" type="stmt"/>
        <line num="18" count="16" type="stmt"/>
        <line num="19" count="305" type="cond" truecount="2" falsecount="0"/>
        <line num="21" count="70" type="stmt"/>
        <line num="22" count="70" type="stmt"/>
        <line num="24" count="235" type="stmt"/>
        <line num="25" count="232" type="stmt"/>
        <line num="28" count="11" type="stmt"/>
        <line num="30" count="11" type="stmt"/>
        <line num="32" count="11" type="stmt"/>
        <line num="36" count="9" type="stmt"/>
        <line num="37" count="9" type="stmt"/>
        <line num="39" count="11" type="stmt"/>
      </file>
      <file name="scanner.func.ts" path="/home/runner/work/rocco/rocco/core/scanner.func.ts">
        <metrics statements="155" coveredstatements="135" conditionals="98" coveredconditionals="86" methods="26" coveredmethods="24"/>
        <line num="1" count="16" type="stmt"/>
        <line num="3" count="16" type="stmt"/>
        <line num="25" count="16" type="stmt"/>
        <line num="41" count="16" type="stmt"/>
        <line num="69" count="16" type="cond" truecount="1" falsecount="1"/>
        <line num="71" count="33856" type="cond" truecount="2" falsecount="0"/>
        <line num="74" count="0" type="stmt"/>
        <line num="77" count="16" type="stmt"/>
        <line num="87" count="16" type="stmt"/>
        <line num="94" count="16" type="stmt"/>
        <line num="97" count="16" type="stmt"/>
        <line num="101" count="16" type="stmt"/>
        <line num="110" count="16" type="stmt"/>
        <line num="174" count="16" type="stmt"/>
        <line num="175" count="100" type="stmt"/>
        <line num="176" count="100" type="stmt"/>
        <line num="179" count="175940" type="stmt"/>
        <line num="182" count="234438" type="cond" truecount="2" falsecount="0"/>
        <line num="185" count="980" type="stmt"/>
        <line num="187" count="100" type="stmt"/>
        <line num="188" count="100" type="stmt"/>
        <line num="189" count="86600" type="cond" truecount="2" falsecount="0"/>
        <line num="190" count="46057" type="stmt"/>
        <line num="192" count="46644" type="cond" truecount="2" falsecount="0"/>
        <line num="193" count="2309" type="stmt"/>
        <line num="194" count="2309" type="stmt"/>
        <line num="196" count="44335" type="stmt"/>
        <line num="198" count="46644" type="stmt"/>
        <line num="202" count="100" type="stmt"/>
        <line num="203" count="100" type="stmt"/>
        <line num="204" count="100" type="stmt"/>
        <line num="206" count="9487" type="stmt"/>
        <line num="207" count="9487" type="stmt"/>
        <line num="208" count="9487" type="stmt"/>
        <line num="211" count="9484" type="stmt"/>
        <line num="214" count="9565" type="stmt"/>
        <line num="222" count="20216" type="cond" truecount="4" falsecount="0"/>
        <line num="226" count="0" type="stmt"/>
        <line num="230" count="9795" type="cond" truecount="2" falsecount="0"/>
        <line num="231" count="10499" type="stmt"/>
        <line num="233" count="9795" type="cond" truecount="4" falsecount="0"/>
        <line num="234" count="25" type="stmt"/>
        <line num="235" count="25" type="stmt"/>
        <line num="236" count="3166" type="cond" truecount="4" falsecount="0"/>
        <line num="237" count="25" type="stmt"/>
        <line num="238" count="25" type="stmt"/>
        <line num="240" count="3141" type="stmt"/>
        <line num="242" count="25" type="stmt"/>
        <line num="245" count="9795" type="cond" truecount="4" falsecount="0"/>
        <line num="246" count="205" type="stmt"/>
        <line num="247" count="205" type="stmt"/>
        <line num="248" count="7404" type="stmt"/>
        <line num="250" count="205" type="stmt"/>
        <line num="255" count="29368" type="stmt"/>
        <line num="260" count="314" type="stmt"/>
        <line num="268" count="30523" type="stmt"/>
        <line num="276" count="3559" type="stmt"/>
        <line num="278" count="3559" type="cond" truecount="2" falsecount="0"/>
        <line num="279" count="18420" type="stmt"/>
        <line num="281" count="3559" type="stmt"/>
        <line num="282" count="3559" type="cond" truecount="1" falsecount="1"/>
        <line num="283" count="0" type="stmt"/>
        <line num="285" count="118090" type="stmt"/>
        <line num="286" count="3559" type="cond" truecount="2" falsecount="0"/>
        <line num="287" count="745" type="stmt"/>
        <line num="292" count="2814" type="stmt"/>
        <line num="301" count="781" type="stmt"/>
        <line num="303" count="781" type="cond" truecount="4" falsecount="0"/>
        <line num="305" count="92" type="stmt"/>
        <line num="306" count="92" type="stmt"/>
        <line num="307" count="222" type="stmt"/>
        <line num="309" count="92" type="stmt"/>
        <line num="310" count="92" type="stmt"/>
        <line num="318" count="689" type="cond" truecount="4" falsecount="0"/>
        <line num="321" count="21" type="stmt"/>
        <line num="322" count="21" type="cond" truecount="2" falsecount="0"/>
        <line num="323" count="58" type="stmt"/>
        <line num="325" count="21" type="stmt"/>
        <line num="326" count="21" type="stmt"/>
        <line num="334" count="668" type="stmt"/>
        <line num="335" count="668" type="stmt"/>
        <line num="336" count="1464" type="cond" truecount="2" falsecount="0"/>
        <line num="337" count="3" type="cond" truecount="1" falsecount="1"/>
        <line num="338" count="3" type="stmt"/>
        <line num="339" count="3" type="stmt"/>
        <line num="341" count="0" type="stmt"/>
        <line num="343" count="1461" type="cond" truecount="2" falsecount="0"/>
        <line num="344" count="793" type="stmt"/>
        <line num="346" count="668" type="stmt"/>
        <line num="349" count="668" type="stmt"/>
        <line num="350" count="668" type="cond" truecount="2" falsecount="0"/>
        <line num="351" count="3" type="stmt"/>
        <line num="358" count="665" type="stmt"/>
        <line num="368" count="1" type="stmt"/>
        <line num="369" count="1" type="stmt"/>
        <line num="370" count="1" type="stmt"/>
        <line num="371" count="1" type="cond" truecount="1" falsecount="1"/>
        <line num="372" count="0" type="stmt"/>
        <line num="374" count="1" type="stmt"/>
        <line num="375" count="1" type="cond" truecount="1" falsecount="1"/>
        <line num="376" count="0" type="stmt"/>
        <line num="378" count="1" type="stmt"/>
        <line num="379" count="1" type="stmt"/>
        <line num="388" count="0" type="stmt"/>
        <line num="389" count="0" type="stmt"/>
        <line num="390" count="0" type="stmt"/>
        <line num="391" count="0" type="stmt"/>
        <line num="393" count="0" type="stmt"/>
        <line num="394" count="0" type="stmt"/>
        <line num="395" count="0" type="stmt"/>
        <line num="403" count="5146" type="stmt"/>
        <line num="405" count="5146" type="cond" truecount="5" falsecount="0"/>
        <line num="407" count="2" type="stmt"/>
        <line num="408" count="2" type="stmt"/>
        <line num="415" count="5144" type="stmt"/>
        <line num="416" count="236624" type="stmt"/>
        <line num="417" count="5144" type="stmt"/>
        <line num="418" count="6518" type="stmt"/>
        <line num="419" count="6518" type="stmt"/>
        <line num="421" count="234827" type="cond" truecount="2" falsecount="0"/>
        <line num="424" count="6518" type="cond" truecount="2" falsecount="0"/>
        <line num="425" count="1159" type="cond" truecount="1" falsecount="1"/>
        <line num="427" count="1159" type="cond" truecount="1" falsecount="1"/>
        <line num="428" count="0" type="stmt"/>
        <line num="430" count="1159" type="stmt"/>
        <line num="431" count="2704" type="stmt"/>
        <line num="433" count="1159" type="cond" truecount="1" falsecount="1"/>
        <line num="434" count="1159" type="stmt"/>
        <line num="435" count="1159" type="cond" truecount="1" falsecount="1"/>
        <line num="436" count="0" type="stmt"/>
        <line num="438" count="1159" type="stmt"/>
        <line num="445" count="0" type="stmt"/>
        <line num="448" count="5359" type="cond" truecount="2" falsecount="0"/>
        <line num="449" count="3985" type="stmt"/>
        <line num="450" count="3985" type="cond" truecount="1" falsecount="1"/>
        <line num="451" count="0" type="stmt"/>
        <line num="452" count="0" type="stmt"/>
        <line num="454" count="3985" type="stmt"/>
        <line num="460" count="1374" type="stmt"/>
        <line num="465" count="9565" type="stmt"/>
        <line num="467" count="9565" type="cond" truecount="2" falsecount="0"/>
        <line num="468" count="78" type="stmt"/>
        <line num="474" count="9487" type="cond" truecount="2" falsecount="0"/>
        <line num="475" count="3559" type="stmt"/>
        <line num="478" count="5928" type="cond" truecount="2" falsecount="0"/>
        <line num="479" count="781" type="stmt"/>
        <line num="482" count="5147" type="cond" truecount="2" falsecount="0"/>
        <line num="483" count="1" type="stmt"/>
        <line num="485" count="5146" type="cond" truecount="1" falsecount="1"/>
        <line num="486" count="0" type="stmt"/>
        <line num="489" count="5146" type="stmt"/>
        <line num="490" count="5146" type="cond" truecount="1" falsecount="1"/>
        <line num="491" count="5146" type="stmt"/>
        <line num="494" count="0" type="stmt"/>
        <line num="497" count="100" type="stmt"/>
      </file>
      <file name="scanner.ts" path="/home/runner/work/rocco/rocco/core/scanner.ts">
        <metrics statements="20" coveredstatements="20" conditionals="2" coveredconditionals="2" methods="6" coveredmethods="6"/>
        <line num="3" count="16" type="stmt"/>
        <line num="5" count="100" type="stmt"/>
        <line num="6" count="100" type="stmt"/>
        <line num="9" count="16" type="stmt"/>
        <line num="10" count="82160" type="stmt"/>
        <line num="13" count="100" type="stmt"/>
        <line num="15" count="16" type="stmt"/>
        <line num="16" count="9798" type="stmt"/>
        <line num="18" count="9798" type="cond" truecount="2" falsecount="0"/>
        <line num="26" count="9798" type="stmt"/>
        <line num="29" count="16" type="stmt"/>
        <line num="30" count="403" type="stmt"/>
        <line num="31" count="403" type="stmt"/>
        <line num="34" count="16" type="stmt"/>
        <line num="35" count="309" type="stmt"/>
        <line num="36" count="309" type="stmt"/>
        <line num="37" count="309" type="stmt"/>
        <line num="38" count="309" type="stmt"/>
        <line num="39" count="309" type="stmt"/>
        <line num="72" count="16" type="stmt"/>
      </file>
      <file name="testsnapshot.ts" path="/home/runner/work/rocco/rocco/core/testsnapshot.ts">
        <metrics statements="12" coveredstatements="9" conditionals="4" coveredconditionals="3" methods="5" coveredmethods="3"/>
        <line num="1" count="3" type="stmt"/>
        <line num="3" count="3" type="stmt"/>
        <line num="7" count="29" type="cond" truecount="2" falsecount="0"/>
        <line num="10" count="17" type="stmt"/>
        <line num="19" count="17" type="cond" truecount="1" falsecount="1"/>
        <line num="20" count="17" type="stmt"/>
        <line num="25" count="1912" type="stmt"/>
        <line num="26" count="1895" type="stmt"/>
        <line num="29" count="17" type="stmt"/>
        <line num="31" count="0" type="stmt"/>
        <line num="36" count="0" type="stmt"/>
        <line num="41" count="0" type="stmt"/>
      </file>
    </package>
    <package name="emittertests">
      <metrics statements="40" coveredstatements="30" conditionals="8" coveredconditionals="1" methods="8" coveredmethods="5"/>
      <file name="funcs.ts" path="/home/runner/work/rocco/rocco/emittertests/funcs.ts">
        <metrics statements="40" coveredstatements="30" conditionals="8" coveredconditionals="1" methods="8" coveredmethods="5"/>
        <line num="1" count="9" type="stmt"/>
        <line num="2" count="9" type="stmt"/>
        <line num="3" count="9" type="stmt"/>
        <line num="4" count="9" type="stmt"/>
        <line num="5" count="9" type="stmt"/>
        <line num="6" count="9" type="stmt"/>
        <line num="9" count="0" type="stmt"/>
        <line num="16" count="0" type="stmt"/>
        <line num="25" count="9" type="stmt"/>
        <line num="26" count="27" type="stmt"/>
        <line num="28" count="9" type="stmt"/>
        <line num="29" count="9" type="stmt"/>
        <line num="33" count="9" type="stmt"/>
        <line num="35" count="9" type="stmt"/>
        <line num="37" count="9" type="stmt"/>
        <line num="39" count="9" type="stmt"/>
        <line num="42" count="9" type="stmt"/>
        <line num="43" count="9" type="stmt"/>
        <line num="45" count="9" type="stmt"/>
        <line num="46" count="9" type="stmt"/>
        <line num="47" count="9" type="stmt"/>
        <line num="48" count="9" type="stmt"/>
        <line num="50" count="0" type="stmt"/>
        <line num="52" count="0" type="stmt"/>
        <line num="56" count="0" type="stmt"/>
        <line num="57" count="0" type="stmt"/>
        <line num="61" count="9" type="stmt"/>
        <line num="69" count="9" type="stmt"/>
        <line num="70" count="9" type="cond" truecount="1" falsecount="1"/>
        <line num="71" count="0" type="stmt"/>
        <line num="73" count="0" type="stmt"/>
        <line num="78" count="9" type="stmt"/>
        <line num="81" count="9" type="stmt"/>
        <line num="83" count="9" type="stmt"/>
        <line num="87" count="9" type="stmt"/>
        <line num="89" count="9" type="stmt"/>
        <line num="91" count="9" type="stmt"/>
        <line num="93" count="9" type="stmt"/>
        <line num="101" count="0" type="stmt"/>
        <line num="102" count="0" type="stmt"/>
      </file>
    </package>
  </project>
</coverage>
