{"/home/runner/work/rocco/rocco/core/assertNever.ts": {"path":"/home/runner/work/rocco/rocco/core/assertNever.ts","statementMap":{"0":{"start":{"line":2,"column":2},"end":{"line":2,"column":45}},"1":{"start":{"line":1,"column":0},"end":{"line":1,"column":16}}},"fnMap":{"0":{"name":"assertNever","decl":{"start":{"line":1,"column":16},"end":{"line":1,"column":27}},"loc":{"start":{"line":1,"column":36},"end":{"line":3,"column":1}}}},"branchMap":{},"s":{"0":0,"1":11},"f":{"0":0},"b":{}}
,"/home/runner/work/rocco/rocco/core/emitter.expressionsandtypes.ts": {"path":"/home/runner/work/rocco/rocco/core/emitter.expressionsandtypes.ts","statementMap":{"0":{"start":{"line":3,"column":0},"end":{"line":3,"column":44}},"1":{"start":{"line":5,"column":0},"end":{"line":5,"column":57}},"2":{"start":{"line":6,"column":0},"end":{"line":6,"column":69}},"3":{"start":{"line":7,"column":0},"end":{"line":7,"column":44}},"4":{"start":{"line":36,"column":50},"end":{"line":36,"column":58}},"5":{"start":{"line":39,"column":4},"end":{"line":39,"column":29}},"6":{"start":{"line":42,"column":38},"end":{"line":103,"column":3}},"7":{"start":{"line":46,"column":23},"end":{"line":46,"column":53}},"8":{"start":{"line":46,"column":52},"end":{"line":49,"column":7}},"9":{"start":{"line":50,"column":36},"end":{"line":52,"column":6}},"10":{"start":{"line":53,"column":27},"end":{"line":53,"column":70}},"11":{"start":{"line":53,"column":69},"end":{"line":56,"column":7}},"12":{"start":{"line":58,"column":4},"end":{"line":102,"column":null}},"13":{"start":{"line":59,"column":6},"end":{"line":65,"column":null}},"14":{"start":{"line":60,"column":8},"end":{"line":60,"column":29}},"15":{"start":{"line":61,"column":13},"end":{"line":65,"column":null}},"16":{"start":{"line":62,"column":8},"end":{"line":62,"column":29}},"17":{"start":{"line":64,"column":8},"end":{"line":64,"column":45}},"18":{"start":{"line":66,"column":11},"end":{"line":102,"column":null}},"19":{"start":{"line":67,"column":26},"end":{"line":67,"column":64}},"20":{"start":{"line":69,"column":6},"end":{"line":71,"column":null}},"21":{"start":{"line":70,"column":8},"end":{"line":70,"column":29}},"22":{"start":{"line":72,"column":6},"end":{"line":74,"column":null}},"23":{"start":{"line":73,"column":8},"end":{"line":73,"column":58}},"24":{"start":{"line":76,"column":19},"end":{"line":76,"column":51}},"25":{"start":{"line":78,"column":6},"end":{"line":85,"column":null}},"26":{"start":{"line":79,"column":8},"end":{"line":79,"column":64}},"27":{"start":{"line":81,"column":8},"end":{"line":84,"column":10}},"28":{"start":{"line":86,"column":11},"end":{"line":102,"column":null}},"29":{"start":{"line":87,"column":6},"end":{"line":87,"column":43}},"30":{"start":{"line":88,"column":11},"end":{"line":102,"column":null}},"31":{"start":{"line":92,"column":6},"end":{"line":95,"column":8}},"32":{"start":{"line":96,"column":11},"end":{"line":102,"column":null}},"33":{"start":{"line":97,"column":6},"end":{"line":97,"column":27}},"34":{"start":{"line":98,"column":11},"end":{"line":102,"column":null}},"35":{"start":{"line":99,"column":6},"end":{"line":99,"column":43}},"36":{"start":{"line":101,"column":6},"end":{"line":101,"column":28}},"37":{"start":{"line":105,"column":28},"end":{"line":115,"column":3}},"38":{"start":{"line":106,"column":4},"end":{"line":108,"column":null}},"39":{"start":{"line":107,"column":6},"end":{"line":107,"column":80}},"40":{"start":{"line":109,"column":17},"end":{"line":109,"column":34}},"41":{"start":{"line":110,"column":4},"end":{"line":114,"column":null}},"42":{"start":{"line":111,"column":6},"end":{"line":111,"column":18}},"43":{"start":{"line":113,"column":6},"end":{"line":113,"column":19}},"44":{"start":{"line":117,"column":28},"end":{"line":1216,"column":3}},"45":{"start":{"line":118,"column":4},"end":{"line":1213,"column":null}},"46":{"start":{"line":120,"column":6},"end":{"line":175,"column":null}},"47":{"start":{"line":121,"column":8},"end":{"line":123,"column":null}},"48":{"start":{"line":122,"column":10},"end":{"line":122,"column":58}},"49":{"start":{"line":124,"column":8},"end":{"line":126,"column":null}},"50":{"start":{"line":125,"column":10},"end":{"line":125,"column":59}},"51":{"start":{"line":127,"column":35},"end":{"line":132,"column":10}},"52":{"start":{"line":133,"column":8},"end":{"line":133,"column":44}},"53":{"start":{"line":134,"column":8},"end":{"line":139,"column":10}},"54":{"start":{"line":136,"column":23},"end":{"line":136,"column":null}},"55":{"start":{"line":140,"column":13},"end":{"line":175,"column":null}},"56":{"start":{"line":141,"column":24},"end":{"line":141,"column":34}},"57":{"start":{"line":142,"column":25},"end":{"line":142,"column":36}},"58":{"start":{"line":143,"column":8},"end":{"line":172,"column":null}},"59":{"start":{"line":145,"column":37},"end":{"line":150,"column":12}},"60":{"start":{"line":151,"column":10},"end":{"line":151,"column":46}},"61":{"start":{"line":152,"column":10},"end":{"line":157,"column":12}},"62":{"start":{"line":154,"column":25},"end":{"line":154,"column":null}},"63":{"start":{"line":159,"column":37},"end":{"line":164,"column":12}},"64":{"start":{"line":165,"column":10},"end":{"line":165,"column":46}},"65":{"start":{"line":166,"column":10},"end":{"line":171,"column":12}},"66":{"start":{"line":168,"column":25},"end":{"line":168,"column":null}},"67":{"start":{"line":173,"column":13},"end":{"line":175,"column":null}},"68":{"start":{"line":174,"column":8},"end":{"line":174,"column":58}},"69":{"start":{"line":176,"column":11},"end":{"line":1213,"column":null}},"70":{"start":{"line":177,"column":26},"end":{"line":177,"column":69}},"71":{"start":{"line":178,"column":6},"end":{"line":301,"column":null}},"72":{"start":{"line":179,"column":8},"end":{"line":230,"column":null}},"73":{"start":{"line":183,"column":43},"end":{"line":183,"column":47}},"74":{"start":{"line":184,"column":10},"end":{"line":195,"column":null}},"75":{"start":{"line":189,"column":36},"end":{"line":190,"column":null}},"76":{"start":{"line":192,"column":12},"end":{"line":194,"column":null}},"77":{"start":{"line":193,"column":14},"end":{"line":193,"column":56}},"78":{"start":{"line":196,"column":10},"end":{"line":222,"column":12}},"79":{"start":{"line":200,"column":14},"end":{"line":213,"column":null}},"80":{"start":{"line":215,"column":14},"end":{"line":221,"column":null}},"81":{"start":{"line":223,"column":15},"end":{"line":230,"column":null}},"82":{"start":{"line":227,"column":10},"end":{"line":227,"column":60}},"83":{"start":{"line":229,"column":10},"end":{"line":229,"column":56}},"84":{"start":{"line":231,"column":13},"end":{"line":301,"column":null}},"85":{"start":{"line":232,"column":8},"end":{"line":235,"column":10}},"86":{"start":{"line":236,"column":13},"end":{"line":301,"column":null}},"87":{"start":{"line":237,"column":8},"end":{"line":244,"column":10}},"88":{"start":{"line":242,"column":23},"end":{"line":242,"column":null}},"89":{"start":{"line":243,"column":25},"end":{"line":243,"column":null}},"90":{"start":{"line":245,"column":13},"end":{"line":301,"column":null}},"91":{"start":{"line":246,"column":8},"end":{"line":272,"column":10}},"92":{"start":{"line":250,"column":12},"end":{"line":263,"column":null}},"93":{"start":{"line":265,"column":12},"end":{"line":271,"column":null}},"94":{"start":{"line":273,"column":13},"end":{"line":301,"column":null}},"95":{"start":{"line":274,"column":8},"end":{"line":276,"column":null}},"96":{"start":{"line":275,"column":10},"end":{"line":275,"column":75}},"97":{"start":{"line":278,"column":8},"end":{"line":291,"column":10}},"98":{"start":{"line":283,"column":12},"end":{"line":289,"column":18}},"99":{"start":{"line":292,"column":13},"end":{"line":301,"column":null}},"100":{"start":{"line":296,"column":8},"end":{"line":296,"column":57}},"101":{"start":{"line":297,"column":13},"end":{"line":301,"column":null}},"102":{"start":{"line":298,"column":8},"end":{"line":298,"column":52}},"103":{"start":{"line":300,"column":8},"end":{"line":300,"column":42}},"104":{"start":{"line":302,"column":11},"end":{"line":1213,"column":null}},"105":{"start":{"line":303,"column":21},"end":{"line":303,"column":38}},"106":{"start":{"line":304,"column":20},"end":{"line":304,"column":36}},"107":{"start":{"line":305,"column":25},"end":{"line":305,"column":50}},"108":{"start":{"line":306,"column":24},"end":{"line":306,"column":48}},"109":{"start":{"line":308,"column":6},"end":{"line":310,"column":null}},"110":{"start":{"line":309,"column":8},"end":{"line":309,"column":48}},"111":{"start":{"line":311,"column":6},"end":{"line":316,"column":null}},"112":{"start":{"line":315,"column":8},"end":{"line":315,"column":56}},"113":{"start":{"line":317,"column":6},"end":{"line":417,"column":null}},"114":{"start":{"line":318,"column":29},"end":{"line":318,"column":74}},"115":{"start":{"line":319,"column":8},"end":{"line":324,"column":null}},"116":{"start":{"line":320,"column":10},"end":{"line":323,"column":12}},"117":{"start":{"line":326,"column":8},"end":{"line":328,"column":null}},"118":{"start":{"line":327,"column":10},"end":{"line":327,"column":51}},"119":{"start":{"line":329,"column":32},"end":{"line":329,"column":50}},"120":{"start":{"line":331,"column":8},"end":{"line":333,"column":null}},"121":{"start":{"line":332,"column":10},"end":{"line":332,"column":47}},"122":{"start":{"line":335,"column":30},"end":{"line":335,"column":45}},"123":{"start":{"line":338,"column":10},"end":{"line":340,"column":16}},"124":{"start":{"line":342,"column":39},"end":{"line":348,"column":9}},"125":{"start":{"line":343,"column":27},"end":{"line":345,"column":null}},"126":{"start":{"line":347,"column":10},"end":{"line":347,"column":67}},"127":{"start":{"line":350,"column":33},"end":{"line":350,"column":65}},"128":{"start":{"line":351,"column":37},"end":{"line":358,"column":16}},"129":{"start":{"line":352,"column":18},"end":{"line":352,"column":null}},"130":{"start":{"line":360,"column":8},"end":{"line":365,"column":10}},"131":{"start":{"line":366,"column":13},"end":{"line":417,"column":null}},"132":{"start":{"line":367,"column":29},"end":{"line":367,"column":66}},"133":{"start":{"line":368,"column":8},"end":{"line":370,"column":null}},"134":{"start":{"line":369,"column":10},"end":{"line":369,"column":67}},"135":{"start":{"line":371,"column":8},"end":{"line":373,"column":null}},"136":{"start":{"line":372,"column":10},"end":{"line":372,"column":68}},"137":{"start":{"line":375,"column":8},"end":{"line":377,"column":null}},"138":{"start":{"line":376,"column":10},"end":{"line":376,"column":54}},"139":{"start":{"line":378,"column":40},"end":{"line":378,"column":56}},"140":{"start":{"line":380,"column":8},"end":{"line":382,"column":null}},"141":{"start":{"line":381,"column":10},"end":{"line":381,"column":47}},"142":{"start":{"line":384,"column":30},"end":{"line":384,"column":45}},"143":{"start":{"line":387,"column":10},"end":{"line":389,"column":16}},"144":{"start":{"line":391,"column":39},"end":{"line":397,"column":9}},"145":{"start":{"line":392,"column":27},"end":{"line":394,"column":null}},"146":{"start":{"line":396,"column":10},"end":{"line":396,"column":75}},"147":{"start":{"line":399,"column":33},"end":{"line":399,"column":57}},"148":{"start":{"line":400,"column":37},"end":{"line":407,"column":16}},"149":{"start":{"line":401,"column":18},"end":{"line":401,"column":null}},"150":{"start":{"line":409,"column":8},"end":{"line":414,"column":10}},"151":{"start":{"line":416,"column":8},"end":{"line":416,"column":55}},"152":{"start":{"line":418,"column":11},"end":{"line":1213,"column":null}},"153":{"start":{"line":419,"column":25},"end":{"line":419,"column":61}},"154":{"start":{"line":420,"column":6},"end":{"line":422,"column":null}},"155":{"start":{"line":421,"column":8},"end":{"line":421,"column":55}},"156":{"start":{"line":423,"column":30},"end":{"line":423,"column":46}},"157":{"start":{"line":424,"column":6},"end":{"line":426,"column":null}},"158":{"start":{"line":425,"column":8},"end":{"line":425,"column":67}},"159":{"start":{"line":427,"column":19},"end":{"line":427,"column":34}},"160":{"start":{"line":428,"column":6},"end":{"line":430,"column":null}},"161":{"start":{"line":429,"column":8},"end":{"line":429,"column":52}},"162":{"start":{"line":431,"column":6},"end":{"line":437,"column":null}},"163":{"start":{"line":432,"column":8},"end":{"line":436,"column":null}},"164":{"start":{"line":433,"column":10},"end":{"line":433,"column":63}},"165":{"start":{"line":435,"column":10},"end":{"line":435,"column":69}},"166":{"start":{"line":439,"column":57},"end":{"line":439,"column":59}},"167":{"start":{"line":440,"column":6},"end":{"line":467,"column":null}},"168":{"start":{"line":440,"column":21},"end":{"line":440,"column":22}},"169":{"start":{"line":441,"column":20},"end":{"line":441,"column":40}},"170":{"start":{"line":442,"column":32},"end":{"line":442,"column":52}},"171":{"start":{"line":444,"column":24},"end":{"line":444,"column":46}},"172":{"start":{"line":445,"column":32},"end":{"line":445,"column":68}},"173":{"start":{"line":446,"column":8},"end":{"line":448,"column":null}},"174":{"start":{"line":447,"column":10},"end":{"line":447,"column":66}},"175":{"start":{"line":450,"column":40},"end":{"line":453,"column":null}},"176":{"start":{"line":455,"column":8},"end":{"line":457,"column":null}},"177":{"start":{"line":456,"column":10},"end":{"line":456,"column":68}},"178":{"start":{"line":458,"column":8},"end":{"line":460,"column":null}},"179":{"start":{"line":459,"column":10},"end":{"line":459,"column":64}},"180":{"start":{"line":462,"column":25},"end":{"line":462,"column":38}},"181":{"start":{"line":463,"column":8},"end":{"line":465,"column":null}},"182":{"start":{"line":464,"column":10},"end":{"line":464,"column":61}},"183":{"start":{"line":466,"column":8},"end":{"line":466,"column":40}},"184":{"start":{"line":469,"column":25},"end":{"line":469,"column":77}},"185":{"start":{"line":471,"column":6},"end":{"line":487,"column":8}},"186":{"start":{"line":476,"column":52},"end":{"line":476,"column":54}},"187":{"start":{"line":477,"column":10},"end":{"line":477,"column":74}},"188":{"start":{"line":477,"column":42},"end":{"line":477,"column":72}},"189":{"start":{"line":479,"column":10},"end":{"line":484,"column":null}},"190":{"start":{"line":480,"column":12},"end":{"line":480,"column":69}},"191":{"start":{"line":482,"column":12},"end":{"line":482,"column":57}},"192":{"start":{"line":483,"column":12},"end":{"line":483,"column":73}},"193":{"start":{"line":485,"column":10},"end":{"line":485,"column":35}},"194":{"start":{"line":488,"column":11},"end":{"line":1213,"column":null}},"195":{"start":{"line":489,"column":23},"end":{"line":489,"column":57}},"196":{"start":{"line":490,"column":24},"end":{"line":490,"column":59}},"197":{"start":{"line":492,"column":17},"end":{"line":492,"column":36}},"198":{"start":{"line":494,"column":27},"end":{"line":494,"column":41}},"199":{"start":{"line":495,"column":6},"end":{"line":497,"column":null}},"200":{"start":{"line":496,"column":8},"end":{"line":496,"column":52}},"201":{"start":{"line":498,"column":28},"end":{"line":498,"column":43}},"202":{"start":{"line":499,"column":6},"end":{"line":501,"column":null}},"203":{"start":{"line":500,"column":8},"end":{"line":500,"column":53}},"204":{"start":{"line":503,"column":27},"end":{"line":503,"column":64}},"205":{"start":{"line":504,"column":28},"end":{"line":504,"column":66}},"206":{"start":{"line":505,"column":6},"end":{"line":507,"column":null}},"207":{"start":{"line":506,"column":8},"end":{"line":506,"column":52}},"208":{"start":{"line":508,"column":6},"end":{"line":510,"column":null}},"209":{"start":{"line":509,"column":8},"end":{"line":509,"column":53}},"210":{"start":{"line":511,"column":6},"end":{"line":513,"column":null}},"211":{"start":{"line":512,"column":8},"end":{"line":512,"column":60}},"212":{"start":{"line":514,"column":6},"end":{"line":516,"column":null}},"213":{"start":{"line":515,"column":8},"end":{"line":515,"column":61}},"214":{"start":{"line":518,"column":24},"end":{"line":540,"column":10}},"215":{"start":{"line":519,"column":8},"end":{"line":521,"column":null}},"216":{"start":{"line":520,"column":10},"end":{"line":520,"column":31}},"217":{"start":{"line":522,"column":8},"end":{"line":524,"column":null}},"218":{"start":{"line":523,"column":10},"end":{"line":523,"column":32}},"219":{"start":{"line":526,"column":25},"end":{"line":526,"column":51}},"220":{"start":{"line":527,"column":26},"end":{"line":527,"column":52}},"221":{"start":{"line":528,"column":8},"end":{"line":530,"column":null}},"222":{"start":{"line":529,"column":10},"end":{"line":529,"column":66}},"223":{"start":{"line":531,"column":8},"end":{"line":533,"column":null}},"224":{"start":{"line":532,"column":10},"end":{"line":532,"column":67}},"225":{"start":{"line":534,"column":8},"end":{"line":539,"column":null}},"226":{"start":{"line":536,"column":10},"end":{"line":536,"column":31}},"227":{"start":{"line":538,"column":10},"end":{"line":538,"column":32}},"228":{"start":{"line":542,"column":6},"end":{"line":765,"column":null}},"229":{"start":{"line":561,"column":10},"end":{"line":608,"column":18}},"230":{"start":{"line":611,"column":10},"end":{"line":612,"column":51}},"231":{"start":{"line":614,"column":10},"end":{"line":615,"column":52}},"232":{"start":{"line":616,"column":26},"end":{"line":616,"column":51}},"233":{"start":{"line":618,"column":10},"end":{"line":619,"column":47}},"234":{"start":{"line":622,"column":10},"end":{"line":668,"column":29}},"235":{"start":{"line":670,"column":62},"end":{"line":670,"column":64}},"236":{"start":{"line":671,"column":8},"end":{"line":689,"column":null}},"237":{"start":{"line":676,"column":27},"end":{"line":676,"column":62}},"238":{"start":{"line":677,"column":10},"end":{"line":682,"column":null}},"239":{"start":{"line":678,"column":12},"end":{"line":681,"column":14}},"240":{"start":{"line":683,"column":10},"end":{"line":688,"column":null}},"241":{"start":{"line":684,"column":12},"end":{"line":687,"column":14}},"242":{"start":{"line":690,"column":8},"end":{"line":696,"column":null}},"243":{"start":{"line":695,"column":10},"end":{"line":695,"column":66}},"244":{"start":{"line":698,"column":8},"end":{"line":710,"column":10}},"245":{"start":{"line":703,"column":12},"end":{"line":707,"column":null}},"246":{"start":{"line":711,"column":13},"end":{"line":765,"column":null}},"247":{"start":{"line":712,"column":8},"end":{"line":735,"column":10}},"248":{"start":{"line":717,"column":12},"end":{"line":733,"column":null}},"249":{"start":{"line":736,"column":13},"end":{"line":765,"column":null}},"250":{"start":{"line":737,"column":8},"end":{"line":762,"column":10}},"251":{"start":{"line":742,"column":12},"end":{"line":760,"column":null}},"252":{"start":{"line":764,"column":8},"end":{"line":764,"column":24}},"253":{"start":{"line":766,"column":11},"end":{"line":1213,"column":null}},"254":{"start":{"line":767,"column":25},"end":{"line":767,"column":61}},"255":{"start":{"line":768,"column":25},"end":{"line":768,"column":61}},"256":{"start":{"line":770,"column":33},"end":{"line":770,"column":72}},"257":{"start":{"line":771,"column":6},"end":{"line":776,"column":null}},"258":{"start":{"line":772,"column":8},"end":{"line":775,"column":10}},"259":{"start":{"line":778,"column":6},"end":{"line":784,"column":null}},"260":{"start":{"line":780,"column":8},"end":{"line":783,"column":10}},"261":{"start":{"line":786,"column":6},"end":{"line":788,"column":null}},"262":{"start":{"line":787,"column":8},"end":{"line":787,"column":74}},"263":{"start":{"line":790,"column":31},"end":{"line":790,"column":49}},"264":{"start":{"line":791,"column":6},"end":{"line":793,"column":null}},"265":{"start":{"line":792,"column":8},"end":{"line":792,"column":64}},"266":{"start":{"line":795,"column":29},"end":{"line":795,"column":45}},"267":{"start":{"line":796,"column":6},"end":{"line":801,"column":null}},"268":{"start":{"line":797,"column":8},"end":{"line":800,"column":10}},"269":{"start":{"line":803,"column":29},"end":{"line":803,"column":45}},"270":{"start":{"line":804,"column":6},"end":{"line":806,"column":null}},"271":{"start":{"line":805,"column":8},"end":{"line":805,"column":79}},"272":{"start":{"line":808,"column":25},"end":{"line":816,"column":7}},"273":{"start":{"line":809,"column":8},"end":{"line":815,"column":null}},"274":{"start":{"line":819,"column":23},"end":{"line":819,"column":71}},"275":{"start":{"line":820,"column":6},"end":{"line":820,"column":50}},"276":{"start":{"line":822,"column":6},"end":{"line":833,"column":8}},"277":{"start":{"line":826,"column":10},"end":{"line":826,"column":58}},"278":{"start":{"line":829,"column":10},"end":{"line":829,"column":56}},"279":{"start":{"line":837,"column":11},"end":{"line":1213,"column":null}},"280":{"start":{"line":838,"column":6},"end":{"line":936,"column":null}},"281":{"start":{"line":839,"column":23},"end":{"line":839,"column":40}},"282":{"start":{"line":840,"column":27},"end":{"line":840,"column":52}},"283":{"start":{"line":841,"column":33},"end":{"line":841,"column":51}},"284":{"start":{"line":842,"column":8},"end":{"line":844,"column":null}},"285":{"start":{"line":843,"column":10},"end":{"line":843,"column":69}},"286":{"start":{"line":845,"column":37},"end":{"line":850,"column":10}},"287":{"start":{"line":851,"column":8},"end":{"line":851,"column":46}},"288":{"start":{"line":852,"column":8},"end":{"line":857,"column":10}},"289":{"start":{"line":858,"column":13},"end":{"line":936,"column":null}},"290":{"start":{"line":859,"column":23},"end":{"line":859,"column":40}},"291":{"start":{"line":860,"column":27},"end":{"line":860,"column":52}},"292":{"start":{"line":861,"column":8},"end":{"line":863,"column":null}},"293":{"start":{"line":862,"column":10},"end":{"line":862,"column":45}},"294":{"start":{"line":864,"column":28},"end":{"line":864,"column":44}},"295":{"start":{"line":865,"column":8},"end":{"line":867,"column":null}},"296":{"start":{"line":866,"column":10},"end":{"line":866,"column":45}},"297":{"start":{"line":869,"column":29},"end":{"line":869,"column":53}},"298":{"start":{"line":870,"column":33},"end":{"line":870,"column":69}},"299":{"start":{"line":873,"column":10},"end":{"line":881,"column":18}},"300":{"start":{"line":875,"column":20},"end":{"line":875,"column":null}},"301":{"start":{"line":877,"column":20},"end":{"line":877,"column":null}},"302":{"start":{"line":882,"column":8},"end":{"line":887,"column":10}},"303":{"start":{"line":888,"column":13},"end":{"line":936,"column":null}},"304":{"start":{"line":894,"column":27},"end":{"line":894,"column":63}},"305":{"start":{"line":895,"column":31},"end":{"line":895,"column":70}},"306":{"start":{"line":896,"column":8},"end":{"line":898,"column":null}},"307":{"start":{"line":897,"column":10},"end":{"line":897,"column":54}},"308":{"start":{"line":899,"column":8},"end":{"line":904,"column":null}},"309":{"start":{"line":900,"column":10},"end":{"line":903,"column":12}},"310":{"start":{"line":905,"column":28},"end":{"line":905,"column":44}},"311":{"start":{"line":906,"column":8},"end":{"line":908,"column":null}},"312":{"start":{"line":907,"column":10},"end":{"line":907,"column":56}},"313":{"start":{"line":910,"column":10},"end":{"line":918,"column":46}},"314":{"start":{"line":920,"column":8},"end":{"line":927,"column":10}},"315":{"start":{"line":926,"column":23},"end":{"line":926,"column":60}},"316":{"start":{"line":929,"column":8},"end":{"line":929,"column":41}},"317":{"start":{"line":937,"column":11},"end":{"line":1213,"column":null}},"318":{"start":{"line":938,"column":33},"end":{"line":943,"column":8}},"319":{"start":{"line":944,"column":6},"end":{"line":944,"column":42}},"320":{"start":{"line":945,"column":19},"end":{"line":945,"column":59}},"321":{"start":{"line":946,"column":19},"end":{"line":946,"column":41}},"322":{"start":{"line":947,"column":6},"end":{"line":977,"column":null}},"323":{"start":{"line":948,"column":8},"end":{"line":951,"column":10}},"324":{"start":{"line":952,"column":13},"end":{"line":977,"column":null}},"325":{"start":{"line":953,"column":8},"end":{"line":959,"column":10}},"326":{"start":{"line":958,"column":23},"end":{"line":958,"column":null}},"327":{"start":{"line":960,"column":13},"end":{"line":977,"column":null}},"328":{"start":{"line":961,"column":35},"end":{"line":961,"column":69}},"329":{"start":{"line":962,"column":36},"end":{"line":962,"column":60}},"330":{"start":{"line":963,"column":8},"end":{"line":968,"column":null}},"331":{"start":{"line":964,"column":10},"end":{"line":967,"column":12}},"332":{"start":{"line":969,"column":8},"end":{"line":974,"column":10}},"333":{"start":{"line":976,"column":8},"end":{"line":976,"column":26}},"334":{"start":{"line":978,"column":11},"end":{"line":1213,"column":null}},"335":{"start":{"line":979,"column":27},"end":{"line":979,"column":59}},"336":{"start":{"line":980,"column":6},"end":{"line":985,"column":null}},"337":{"start":{"line":981,"column":8},"end":{"line":984,"column":10}},"338":{"start":{"line":987,"column":24},"end":{"line":987,"column":42}},"339":{"start":{"line":989,"column":33},"end":{"line":994,"column":8}},"340":{"start":{"line":995,"column":6},"end":{"line":995,"column":42}},"341":{"start":{"line":996,"column":6},"end":{"line":1001,"column":8}},"342":{"start":{"line":1000,"column":21},"end":{"line":1000,"column":null}},"343":{"start":{"line":1002,"column":11},"end":{"line":1213,"column":null}},"344":{"start":{"line":1003,"column":25},"end":{"line":1003,"column":61}},"345":{"start":{"line":1005,"column":29},"end":{"line":1005,"column":68}},"346":{"start":{"line":1006,"column":6},"end":{"line":1008,"column":null}},"347":{"start":{"line":1007,"column":8},"end":{"line":1007,"column":75}},"348":{"start":{"line":1009,"column":6},"end":{"line":1011,"column":null}},"349":{"start":{"line":1010,"column":8},"end":{"line":1010,"column":72}},"350":{"start":{"line":1012,"column":6},"end":{"line":1020,"column":null}},"351":{"start":{"line":1016,"column":8},"end":{"line":1019,"column":10}},"352":{"start":{"line":1022,"column":6},"end":{"line":1027,"column":8}},"353":{"start":{"line":1028,"column":11},"end":{"line":1213,"column":null}},"354":{"start":{"line":1032,"column":21},"end":{"line":1032,"column":53}},"355":{"start":{"line":1033,"column":21},"end":{"line":1033,"column":38}},"356":{"start":{"line":1034,"column":25},"end":{"line":1034,"column":61}},"357":{"start":{"line":1035,"column":29},"end":{"line":1035,"column":68}},"358":{"start":{"line":1036,"column":6},"end":{"line":1038,"column":null}},"359":{"start":{"line":1037,"column":8},"end":{"line":1037,"column":56}},"360":{"start":{"line":1040,"column":6},"end":{"line":1048,"column":null}},"361":{"start":{"line":1041,"column":29},"end":{"line":1041,"column":66}},"362":{"start":{"line":1042,"column":8},"end":{"line":1044,"column":null}},"363":{"start":{"line":1043,"column":10},"end":{"line":1043,"column":79}},"364":{"start":{"line":1045,"column":8},"end":{"line":1045,"column":42}},"365":{"start":{"line":1047,"column":8},"end":{"line":1047,"column":25}},"366":{"start":{"line":1049,"column":26},"end":{"line":1049,"column":42}},"367":{"start":{"line":1050,"column":6},"end":{"line":1052,"column":null}},"368":{"start":{"line":1051,"column":8},"end":{"line":1051,"column":43}},"369":{"start":{"line":1053,"column":28},"end":{"line":1053,"column":46}},"370":{"start":{"line":1054,"column":6},"end":{"line":1056,"column":null}},"371":{"start":{"line":1055,"column":8},"end":{"line":1055,"column":39}},"372":{"start":{"line":1057,"column":6},"end":{"line":1059,"column":null}},"373":{"start":{"line":1058,"column":8},"end":{"line":1058,"column":50}},"374":{"start":{"line":1060,"column":6},"end":{"line":1062,"column":null}},"375":{"start":{"line":1061,"column":8},"end":{"line":1061,"column":60}},"376":{"start":{"line":1063,"column":6},"end":{"line":1088,"column":8}},"377":{"start":{"line":1072,"column":21},"end":{"line":1072,"column":null}},"378":{"start":{"line":1089,"column":11},"end":{"line":1213,"column":null}},"379":{"start":{"line":1093,"column":21},"end":{"line":1093,"column":52}},"380":{"start":{"line":1094,"column":21},"end":{"line":1094,"column":38}},"381":{"start":{"line":1095,"column":25},"end":{"line":1095,"column":61}},"382":{"start":{"line":1096,"column":29},"end":{"line":1096,"column":68}},"383":{"start":{"line":1097,"column":6},"end":{"line":1099,"column":null}},"384":{"start":{"line":1098,"column":8},"end":{"line":1098,"column":56}},"385":{"start":{"line":1101,"column":6},"end":{"line":1109,"column":null}},"386":{"start":{"line":1102,"column":29},"end":{"line":1102,"column":66}},"387":{"start":{"line":1103,"column":8},"end":{"line":1105,"column":null}},"388":{"start":{"line":1104,"column":10},"end":{"line":1104,"column":79}},"389":{"start":{"line":1106,"column":8},"end":{"line":1106,"column":42}},"390":{"start":{"line":1108,"column":8},"end":{"line":1108,"column":25}},"391":{"start":{"line":1110,"column":26},"end":{"line":1110,"column":42}},"392":{"start":{"line":1111,"column":6},"end":{"line":1113,"column":null}},"393":{"start":{"line":1112,"column":8},"end":{"line":1112,"column":43}},"394":{"start":{"line":1114,"column":28},"end":{"line":1114,"column":46}},"395":{"start":{"line":1115,"column":6},"end":{"line":1117,"column":null}},"396":{"start":{"line":1116,"column":8},"end":{"line":1116,"column":39}},"397":{"start":{"line":1118,"column":6},"end":{"line":1120,"column":null}},"398":{"start":{"line":1119,"column":8},"end":{"line":1119,"column":50}},"399":{"start":{"line":1121,"column":6},"end":{"line":1123,"column":null}},"400":{"start":{"line":1122,"column":8},"end":{"line":1122,"column":60}},"401":{"start":{"line":1124,"column":6},"end":{"line":1149,"column":8}},"402":{"start":{"line":1133,"column":21},"end":{"line":1147,"column":null}},"403":{"start":{"line":1150,"column":11},"end":{"line":1213,"column":null}},"404":{"start":{"line":1151,"column":28},"end":{"line":1151,"column":67}},"405":{"start":{"line":1152,"column":25},"end":{"line":1152,"column":61}},"406":{"start":{"line":1153,"column":26},"end":{"line":1153,"column":63}},"407":{"start":{"line":1155,"column":29},"end":{"line":1155,"column":48}},"408":{"start":{"line":1156,"column":6},"end":{"line":1158,"column":null}},"409":{"start":{"line":1157,"column":8},"end":{"line":1157,"column":67}},"410":{"start":{"line":1160,"column":26},"end":{"line":1160,"column":42}},"411":{"start":{"line":1161,"column":6},"end":{"line":1163,"column":null}},"412":{"start":{"line":1162,"column":8},"end":{"line":1162,"column":66}},"413":{"start":{"line":1165,"column":27},"end":{"line":1165,"column":44}},"414":{"start":{"line":1166,"column":6},"end":{"line":1168,"column":null}},"415":{"start":{"line":1167,"column":8},"end":{"line":1167,"column":67}},"416":{"start":{"line":1170,"column":6},"end":{"line":1172,"column":null}},"417":{"start":{"line":1171,"column":8},"end":{"line":1171,"column":65}},"418":{"start":{"line":1173,"column":6},"end":{"line":1175,"column":null}},"419":{"start":{"line":1174,"column":8},"end":{"line":1174,"column":65}},"420":{"start":{"line":1176,"column":6},"end":{"line":1178,"column":null}},"421":{"start":{"line":1177,"column":8},"end":{"line":1177,"column":65}},"422":{"start":{"line":1180,"column":24},"end":{"line":1196,"column":10}},"423":{"start":{"line":1182,"column":25},"end":{"line":1182,"column":53}},"424":{"start":{"line":1183,"column":26},"end":{"line":1183,"column":55}},"425":{"start":{"line":1184,"column":8},"end":{"line":1186,"column":null}},"426":{"start":{"line":1185,"column":10},"end":{"line":1185,"column":68}},"427":{"start":{"line":1187,"column":8},"end":{"line":1189,"column":null}},"428":{"start":{"line":1188,"column":10},"end":{"line":1188,"column":69}},"429":{"start":{"line":1190,"column":8},"end":{"line":1195,"column":null}},"430":{"start":{"line":1192,"column":10},"end":{"line":1192,"column":33}},"431":{"start":{"line":1194,"column":10},"end":{"line":1194,"column":34}},"432":{"start":{"line":1198,"column":6},"end":{"line":1210,"column":8}},"433":{"start":{"line":1202,"column":21},"end":{"line":1202,"column":null}},"434":{"start":{"line":1212,"column":6},"end":{"line":1212,"column":58}},"435":{"start":{"line":1215,"column":4},"end":{"line":1215,"column":79}},"436":{"start":{"line":1218,"column":2},"end":{"line":1222,"column":4}},"437":{"start":{"line":33,"column":0},"end":{"line":33,"column":16}}},"fnMap":{"0":{"name":"createExpressionAndTypes","decl":{"start":{"line":33,"column":16},"end":{"line":33,"column":40}},"loc":{"start":{"line":34,"column":25},"end":{"line":1223,"column":1}}},"1":{"name":"error","decl":{"start":{"line":38,"column":11},"end":{"line":38,"column":16}},"loc":{"start":{"line":38,"column":40},"end":{"line":40,"column":3}}},"2":{"name":"(anonymous_6)","decl":{"start":{"line":42,"column":38},"end":{"line":42,"column":39}},"loc":{"start":{"line":42,"column":47},"end":{"line":103,"column":3}}},"3":{"name":"(anonymous_7)","decl":{"start":{"line":46,"column":23},"end":{"line":46,"column":24}},"loc":{"start":{"line":46,"column":37},"end":{"line":46,"column":53}}},"4":{"name":"(anonymous_8)","decl":{"start":{"line":53,"column":27},"end":{"line":53,"column":28}},"loc":{"start":{"line":53,"column":54},"end":{"line":53,"column":70}}},"5":{"name":"(anonymous_9)","decl":{"start":{"line":105,"column":28},"end":{"line":105,"column":29}},"loc":{"start":{"line":105,"column":43},"end":{"line":115,"column":3}}},"6":{"name":"(anonymous_10)","decl":{"start":{"line":117,"column":28},"end":{"line":117,"column":29}},"loc":{"start":{"line":117,"column":55},"end":{"line":1216,"column":3}}},"7":{"name":"(anonymous_11)","decl":{"start":{"line":136,"column":17},"end":{"line":136,"column":23}},"loc":{"start":{"line":136,"column":17},"end":{"line":136,"column":24}}},"8":{"name":"(anonymous_12)","decl":{"start":{"line":154,"column":19},"end":{"line":154,"column":25}},"loc":{"start":{"line":154,"column":19},"end":{"line":154,"column":26}}},"9":{"name":"(anonymous_13)","decl":{"start":{"line":168,"column":19},"end":{"line":168,"column":25}},"loc":{"start":{"line":168,"column":19},"end":{"line":168,"column":26}}},"10":{"name":"(anonymous_14)","decl":{"start":{"line":199,"column":19},"end":{"line":199,"column":null}},"loc":{"start":{"line":199,"column":19},"end":{"line":200,"column":25}}},"11":{"name":"(anonymous_15)","decl":{"start":{"line":214,"column":21},"end":{"line":214,"column":null}},"loc":{"start":{"line":214,"column":21},"end":{"line":215,"column":25}}},"12":{"name":"(anonymous_16)","decl":{"start":{"line":242,"column":17},"end":{"line":242,"column":23}},"loc":{"start":{"line":242,"column":17},"end":{"line":242,"column":24}}},"13":{"name":"(anonymous_17)","decl":{"start":{"line":243,"column":19},"end":{"line":243,"column":25}},"loc":{"start":{"line":243,"column":19},"end":{"line":243,"column":26}}},"14":{"name":"(anonymous_18)","decl":{"start":{"line":249,"column":17},"end":{"line":249,"column":null}},"loc":{"start":{"line":249,"column":17},"end":{"line":250,"column":23}}},"15":{"name":"(anonymous_19)","decl":{"start":{"line":264,"column":19},"end":{"line":264,"column":null}},"loc":{"start":{"line":264,"column":19},"end":{"line":265,"column":23}}},"16":{"name":"(anonymous_20)","decl":{"start":{"line":282,"column":19},"end":{"line":282,"column":null}},"loc":{"start":{"line":282,"column":19},"end":{"line":290,"column":11}}},"17":{"name":"(anonymous_21)","decl":{"start":{"line":342,"column":39},"end":{"line":342,"column":null}},"loc":{"start":{"line":342,"column":39},"end":{"line":348,"column":9}}},"18":{"name":"(anonymous_22)","decl":{"start":{"line":352,"column":12},"end":{"line":352,"column":18}},"loc":{"start":{"line":352,"column":12},"end":{"line":352,"column":null}}},"19":{"name":"(anonymous_23)","decl":{"start":{"line":391,"column":39},"end":{"line":391,"column":null}},"loc":{"start":{"line":391,"column":39},"end":{"line":397,"column":9}}},"20":{"name":"(anonymous_24)","decl":{"start":{"line":401,"column":12},"end":{"line":401,"column":18}},"loc":{"start":{"line":401,"column":12},"end":{"line":401,"column":null}}},"21":{"name":"(anonymous_25)","decl":{"start":{"line":475,"column":15},"end":{"line":475,"column":null}},"loc":{"start":{"line":475,"column":15},"end":{"line":486,"column":9}}},"22":{"name":"(anonymous_26)","decl":{"start":{"line":477,"column":35},"end":{"line":477,"column":36}},"loc":{"start":{"line":477,"column":37},"end":{"line":477,"column":59}}},"23":{"name":"(anonymous_27)","decl":{"start":{"line":518,"column":25},"end":{"line":518,"column":null}},"loc":{"start":{"line":518,"column":25},"end":{"line":540,"column":7}}},"24":{"name":"(anonymous_28)","decl":{"start":{"line":702,"column":17},"end":{"line":702,"column":null}},"loc":{"start":{"line":702,"column":17},"end":{"line":709,"column":11}}},"25":{"name":"(anonymous_29)","decl":{"start":{"line":716,"column":17},"end":{"line":716,"column":null}},"loc":{"start":{"line":716,"column":17},"end":{"line":734,"column":11}}},"26":{"name":"(anonymous_30)","decl":{"start":{"line":741,"column":17},"end":{"line":741,"column":null}},"loc":{"start":{"line":741,"column":17},"end":{"line":761,"column":11}}},"27":{"name":"(anonymous_31)","decl":{"start":{"line":808,"column":25},"end":{"line":808,"column":null}},"loc":{"start":{"line":808,"column":25},"end":{"line":816,"column":7}}},"28":{"name":"(anonymous_32)","decl":{"start":{"line":823,"column":17},"end":{"line":823,"column":null}},"loc":{"start":{"line":823,"column":17},"end":{"line":827,"column":9}}},"29":{"name":"(anonymous_33)","decl":{"start":{"line":828,"column":15},"end":{"line":828,"column":null}},"loc":{"start":{"line":828,"column":15},"end":{"line":830,"column":9}}},"30":{"name":"(anonymous_34)","decl":{"start":{"line":875,"column":14},"end":{"line":875,"column":20}},"loc":{"start":{"line":875,"column":14},"end":{"line":875,"column":31}}},"31":{"name":"(anonymous_35)","decl":{"start":{"line":877,"column":14},"end":{"line":877,"column":20}},"loc":{"start":{"line":877,"column":14},"end":{"line":877,"column":null}}},"32":{"name":"(anonymous_36)","decl":{"start":{"line":926,"column":17},"end":{"line":926,"column":23}},"loc":{"start":{"line":926,"column":17},"end":{"line":926,"column":27}}},"33":{"name":"(anonymous_37)","decl":{"start":{"line":958,"column":17},"end":{"line":958,"column":23}},"loc":{"start":{"line":958,"column":17},"end":{"line":958,"column":24}}},"34":{"name":"(anonymous_38)","decl":{"start":{"line":1000,"column":15},"end":{"line":1000,"column":21}},"loc":{"start":{"line":1000,"column":15},"end":{"line":1000,"column":22}}},"35":{"name":"(anonymous_39)","decl":{"start":{"line":1072,"column":15},"end":{"line":1072,"column":21}},"loc":{"start":{"line":1072,"column":15},"end":{"line":1072,"column":null}}},"36":{"name":"(anonymous_40)","decl":{"start":{"line":1133,"column":15},"end":{"line":1133,"column":21}},"loc":{"start":{"line":1133,"column":15},"end":{"line":1133,"column":null}}},"37":{"name":"(anonymous_41)","decl":{"start":{"line":1180,"column":25},"end":{"line":1180,"column":null}},"loc":{"start":{"line":1180,"column":25},"end":{"line":1196,"column":7}}},"38":{"name":"(anonymous_42)","decl":{"start":{"line":1202,"column":15},"end":{"line":1202,"column":21}},"loc":{"start":{"line":1202,"column":15},"end":{"line":1202,"column":null}}}},"branchMap":{"0":{"loc":{"start":{"line":58,"column":4},"end":{"line":102,"column":null}},"type":"if","locations":[{"start":{"line":58,"column":4},"end":{"line":102,"column":null}},{"start":{"line":58,"column":4},"end":{"line":102,"column":null}}]},"1":{"loc":{"start":{"line":59,"column":6},"end":{"line":65,"column":null}},"type":"if","locations":[{"start":{"line":59,"column":6},"end":{"line":65,"column":null}},{"start":{"line":59,"column":6},"end":{"line":65,"column":null}}]},"2":{"loc":{"start":{"line":61,"column":13},"end":{"line":65,"column":null}},"type":"if","locations":[{"start":{"line":61,"column":13},"end":{"line":65,"column":null}},{"start":{"line":61,"column":13},"end":{"line":65,"column":null}}]},"3":{"loc":{"start":{"line":66,"column":11},"end":{"line":102,"column":null}},"type":"if","locations":[{"start":{"line":66,"column":11},"end":{"line":102,"column":null}},{"start":{"line":66,"column":11},"end":{"line":102,"column":null}}]},"4":{"loc":{"start":{"line":69,"column":6},"end":{"line":71,"column":null}},"type":"if","locations":[{"start":{"line":69,"column":6},"end":{"line":71,"column":null}},{"start":{"line":69,"column":6},"end":{"line":71,"column":null}}]},"5":{"loc":{"start":{"line":72,"column":6},"end":{"line":74,"column":null}},"type":"if","locations":[{"start":{"line":72,"column":6},"end":{"line":74,"column":null}},{"start":{"line":72,"column":6},"end":{"line":74,"column":null}}]},"6":{"loc":{"start":{"line":78,"column":6},"end":{"line":85,"column":null}},"type":"if","locations":[{"start":{"line":78,"column":6},"end":{"line":85,"column":null}},{"start":{"line":78,"column":6},"end":{"line":85,"column":null}}]},"7":{"loc":{"start":{"line":78,"column":10},"end":{"line":78,"column":39}},"type":"binary-expr","locations":[{"start":{"line":78,"column":10},"end":{"line":78,"column":39}},{"start":{"line":78,"column":43},"end":{"line":78,"column":59}}]},"8":{"loc":{"start":{"line":86,"column":11},"end":{"line":102,"column":null}},"type":"if","locations":[{"start":{"line":86,"column":11},"end":{"line":102,"column":null}},{"start":{"line":86,"column":11},"end":{"line":102,"column":null}}]},"9":{"loc":{"start":{"line":86,"column":15},"end":{"line":86,"column":39}},"type":"binary-expr","locations":[{"start":{"line":86,"column":15},"end":{"line":86,"column":39}},{"start":{"line":86,"column":43},"end":{"line":86,"column":69}}]},"10":{"loc":{"start":{"line":88,"column":11},"end":{"line":102,"column":null}},"type":"if","locations":[{"start":{"line":88,"column":11},"end":{"line":102,"column":null}},{"start":{"line":88,"column":11},"end":{"line":102,"column":null}}]},"11":{"loc":{"start":{"line":89,"column":6},"end":{"line":89,"column":34}},"type":"binary-expr","locations":[{"start":{"line":89,"column":6},"end":{"line":89,"column":34}},{"start":{"line":90,"column":6},"end":{"line":90,"column":38}}]},"12":{"loc":{"start":{"line":96,"column":11},"end":{"line":102,"column":null}},"type":"if","locations":[{"start":{"line":96,"column":11},"end":{"line":102,"column":null}},{"start":{"line":96,"column":11},"end":{"line":102,"column":null}}]},"13":{"loc":{"start":{"line":98,"column":11},"end":{"line":102,"column":null}},"type":"if","locations":[{"start":{"line":98,"column":11},"end":{"line":102,"column":null}},{"start":{"line":98,"column":11},"end":{"line":102,"column":null}}]},"14":{"loc":{"start":{"line":106,"column":4},"end":{"line":108,"column":null}},"type":"if","locations":[{"start":{"line":106,"column":4},"end":{"line":108,"column":null}},{"start":{"line":106,"column":4},"end":{"line":108,"column":null}}]},"15":{"loc":{"start":{"line":110,"column":4},"end":{"line":114,"column":null}},"type":"if","locations":[{"start":{"line":110,"column":4},"end":{"line":114,"column":null}},{"start":{"line":110,"column":4},"end":{"line":114,"column":null}}]},"16":{"loc":{"start":{"line":118,"column":4},"end":{"line":1213,"column":null}},"type":"if","locations":[{"start":{"line":118,"column":4},"end":{"line":1213,"column":null}},{"start":{"line":118,"column":4},"end":{"line":1213,"column":null}}]},"17":{"loc":{"start":{"line":120,"column":6},"end":{"line":175,"column":null}},"type":"if","locations":[{"start":{"line":120,"column":6},"end":{"line":175,"column":null}},{"start":{"line":120,"column":6},"end":{"line":175,"column":null}}]},"18":{"loc":{"start":{"line":121,"column":8},"end":{"line":123,"column":null}},"type":"if","locations":[{"start":{"line":121,"column":8},"end":{"line":123,"column":null}},{"start":{"line":121,"column":8},"end":{"line":123,"column":null}}]},"19":{"loc":{"start":{"line":124,"column":8},"end":{"line":126,"column":null}},"type":"if","locations":[{"start":{"line":124,"column":8},"end":{"line":126,"column":null}},{"start":{"line":124,"column":8},"end":{"line":126,"column":null}}]},"20":{"loc":{"start":{"line":131,"column":50},"end":{"line":131,"column":54}},"type":"cond-expr","locations":[{"start":{"line":131,"column":50},"end":{"line":131,"column":54}},{"start":{"line":131,"column":57},"end":{"line":131,"column":65}}]},"21":{"loc":{"start":{"line":140,"column":13},"end":{"line":175,"column":null}},"type":"if","locations":[{"start":{"line":140,"column":13},"end":{"line":175,"column":null}},{"start":{"line":140,"column":13},"end":{"line":175,"column":null}}]},"22":{"loc":{"start":{"line":143,"column":8},"end":{"line":172,"column":null}},"type":"if","locations":[{"start":{"line":143,"column":8},"end":{"line":172,"column":null}},{"start":{"line":143,"column":8},"end":{"line":172,"column":null}}]},"23":{"loc":{"start":{"line":143,"column":12},"end":{"line":143,"column":40}},"type":"binary-expr","locations":[{"start":{"line":143,"column":12},"end":{"line":143,"column":40}},{"start":{"line":143,"column":44},"end":{"line":143,"column":71}}]},"24":{"loc":{"start":{"line":149,"column":52},"end":{"line":149,"column":56}},"type":"cond-expr","locations":[{"start":{"line":149,"column":52},"end":{"line":149,"column":56}},{"start":{"line":149,"column":59},"end":{"line":149,"column":67}}]},"25":{"loc":{"start":{"line":163,"column":52},"end":{"line":163,"column":56}},"type":"cond-expr","locations":[{"start":{"line":163,"column":52},"end":{"line":163,"column":56}},{"start":{"line":163,"column":59},"end":{"line":163,"column":67}}]},"26":{"loc":{"start":{"line":173,"column":13},"end":{"line":175,"column":null}},"type":"if","locations":[{"start":{"line":173,"column":13},"end":{"line":175,"column":null}},{"start":{"line":173,"column":13},"end":{"line":175,"column":null}}]},"27":{"loc":{"start":{"line":176,"column":11},"end":{"line":1213,"column":null}},"type":"if","locations":[{"start":{"line":176,"column":11},"end":{"line":1213,"column":null}},{"start":{"line":176,"column":11},"end":{"line":1213,"column":null}}]},"28":{"loc":{"start":{"line":178,"column":6},"end":{"line":301,"column":null}},"type":"if","locations":[{"start":{"line":178,"column":6},"end":{"line":301,"column":null}},{"start":{"line":178,"column":6},"end":{"line":301,"column":null}}]},"29":{"loc":{"start":{"line":179,"column":8},"end":{"line":230,"column":null}},"type":"if","locations":[{"start":{"line":179,"column":8},"end":{"line":230,"column":null}},{"start":{"line":179,"column":8},"end":{"line":230,"column":null}}]},"30":{"loc":{"start":{"line":180,"column":10},"end":{"line":180,"column":56}},"type":"binary-expr","locations":[{"start":{"line":180,"column":10},"end":{"line":180,"column":56}},{"start":{"line":181,"column":10},"end":{"line":181,"column":55}}]},"31":{"loc":{"start":{"line":184,"column":10},"end":{"line":195,"column":null}},"type":"if","locations":[{"start":{"line":184,"column":10},"end":{"line":195,"column":null}},{"start":{"line":184,"column":10},"end":{"line":195,"column":null}}]},"32":{"loc":{"start":{"line":185,"column":12},"end":{"line":185,"column":38}},"type":"binary-expr","locations":[{"start":{"line":185,"column":12},"end":{"line":185,"column":38}},{"start":{"line":186,"column":12},"end":{"line":186,"column":35}},{"start":{"line":187,"column":12},"end":{"line":187,"column":68}}]},"33":{"loc":{"start":{"line":192,"column":12},"end":{"line":194,"column":null}},"type":"if","locations":[{"start":{"line":192,"column":12},"end":{"line":194,"column":null}},{"start":{"line":192,"column":12},"end":{"line":194,"column":null}}]},"34":{"loc":{"start":{"line":201,"column":18},"end":{"line":204,"column":null}},"type":"cond-expr","locations":[{"start":{"line":201,"column":18},"end":{"line":204,"column":null}},{"start":{"line":205,"column":18},"end":{"line":213,"column":null}}]},"35":{"loc":{"start":{"line":216,"column":18},"end":{"line":216,"column":59}},"type":"cond-expr","locations":[{"start":{"line":216,"column":18},"end":{"line":216,"column":59}},{"start":{"line":217,"column":18},"end":{"line":221,"column":null}}]},"36":{"loc":{"start":{"line":223,"column":15},"end":{"line":230,"column":null}},"type":"if","locations":[{"start":{"line":223,"column":15},"end":{"line":230,"column":null}},{"start":{"line":223,"column":15},"end":{"line":230,"column":null}}]},"37":{"loc":{"start":{"line":224,"column":10},"end":{"line":224,"column":58}},"type":"binary-expr","locations":[{"start":{"line":224,"column":10},"end":{"line":224,"column":58}},{"start":{"line":225,"column":10},"end":{"line":225,"column":57}}]},"38":{"loc":{"start":{"line":231,"column":13},"end":{"line":301,"column":null}},"type":"if","locations":[{"start":{"line":231,"column":13},"end":{"line":301,"column":null}},{"start":{"line":231,"column":13},"end":{"line":301,"column":null}}]},"39":{"loc":{"start":{"line":236,"column":13},"end":{"line":301,"column":null}},"type":"if","locations":[{"start":{"line":236,"column":13},"end":{"line":301,"column":null}},{"start":{"line":236,"column":13},"end":{"line":301,"column":null}}]},"40":{"loc":{"start":{"line":240,"column":14},"end":{"line":240,"column":38}},"type":"cond-expr","locations":[{"start":{"line":240,"column":14},"end":{"line":240,"column":38}},{"start":{"line":241,"column":14},"end":{"line":241,"column":18}}]},"41":{"loc":{"start":{"line":245,"column":13},"end":{"line":301,"column":null}},"type":"if","locations":[{"start":{"line":245,"column":13},"end":{"line":301,"column":null}},{"start":{"line":245,"column":13},"end":{"line":301,"column":null}}]},"42":{"loc":{"start":{"line":251,"column":16},"end":{"line":254,"column":null}},"type":"cond-expr","locations":[{"start":{"line":251,"column":16},"end":{"line":254,"column":null}},{"start":{"line":255,"column":16},"end":{"line":263,"column":null}}]},"43":{"loc":{"start":{"line":266,"column":16},"end":{"line":266,"column":57}},"type":"cond-expr","locations":[{"start":{"line":266,"column":16},"end":{"line":266,"column":57}},{"start":{"line":267,"column":16},"end":{"line":271,"column":null}}]},"44":{"loc":{"start":{"line":273,"column":13},"end":{"line":301,"column":null}},"type":"if","locations":[{"start":{"line":273,"column":13},"end":{"line":301,"column":null}},{"start":{"line":273,"column":13},"end":{"line":301,"column":null}}]},"45":{"loc":{"start":{"line":274,"column":8},"end":{"line":276,"column":null}},"type":"if","locations":[{"start":{"line":274,"column":8},"end":{"line":276,"column":null}},{"start":{"line":274,"column":8},"end":{"line":276,"column":null}}]},"46":{"loc":{"start":{"line":284,"column":16},"end":{"line":284,"column":57}},"type":"cond-expr","locations":[{"start":{"line":284,"column":16},"end":{"line":284,"column":57}},{"start":{"line":285,"column":16},"end":{"line":289,"column":18}}]},"47":{"loc":{"start":{"line":292,"column":13},"end":{"line":301,"column":null}},"type":"if","locations":[{"start":{"line":292,"column":13},"end":{"line":301,"column":null}},{"start":{"line":292,"column":13},"end":{"line":301,"column":null}}]},"48":{"loc":{"start":{"line":293,"column":8},"end":{"line":293,"column":44}},"type":"binary-expr","locations":[{"start":{"line":293,"column":8},"end":{"line":293,"column":44}},{"start":{"line":294,"column":8},"end":{"line":294,"column":46}}]},"49":{"loc":{"start":{"line":297,"column":13},"end":{"line":301,"column":null}},"type":"if","locations":[{"start":{"line":297,"column":13},"end":{"line":301,"column":null}},{"start":{"line":297,"column":13},"end":{"line":301,"column":null}}]},"50":{"loc":{"start":{"line":302,"column":11},"end":{"line":1213,"column":null}},"type":"if","locations":[{"start":{"line":302,"column":11},"end":{"line":1213,"column":null}},{"start":{"line":302,"column":11},"end":{"line":1213,"column":null}}]},"51":{"loc":{"start":{"line":308,"column":6},"end":{"line":310,"column":null}},"type":"if","locations":[{"start":{"line":308,"column":6},"end":{"line":310,"column":null}},{"start":{"line":308,"column":6},"end":{"line":310,"column":null}}]},"52":{"loc":{"start":{"line":311,"column":6},"end":{"line":316,"column":null}},"type":"if","locations":[{"start":{"line":311,"column":6},"end":{"line":316,"column":null}},{"start":{"line":311,"column":6},"end":{"line":316,"column":null}}]},"53":{"loc":{"start":{"line":312,"column":8},"end":{"line":312,"column":47}},"type":"binary-expr","locations":[{"start":{"line":312,"column":8},"end":{"line":312,"column":47}},{"start":{"line":313,"column":8},"end":{"line":313,"column":48}}]},"54":{"loc":{"start":{"line":317,"column":6},"end":{"line":417,"column":null}},"type":"if","locations":[{"start":{"line":317,"column":6},"end":{"line":417,"column":null}},{"start":{"line":317,"column":6},"end":{"line":417,"column":null}}]},"55":{"loc":{"start":{"line":319,"column":8},"end":{"line":324,"column":null}},"type":"if","locations":[{"start":{"line":319,"column":8},"end":{"line":324,"column":null}},{"start":{"line":319,"column":8},"end":{"line":324,"column":null}}]},"56":{"loc":{"start":{"line":326,"column":8},"end":{"line":328,"column":null}},"type":"if","locations":[{"start":{"line":326,"column":8},"end":{"line":328,"column":null}},{"start":{"line":326,"column":8},"end":{"line":328,"column":null}}]},"57":{"loc":{"start":{"line":331,"column":8},"end":{"line":333,"column":null}},"type":"if","locations":[{"start":{"line":331,"column":8},"end":{"line":333,"column":null}},{"start":{"line":331,"column":8},"end":{"line":333,"column":null}}]},"58":{"loc":{"start":{"line":339,"column":14},"end":{"line":339,"column":60}},"type":"cond-expr","locations":[{"start":{"line":339,"column":14},"end":{"line":339,"column":60}},{"start":{"line":340,"column":14},"end":{"line":340,"column":16}}]},"59":{"loc":{"start":{"line":352,"column":12},"end":{"line":352,"column":null}},"type":"cond-expr","locations":[{"start":{"line":352,"column":12},"end":{"line":352,"column":null}},{"start":{"line":358,"column":12},"end":{"line":358,"column":16}}]},"60":{"loc":{"start":{"line":366,"column":13},"end":{"line":417,"column":null}},"type":"if","locations":[{"start":{"line":366,"column":13},"end":{"line":417,"column":null}},{"start":{"line":366,"column":13},"end":{"line":417,"column":null}}]},"61":{"loc":{"start":{"line":368,"column":8},"end":{"line":370,"column":null}},"type":"if","locations":[{"start":{"line":368,"column":8},"end":{"line":370,"column":null}},{"start":{"line":368,"column":8},"end":{"line":370,"column":null}}]},"62":{"loc":{"start":{"line":371,"column":8},"end":{"line":373,"column":null}},"type":"if","locations":[{"start":{"line":371,"column":8},"end":{"line":373,"column":null}},{"start":{"line":371,"column":8},"end":{"line":373,"column":null}}]},"63":{"loc":{"start":{"line":375,"column":8},"end":{"line":377,"column":null}},"type":"if","locations":[{"start":{"line":375,"column":8},"end":{"line":377,"column":null}},{"start":{"line":375,"column":8},"end":{"line":377,"column":null}}]},"64":{"loc":{"start":{"line":380,"column":8},"end":{"line":382,"column":null}},"type":"if","locations":[{"start":{"line":380,"column":8},"end":{"line":382,"column":null}},{"start":{"line":380,"column":8},"end":{"line":382,"column":null}}]},"65":{"loc":{"start":{"line":388,"column":14},"end":{"line":388,"column":60}},"type":"cond-expr","locations":[{"start":{"line":388,"column":14},"end":{"line":388,"column":60}},{"start":{"line":389,"column":14},"end":{"line":389,"column":16}}]},"66":{"loc":{"start":{"line":401,"column":12},"end":{"line":401,"column":null}},"type":"cond-expr","locations":[{"start":{"line":401,"column":12},"end":{"line":401,"column":null}},{"start":{"line":407,"column":12},"end":{"line":407,"column":16}}]},"67":{"loc":{"start":{"line":418,"column":11},"end":{"line":1213,"column":null}},"type":"if","locations":[{"start":{"line":418,"column":11},"end":{"line":1213,"column":null}},{"start":{"line":418,"column":11},"end":{"line":1213,"column":null}}]},"68":{"loc":{"start":{"line":420,"column":6},"end":{"line":422,"column":null}},"type":"if","locations":[{"start":{"line":420,"column":6},"end":{"line":422,"column":null}},{"start":{"line":420,"column":6},"end":{"line":422,"column":null}}]},"69":{"loc":{"start":{"line":424,"column":6},"end":{"line":426,"column":null}},"type":"if","locations":[{"start":{"line":424,"column":6},"end":{"line":426,"column":null}},{"start":{"line":424,"column":6},"end":{"line":426,"column":null}}]},"70":{"loc":{"start":{"line":428,"column":6},"end":{"line":430,"column":null}},"type":"if","locations":[{"start":{"line":428,"column":6},"end":{"line":430,"column":null}},{"start":{"line":428,"column":6},"end":{"line":430,"column":null}}]},"71":{"loc":{"start":{"line":431,"column":6},"end":{"line":437,"column":null}},"type":"if","locations":[{"start":{"line":431,"column":6},"end":{"line":437,"column":null}},{"start":{"line":431,"column":6},"end":{"line":437,"column":null}}]},"72":{"loc":{"start":{"line":432,"column":8},"end":{"line":436,"column":null}},"type":"if","locations":[{"start":{"line":432,"column":8},"end":{"line":436,"column":null}},{"start":{"line":432,"column":8},"end":{"line":436,"column":null}}]},"73":{"loc":{"start":{"line":446,"column":8},"end":{"line":448,"column":null}},"type":"if","locations":[{"start":{"line":446,"column":8},"end":{"line":448,"column":null}},{"start":{"line":446,"column":8},"end":{"line":448,"column":null}}]},"74":{"loc":{"start":{"line":452,"column":14},"end":{"line":452,"column":38}},"type":"cond-expr","locations":[{"start":{"line":452,"column":14},"end":{"line":452,"column":38}},{"start":{"line":453,"column":14},"end":{"line":453,"column":29}}]},"75":{"loc":{"start":{"line":455,"column":8},"end":{"line":457,"column":null}},"type":"if","locations":[{"start":{"line":455,"column":8},"end":{"line":457,"column":null}},{"start":{"line":455,"column":8},"end":{"line":457,"column":null}}]},"76":{"loc":{"start":{"line":458,"column":8},"end":{"line":460,"column":null}},"type":"if","locations":[{"start":{"line":458,"column":8},"end":{"line":460,"column":null}},{"start":{"line":458,"column":8},"end":{"line":460,"column":null}}]},"77":{"loc":{"start":{"line":463,"column":8},"end":{"line":465,"column":null}},"type":"if","locations":[{"start":{"line":463,"column":8},"end":{"line":465,"column":null}},{"start":{"line":463,"column":8},"end":{"line":465,"column":null}}]},"78":{"loc":{"start":{"line":479,"column":10},"end":{"line":484,"column":null}},"type":"if","locations":[{"start":{"line":479,"column":10},"end":{"line":484,"column":null}},{"start":{"line":479,"column":10},"end":{"line":484,"column":null}}]},"79":{"loc":{"start":{"line":488,"column":11},"end":{"line":1213,"column":null}},"type":"if","locations":[{"start":{"line":488,"column":11},"end":{"line":1213,"column":null}},{"start":{"line":488,"column":11},"end":{"line":1213,"column":null}}]},"80":{"loc":{"start":{"line":495,"column":6},"end":{"line":497,"column":null}},"type":"if","locations":[{"start":{"line":495,"column":6},"end":{"line":497,"column":null}},{"start":{"line":495,"column":6},"end":{"line":497,"column":null}}]},"81":{"loc":{"start":{"line":499,"column":6},"end":{"line":501,"column":null}},"type":"if","locations":[{"start":{"line":499,"column":6},"end":{"line":501,"column":null}},{"start":{"line":499,"column":6},"end":{"line":501,"column":null}}]},"82":{"loc":{"start":{"line":505,"column":6},"end":{"line":507,"column":null}},"type":"if","locations":[{"start":{"line":505,"column":6},"end":{"line":507,"column":null}},{"start":{"line":505,"column":6},"end":{"line":507,"column":null}}]},"83":{"loc":{"start":{"line":508,"column":6},"end":{"line":510,"column":null}},"type":"if","locations":[{"start":{"line":508,"column":6},"end":{"line":510,"column":null}},{"start":{"line":508,"column":6},"end":{"line":510,"column":null}}]},"84":{"loc":{"start":{"line":511,"column":6},"end":{"line":513,"column":null}},"type":"if","locations":[{"start":{"line":511,"column":6},"end":{"line":513,"column":null}},{"start":{"line":511,"column":6},"end":{"line":513,"column":null}}]},"85":{"loc":{"start":{"line":514,"column":6},"end":{"line":516,"column":null}},"type":"if","locations":[{"start":{"line":514,"column":6},"end":{"line":516,"column":null}},{"start":{"line":514,"column":6},"end":{"line":516,"column":null}}]},"86":{"loc":{"start":{"line":519,"column":8},"end":{"line":521,"column":null}},"type":"if","locations":[{"start":{"line":519,"column":8},"end":{"line":521,"column":null}},{"start":{"line":519,"column":8},"end":{"line":521,"column":null}}]},"87":{"loc":{"start":{"line":522,"column":8},"end":{"line":524,"column":null}},"type":"if","locations":[{"start":{"line":522,"column":8},"end":{"line":524,"column":null}},{"start":{"line":522,"column":8},"end":{"line":524,"column":null}}]},"88":{"loc":{"start":{"line":528,"column":8},"end":{"line":530,"column":null}},"type":"if","locations":[{"start":{"line":528,"column":8},"end":{"line":530,"column":null}},{"start":{"line":528,"column":8},"end":{"line":530,"column":null}}]},"89":{"loc":{"start":{"line":531,"column":8},"end":{"line":533,"column":null}},"type":"if","locations":[{"start":{"line":531,"column":8},"end":{"line":533,"column":null}},{"start":{"line":531,"column":8},"end":{"line":533,"column":null}}]},"90":{"loc":{"start":{"line":534,"column":8},"end":{"line":539,"column":null}},"type":"if","locations":[{"start":{"line":534,"column":8},"end":{"line":539,"column":null}},{"start":{"line":534,"column":8},"end":{"line":539,"column":null}}]},"91":{"loc":{"start":{"line":542,"column":6},"end":{"line":765,"column":null}},"type":"if","locations":[{"start":{"line":542,"column":6},"end":{"line":765,"column":null}},{"start":{"line":542,"column":6},"end":{"line":765,"column":null}}]},"92":{"loc":{"start":{"line":543,"column":8},"end":{"line":543,"column":18}},"type":"binary-expr","locations":[{"start":{"line":543,"column":8},"end":{"line":543,"column":18}},{"start":{"line":544,"column":8},"end":{"line":544,"column":18}},{"start":{"line":545,"column":8},"end":{"line":545,"column":18}},{"start":{"line":546,"column":8},"end":{"line":546,"column":18}},{"start":{"line":547,"column":8},"end":{"line":547,"column":18}},{"start":{"line":548,"column":8},"end":{"line":548,"column":18}},{"start":{"line":549,"column":8},"end":{"line":549,"column":18}},{"start":{"line":550,"column":8},"end":{"line":550,"column":19}},{"start":{"line":551,"column":8},"end":{"line":551,"column":19}},{"start":{"line":552,"column":8},"end":{"line":552,"column":19}},{"start":{"line":553,"column":8},"end":{"line":553,"column":19}},{"start":{"line":554,"column":8},"end":{"line":554,"column":18}},{"start":{"line":555,"column":8},"end":{"line":555,"column":19}},{"start":{"line":556,"column":8},"end":{"line":556,"column":18}},{"start":{"line":557,"column":8},"end":{"line":557,"column":19}},{"start":{"line":558,"column":8},"end":{"line":558,"column":18}}]},"93":{"loc":{"start":{"line":562,"column":14},"end":{"line":607,"column":31}},"type":"cond-expr","locations":[{"start":{"line":562,"column":14},"end":{"line":607,"column":31}},{"start":{"line":608,"column":14},"end":{"line":608,"column":18}}]},"94":{"loc":{"start":{"line":561,"column":10},"end":{"line":561,"column":30}},"type":"binary-expr","locations":[{"start":{"line":561,"column":10},"end":{"line":561,"column":30}},{"start":{"line":561,"column":34},"end":{"line":561,"column":55}}]},"95":{"loc":{"start":{"line":563,"column":16},"end":{"line":563,"column":60}},"type":"cond-expr","locations":[{"start":{"line":563,"column":16},"end":{"line":563,"column":60}},{"start":{"line":564,"column":16},"end":{"line":607,"column":31}}]},"96":{"loc":{"start":{"line":565,"column":16},"end":{"line":565,"column":72}},"type":"cond-expr","locations":[{"start":{"line":565,"column":16},"end":{"line":565,"column":72}},{"start":{"line":566,"column":16},"end":{"line":607,"column":31}}]},"97":{"loc":{"start":{"line":567,"column":16},"end":{"line":567,"column":60}},"type":"cond-expr","locations":[{"start":{"line":567,"column":16},"end":{"line":567,"column":60}},{"start":{"line":568,"column":16},"end":{"line":607,"column":31}}]},"98":{"loc":{"start":{"line":569,"column":16},"end":{"line":569,"column":60}},"type":"cond-expr","locations":[{"start":{"line":569,"column":16},"end":{"line":569,"column":60}},{"start":{"line":570,"column":16},"end":{"line":607,"column":31}}]},"99":{"loc":{"start":{"line":571,"column":16},"end":{"line":571,"column":60}},"type":"cond-expr","locations":[{"start":{"line":571,"column":16},"end":{"line":571,"column":60}},{"start":{"line":572,"column":16},"end":{"line":607,"column":31}}]},"100":{"loc":{"start":{"line":573,"column":16},"end":{"line":573,"column":60}},"type":"cond-expr","locations":[{"start":{"line":573,"column":16},"end":{"line":573,"column":60}},{"start":{"line":574,"column":16},"end":{"line":607,"column":31}}]},"101":{"loc":{"start":{"line":575,"column":16},"end":{"line":575,"column":60}},"type":"cond-expr","locations":[{"start":{"line":575,"column":16},"end":{"line":575,"column":60}},{"start":{"line":576,"column":16},"end":{"line":607,"column":31}}]},"102":{"loc":{"start":{"line":578,"column":16},"end":{"line":578,"column":61}},"type":"cond-expr","locations":[{"start":{"line":578,"column":16},"end":{"line":578,"column":61}},{"start":{"line":579,"column":16},"end":{"line":607,"column":31}}]},"103":{"loc":{"start":{"line":580,"column":16},"end":{"line":580,"column":61}},"type":"cond-expr","locations":[{"start":{"line":580,"column":16},"end":{"line":580,"column":61}},{"start":{"line":581,"column":16},"end":{"line":607,"column":31}}]},"104":{"loc":{"start":{"line":582,"column":16},"end":{"line":584,"column":19}},"type":"cond-expr","locations":[{"start":{"line":582,"column":16},"end":{"line":584,"column":19}},{"start":{"line":585,"column":16},"end":{"line":607,"column":31}}]},"105":{"loc":{"start":{"line":583,"column":18},"end":{"line":583,"column":19}},"type":"cond-expr","locations":[{"start":{"line":583,"column":18},"end":{"line":583,"column":19}},{"start":{"line":584,"column":18},"end":{"line":584,"column":19}}]},"106":{"loc":{"start":{"line":586,"column":16},"end":{"line":588,"column":19}},"type":"cond-expr","locations":[{"start":{"line":586,"column":16},"end":{"line":588,"column":19}},{"start":{"line":589,"column":16},"end":{"line":607,"column":31}}]},"107":{"loc":{"start":{"line":587,"column":18},"end":{"line":587,"column":19}},"type":"cond-expr","locations":[{"start":{"line":587,"column":18},"end":{"line":587,"column":19}},{"start":{"line":588,"column":18},"end":{"line":588,"column":19}}]},"108":{"loc":{"start":{"line":590,"column":16},"end":{"line":592,"column":19}},"type":"cond-expr","locations":[{"start":{"line":590,"column":16},"end":{"line":592,"column":19}},{"start":{"line":593,"column":16},"end":{"line":607,"column":31}}]},"109":{"loc":{"start":{"line":591,"column":18},"end":{"line":591,"column":19}},"type":"cond-expr","locations":[{"start":{"line":591,"column":18},"end":{"line":591,"column":19}},{"start":{"line":592,"column":18},"end":{"line":592,"column":19}}]},"110":{"loc":{"start":{"line":594,"column":16},"end":{"line":596,"column":19}},"type":"cond-expr","locations":[{"start":{"line":594,"column":16},"end":{"line":596,"column":19}},{"start":{"line":597,"column":16},"end":{"line":607,"column":31}}]},"111":{"loc":{"start":{"line":595,"column":18},"end":{"line":595,"column":19}},"type":"cond-expr","locations":[{"start":{"line":595,"column":18},"end":{"line":595,"column":19}},{"start":{"line":596,"column":18},"end":{"line":596,"column":19}}]},"112":{"loc":{"start":{"line":598,"column":16},"end":{"line":600,"column":19}},"type":"cond-expr","locations":[{"start":{"line":598,"column":16},"end":{"line":600,"column":19}},{"start":{"line":601,"column":16},"end":{"line":607,"column":31}}]},"113":{"loc":{"start":{"line":599,"column":18},"end":{"line":599,"column":19}},"type":"cond-expr","locations":[{"start":{"line":599,"column":18},"end":{"line":599,"column":19}},{"start":{"line":600,"column":18},"end":{"line":600,"column":19}}]},"114":{"loc":{"start":{"line":602,"column":16},"end":{"line":604,"column":19}},"type":"cond-expr","locations":[{"start":{"line":602,"column":16},"end":{"line":604,"column":19}},{"start":{"line":605,"column":16},"end":{"line":607,"column":31}}]},"115":{"loc":{"start":{"line":603,"column":18},"end":{"line":603,"column":19}},"type":"cond-expr","locations":[{"start":{"line":603,"column":18},"end":{"line":603,"column":19}},{"start":{"line":604,"column":18},"end":{"line":604,"column":19}}]},"116":{"loc":{"start":{"line":606,"column":16},"end":{"line":606,"column":60}},"type":"cond-expr","locations":[{"start":{"line":606,"column":16},"end":{"line":606,"column":60}},{"start":{"line":607,"column":16},"end":{"line":607,"column":31}}]},"117":{"loc":{"start":{"line":611,"column":10},"end":{"line":611,"column":45}},"type":"binary-expr","locations":[{"start":{"line":611,"column":10},"end":{"line":611,"column":45}},{"start":{"line":612,"column":10},"end":{"line":612,"column":51}}]},"118":{"loc":{"start":{"line":614,"column":10},"end":{"line":614,"column":46}},"type":"binary-expr","locations":[{"start":{"line":614,"column":10},"end":{"line":614,"column":46}},{"start":{"line":615,"column":10},"end":{"line":615,"column":52}}]},"119":{"loc":{"start":{"line":616,"column":26},"end":{"line":616,"column":36}},"type":"binary-expr","locations":[{"start":{"line":616,"column":26},"end":{"line":616,"column":36}},{"start":{"line":616,"column":40},"end":{"line":616,"column":51}}]},"120":{"loc":{"start":{"line":618,"column":10},"end":{"line":618,"column":41}},"type":"binary-expr","locations":[{"start":{"line":618,"column":10},"end":{"line":618,"column":41}},{"start":{"line":619,"column":10},"end":{"line":619,"column":47}}]},"121":{"loc":{"start":{"line":623,"column":14},"end":{"line":623,"column":25}},"type":"cond-expr","locations":[{"start":{"line":623,"column":14},"end":{"line":623,"column":25}},{"start":{"line":624,"column":14},"end":{"line":668,"column":29}}]},"122":{"loc":{"start":{"line":625,"column":14},"end":{"line":627,"column":29}},"type":"cond-expr","locations":[{"start":{"line":625,"column":14},"end":{"line":627,"column":29}},{"start":{"line":628,"column":14},"end":{"line":668,"column":29}}]},"123":{"loc":{"start":{"line":626,"column":16},"end":{"line":626,"column":29}},"type":"cond-expr","locations":[{"start":{"line":626,"column":16},"end":{"line":626,"column":29}},{"start":{"line":627,"column":16},"end":{"line":627,"column":29}}]},"124":{"loc":{"start":{"line":629,"column":14},"end":{"line":631,"column":29}},"type":"cond-expr","locations":[{"start":{"line":629,"column":14},"end":{"line":631,"column":29}},{"start":{"line":632,"column":14},"end":{"line":668,"column":29}}]},"125":{"loc":{"start":{"line":630,"column":16},"end":{"line":630,"column":29}},"type":"cond-expr","locations":[{"start":{"line":630,"column":16},"end":{"line":630,"column":29}},{"start":{"line":631,"column":16},"end":{"line":631,"column":29}}]},"126":{"loc":{"start":{"line":633,"column":14},"end":{"line":633,"column":25}},"type":"cond-expr","locations":[{"start":{"line":633,"column":14},"end":{"line":633,"column":25}},{"start":{"line":634,"column":14},"end":{"line":668,"column":29}}]},"127":{"loc":{"start":{"line":635,"column":14},"end":{"line":635,"column":25}},"type":"cond-expr","locations":[{"start":{"line":635,"column":14},"end":{"line":635,"column":25}},{"start":{"line":636,"column":14},"end":{"line":668,"column":29}}]},"128":{"loc":{"start":{"line":637,"column":14},"end":{"line":637,"column":25}},"type":"cond-expr","locations":[{"start":{"line":637,"column":14},"end":{"line":637,"column":25}},{"start":{"line":638,"column":14},"end":{"line":668,"column":29}}]},"129":{"loc":{"start":{"line":639,"column":14},"end":{"line":639,"column":24}},"type":"cond-expr","locations":[{"start":{"line":639,"column":14},"end":{"line":639,"column":24}},{"start":{"line":640,"column":14},"end":{"line":668,"column":29}}]},"130":{"loc":{"start":{"line":641,"column":14},"end":{"line":641,"column":25}},"type":"cond-expr","locations":[{"start":{"line":641,"column":14},"end":{"line":641,"column":25}},{"start":{"line":642,"column":14},"end":{"line":668,"column":29}}]},"131":{"loc":{"start":{"line":643,"column":14},"end":{"line":645,"column":29}},"type":"cond-expr","locations":[{"start":{"line":643,"column":14},"end":{"line":645,"column":29}},{"start":{"line":646,"column":14},"end":{"line":668,"column":29}}]},"132":{"loc":{"start":{"line":644,"column":16},"end":{"line":644,"column":29}},"type":"cond-expr","locations":[{"start":{"line":644,"column":16},"end":{"line":644,"column":29}},{"start":{"line":645,"column":16},"end":{"line":645,"column":29}}]},"133":{"loc":{"start":{"line":647,"column":14},"end":{"line":647,"column":24}},"type":"cond-expr","locations":[{"start":{"line":647,"column":14},"end":{"line":647,"column":24}},{"start":{"line":648,"column":14},"end":{"line":668,"column":29}}]},"134":{"loc":{"start":{"line":649,"column":14},"end":{"line":649,"column":24}},"type":"cond-expr","locations":[{"start":{"line":649,"column":14},"end":{"line":649,"column":24}},{"start":{"line":650,"column":14},"end":{"line":668,"column":29}}]},"135":{"loc":{"start":{"line":651,"column":14},"end":{"line":653,"column":28}},"type":"cond-expr","locations":[{"start":{"line":651,"column":14},"end":{"line":653,"column":28}},{"start":{"line":654,"column":14},"end":{"line":668,"column":29}}]},"136":{"loc":{"start":{"line":652,"column":16},"end":{"line":652,"column":28}},"type":"cond-expr","locations":[{"start":{"line":652,"column":16},"end":{"line":652,"column":28}},{"start":{"line":653,"column":16},"end":{"line":653,"column":28}}]},"137":{"loc":{"start":{"line":655,"column":14},"end":{"line":657,"column":28}},"type":"cond-expr","locations":[{"start":{"line":655,"column":14},"end":{"line":657,"column":28}},{"start":{"line":658,"column":14},"end":{"line":668,"column":29}}]},"138":{"loc":{"start":{"line":656,"column":16},"end":{"line":656,"column":28}},"type":"cond-expr","locations":[{"start":{"line":656,"column":16},"end":{"line":656,"column":28}},{"start":{"line":657,"column":16},"end":{"line":657,"column":28}}]},"139":{"loc":{"start":{"line":659,"column":14},"end":{"line":661,"column":28}},"type":"cond-expr","locations":[{"start":{"line":659,"column":14},"end":{"line":661,"column":28}},{"start":{"line":662,"column":14},"end":{"line":668,"column":29}}]},"140":{"loc":{"start":{"line":660,"column":16},"end":{"line":660,"column":28}},"type":"cond-expr","locations":[{"start":{"line":660,"column":16},"end":{"line":660,"column":28}},{"start":{"line":661,"column":16},"end":{"line":661,"column":28}}]},"141":{"loc":{"start":{"line":663,"column":14},"end":{"line":665,"column":28}},"type":"cond-expr","locations":[{"start":{"line":663,"column":14},"end":{"line":665,"column":28}},{"start":{"line":666,"column":14},"end":{"line":668,"column":29}}]},"142":{"loc":{"start":{"line":664,"column":16},"end":{"line":664,"column":28}},"type":"cond-expr","locations":[{"start":{"line":664,"column":16},"end":{"line":664,"column":28}},{"start":{"line":665,"column":16},"end":{"line":665,"column":28}}]},"143":{"loc":{"start":{"line":667,"column":14},"end":{"line":667,"column":25}},"type":"cond-expr","locations":[{"start":{"line":667,"column":14},"end":{"line":667,"column":25}},{"start":{"line":668,"column":14},"end":{"line":668,"column":29}}]},"144":{"loc":{"start":{"line":671,"column":8},"end":{"line":689,"column":null}},"type":"if","locations":[{"start":{"line":671,"column":8},"end":{"line":689,"column":null}},{"start":{"line":671,"column":8},"end":{"line":689,"column":null}}]},"145":{"loc":{"start":{"line":672,"column":11},"end":{"line":672,"column":21}},"type":"binary-expr","locations":[{"start":{"line":672,"column":11},"end":{"line":672,"column":21}},{"start":{"line":672,"column":25},"end":{"line":672,"column":35}},{"start":{"line":673,"column":10},"end":{"line":673,"column":42}},{"start":{"line":674,"column":10},"end":{"line":674,"column":46}}]},"146":{"loc":{"start":{"line":677,"column":10},"end":{"line":682,"column":null}},"type":"if","locations":[{"start":{"line":677,"column":10},"end":{"line":682,"column":null}},{"start":{"line":677,"column":10},"end":{"line":682,"column":null}}]},"147":{"loc":{"start":{"line":683,"column":10},"end":{"line":688,"column":null}},"type":"if","locations":[{"start":{"line":683,"column":10},"end":{"line":688,"column":null}},{"start":{"line":683,"column":10},"end":{"line":688,"column":null}}]},"148":{"loc":{"start":{"line":690,"column":8},"end":{"line":696,"column":null}},"type":"if","locations":[{"start":{"line":690,"column":8},"end":{"line":696,"column":null}},{"start":{"line":690,"column":8},"end":{"line":696,"column":null}}]},"149":{"loc":{"start":{"line":691,"column":11},"end":{"line":691,"column":21}},"type":"binary-expr","locations":[{"start":{"line":691,"column":11},"end":{"line":691,"column":21}},{"start":{"line":691,"column":25},"end":{"line":691,"column":35}},{"start":{"line":692,"column":10},"end":{"line":692,"column":45}},{"start":{"line":693,"column":10},"end":{"line":693,"column":43}}]},"150":{"loc":{"start":{"line":711,"column":13},"end":{"line":765,"column":null}},"type":"if","locations":[{"start":{"line":711,"column":13},"end":{"line":765,"column":null}},{"start":{"line":711,"column":13},"end":{"line":765,"column":null}}]},"151":{"loc":{"start":{"line":736,"column":13},"end":{"line":765,"column":null}},"type":"if","locations":[{"start":{"line":736,"column":13},"end":{"line":765,"column":null}},{"start":{"line":736,"column":13},"end":{"line":765,"column":null}}]},"152":{"loc":{"start":{"line":766,"column":11},"end":{"line":1213,"column":null}},"type":"if","locations":[{"start":{"line":766,"column":11},"end":{"line":1213,"column":null}},{"start":{"line":766,"column":11},"end":{"line":1213,"column":null}}]},"153":{"loc":{"start":{"line":771,"column":6},"end":{"line":776,"column":null}},"type":"if","locations":[{"start":{"line":771,"column":6},"end":{"line":776,"column":null}},{"start":{"line":771,"column":6},"end":{"line":776,"column":null}}]},"154":{"loc":{"start":{"line":778,"column":6},"end":{"line":784,"column":null}},"type":"if","locations":[{"start":{"line":778,"column":6},"end":{"line":784,"column":null}},{"start":{"line":778,"column":6},"end":{"line":784,"column":null}}]},"155":{"loc":{"start":{"line":786,"column":6},"end":{"line":788,"column":null}},"type":"if","locations":[{"start":{"line":786,"column":6},"end":{"line":788,"column":null}},{"start":{"line":786,"column":6},"end":{"line":788,"column":null}}]},"156":{"loc":{"start":{"line":791,"column":6},"end":{"line":793,"column":null}},"type":"if","locations":[{"start":{"line":791,"column":6},"end":{"line":793,"column":null}},{"start":{"line":791,"column":6},"end":{"line":793,"column":null}}]},"157":{"loc":{"start":{"line":796,"column":6},"end":{"line":801,"column":null}},"type":"if","locations":[{"start":{"line":796,"column":6},"end":{"line":801,"column":null}},{"start":{"line":796,"column":6},"end":{"line":801,"column":null}}]},"158":{"loc":{"start":{"line":804,"column":6},"end":{"line":806,"column":null}},"type":"if","locations":[{"start":{"line":804,"column":6},"end":{"line":806,"column":null}},{"start":{"line":804,"column":6},"end":{"line":806,"column":null}}]},"159":{"loc":{"start":{"line":837,"column":11},"end":{"line":1213,"column":null}},"type":"if","locations":[{"start":{"line":837,"column":11},"end":{"line":1213,"column":null}},{"start":{"line":837,"column":11},"end":{"line":1213,"column":null}}]},"160":{"loc":{"start":{"line":838,"column":6},"end":{"line":936,"column":null}},"type":"if","locations":[{"start":{"line":838,"column":6},"end":{"line":936,"column":null}},{"start":{"line":838,"column":6},"end":{"line":936,"column":null}}]},"161":{"loc":{"start":{"line":842,"column":8},"end":{"line":844,"column":null}},"type":"if","locations":[{"start":{"line":842,"column":8},"end":{"line":844,"column":null}},{"start":{"line":842,"column":8},"end":{"line":844,"column":null}}]},"162":{"loc":{"start":{"line":858,"column":13},"end":{"line":936,"column":null}},"type":"if","locations":[{"start":{"line":858,"column":13},"end":{"line":936,"column":null}},{"start":{"line":858,"column":13},"end":{"line":
[...]
tart":{"line":318,"column":4},"end":{"line":332,"column":null}},"type":"if","locations":[{"start":{"line":318,"column":4},"end":{"line":332,"column":null}},{"start":{"line":318,"column":4},"end":{"line":332,"column":null}}]},"22":{"loc":{"start":{"line":318,"column":8},"end":{"line":318,"column":25}},"type":"binary-expr","locations":[{"start":{"line":318,"column":8},"end":{"line":318,"column":25}},{"start":{"line":318,"column":29},"end":{"line":318,"column":43}}]},"23":{"loc":{"start":{"line":322,"column":13},"end":{"line":322,"column":30}},"type":"binary-expr","locations":[{"start":{"line":322,"column":13},"end":{"line":322,"column":30}},{"start":{"line":322,"column":34},"end":{"line":322,"column":51}}]},"24":{"loc":{"start":{"line":336,"column":6},"end":{"line":347,"column":null}},"type":"if","locations":[{"start":{"line":336,"column":6},"end":{"line":347,"column":null}},{"start":{"line":336,"column":6},"end":{"line":347,"column":null}}]},"25":{"loc":{"start":{"line":337,"column":8},"end":{"line":342,"column":null}},"type":"if","locations":[{"start":{"line":337,"column":8},"end":{"line":342,"column":null}},{"start":{"line":337,"column":8},"end":{"line":342,"column":null}}]},"26":{"loc":{"start":{"line":343,"column":13},"end":{"line":347,"column":null}},"type":"if","locations":[{"start":{"line":343,"column":13},"end":{"line":347,"column":null}},{"start":{"line":343,"column":13},"end":{"line":347,"column":null}}]},"27":{"loc":{"start":{"line":350,"column":4},"end":{"line":364,"column":null}},"type":"if","locations":[{"start":{"line":350,"column":4},"end":{"line":364,"column":null}},{"start":{"line":350,"column":4},"end":{"line":364,"column":null}}]},"28":{"loc":{"start":{"line":371,"column":4},"end":{"line":373,"column":null}},"type":"if","locations":[{"start":{"line":371,"column":4},"end":{"line":373,"column":null}},{"start":{"line":371,"column":4},"end":{"line":373,"column":null}}]},"29":{"loc":{"start":{"line":375,"column":4},"end":{"line":377,"column":null}},"type":"if","locations":[{"start":{"line":375,"column":4},"end":{"line":377,"column":null}},{"start":{"line":375,"column":4},"end":{"line":377,"column":null}}]},"30":{"loc":{"start":{"line":405,"column":4},"end":{"line":412,"column":null}},"type":"if","locations":[{"start":{"line":405,"column":4},"end":{"line":412,"column":null}},{"start":{"line":405,"column":4},"end":{"line":412,"column":null}}]},"31":{"loc":{"start":{"line":405,"column":8},"end":{"line":405,"column":25}},"type":"binary-expr","locations":[{"start":{"line":405,"column":8},"end":{"line":405,"column":25}},{"start":{"line":405,"column":29},"end":{"line":405,"column":49}},{"start":{"line":405,"column":53},"end":{"line":405,"column":73}}]},"32":{"loc":{"start":{"line":421,"column":10},"end":{"line":421,"column":32}},"type":"binary-expr","locations":[{"start":{"line":421,"column":10},"end":{"line":421,"column":32}},{"start":{"line":422,"column":10},"end":{"line":422,"column":66}}]},"33":{"loc":{"start":{"line":424,"column":6},"end":{"line":446,"column":null}},"type":"if","locations":[{"start":{"line":424,"column":6},"end":{"line":446,"column":null}},{"start":{"line":424,"column":6},"end":{"line":446,"column":null}}]},"34":{"loc":{"start":{"line":425,"column":8},"end":{"line":444,"column":null}},"type":"if","locations":[{"start":{"line":425,"column":8},"end":{"line":444,"column":null}},{"start":{"line":425,"column":8},"end":{"line":444,"column":null}}]},"35":{"loc":{"start":{"line":427,"column":10},"end":{"line":443,"column":null}},"type":"if","locations":[{"start":{"line":427,"column":10},"end":{"line":443,"column":null}},{"start":{"line":427,"column":10},"end":{"line":443,"column":null}}]},"36":{"loc":{"start":{"line":433,"column":12},"end":{"line":442,"column":null}},"type":"if","locations":[{"start":{"line":433,"column":12},"end":{"line":442,"column":null}},{"start":{"line":433,"column":12},"end":{"line":442,"column":null}}]},"37":{"loc":{"start":{"line":435,"column":14},"end":{"line":437,"column":null}},"type":"if","locations":[{"start":{"line":435,"column":14},"end":{"line":437,"column":null}},{"start":{"line":435,"column":14},"end":{"line":437,"column":null}}]},"38":{"loc":{"start":{"line":448,"column":6},"end":{"line":458,"column":null}},"type":"if","locations":[{"start":{"line":448,"column":6},"end":{"line":458,"column":null}},{"start":{"line":448,"column":6},"end":{"line":458,"column":null}}]},"39":{"loc":{"start":{"line":450,"column":8},"end":{"line":453,"column":null}},"type":"if","locations":[{"start":{"line":450,"column":8},"end":{"line":453,"column":null}},{"start":{"line":450,"column":8},"end":{"line":453,"column":null}}]},"40":{"loc":{"start":{"line":467,"column":4},"end":{"line":472,"column":null}},"type":"if","locations":[{"start":{"line":467,"column":4},"end":{"line":472,"column":null}},{"start":{"line":467,"column":4},"end":{"line":472,"column":null}}]},"41":{"loc":{"start":{"line":474,"column":4},"end":{"line":476,"column":null}},"type":"if","locations":[{"start":{"line":474,"column":4},"end":{"line":476,"column":null}},{"start":{"line":474,"column":4},"end":{"line":476,"column":null}}]},"42":{"loc":{"start":{"line":478,"column":4},"end":{"line":480,"column":null}},"type":"if","locations":[{"start":{"line":478,"column":4},"end":{"line":480,"column":null}},{"start":{"line":478,"column":4},"end":{"line":480,"column":null}}]},"43":{"loc":{"start":{"line":482,"column":4},"end":{"line":484,"column":null}},"type":"if","locations":[{"start":{"line":482,"column":4},"end":{"line":484,"column":null}},{"start":{"line":482,"column":4},"end":{"line":484,"column":null}}]},"44":{"loc":{"start":{"line":485,"column":4},"end":{"line":487,"column":null}},"type":"if","locations":[{"start":{"line":485,"column":4},"end":{"line":487,"column":null}},{"start":{"line":485,"column":4},"end":{"line":487,"column":null}}]},"45":{"loc":{"start":{"line":490,"column":4},"end":{"line":492,"column":null}},"type":"if","locations":[{"start":{"line":490,"column":4},"end":{"line":492,"column":null}},{"start":{"line":490,"column":4},"end":{"line":492,"column":null}}]}},"s":{"0":16,"1":16,"2":16,"3":16,"4":16,"5":736,"6":33856,"7":0,"8":16,"9":16,"10":16,"11":16,"12":16,"13":16,"14":100,"15":100,"16":175940,"17":234438,"18":980,"19":100,"20":100,"21":86600,"22":46057,"23":46057,"24":46644,"25":2309,"26":2309,"27":44335,"28":46644,"29":100,"30":100,"31":100,"32":9487,"33":9487,"34":9487,"35":9484,"36":9565,"37":20216,"38":0,"39":9795,"40":10499,"41":9795,"42":25,"43":25,"44":3166,"45":25,"46":25,"47":3141,"48":25,"49":9795,"50":205,"51":205,"52":7404,"53":205,"54":29368,"55":314,"56":30523,"57":3559,"58":3559,"59":18420,"60":3559,"61":3559,"62":0,"63":3559,"64":118090,"65":3559,"66":745,"67":2814,"68":781,"69":781,"70":92,"71":92,"72":222,"73":92,"74":92,"75":689,"76":21,"77":21,"78":58,"79":21,"80":21,"81":668,"82":668,"83":1464,"84":3,"85":3,"86":3,"87":0,"88":1461,"89":793,"90":668,"91":668,"92":668,"93":3,"94":665,"95":1,"96":1,"97":1,"98":1,"99":0,"100":1,"101":1,"102":0,"103":1,"104":1,"105":0,"106":0,"107":0,"108":0,"109":0,"110":0,"111":0,"112":5146,"113":5146,"114":2,"115":2,"116":5144,"117":5144,"118":236624,"119":5144,"120":6518,"121":6518,"122":234827,"123":6518,"124":1159,"125":1159,"126":0,"127":1159,"128":2704,"129":1159,"130":1159,"131":1159,"132":0,"133":1159,"134":0,"135":5359,"136":3985,"137":3985,"138":0,"139":0,"140":3985,"141":1374,"142":9565,"143":9565,"144":78,"145":9487,"146":3559,"147":5928,"148":781,"149":5147,"150":1,"151":5146,"152":0,"153":5146,"154":5146,"155":5146,"156":0,"157":100,"158":16},"f":{"0":736,"1":33856,"2":100,"3":175940,"4":234438,"5":980,"6":46057,"7":9487,"8":9484,"9":9565,"10":20216,"11":0,"12":9795,"13":29368,"14":314,"15":30523,"16":3559,"17":118090,"18":781,"19":1,"20":0,"21":5146,"22":236624,"23":234827,"24":2704,"25":9565},"b":{"0":[0,16],"1":[33856,736],"2":[234434,4],"3":[40543,5514],"4":[2309,44335],"5":[20216,11929,9717,9717],"6":[20294,20216],"7":[25,9770],"8":[9795,238],"9":[25,3141],"10":[3166,71],"11":[205,9590],"12":[9795,213],"13":[29368,29332,29332],"14":[314,313,313],"15":[30523,30499,30499],"16":[21979,21036],"17":[0,3559],"18":[745,2814],"19":[92,689],"20":[781,275],"21":[21,668],"22":[689,183],"23":[79,56],"24":[3,1461],"25":[3,0],"26":[793,668],"27":[3,665],"28":[0,1],"29":[0,1],"30":[2,5144],"31":[5146,3,2],"32":[234827,233453],"33":[1159,5359],"34":[1159,0],"35":[0,1159],"36":[1159,0],"37":[0,1159],"38":[3985,1374],"39":[0,3985],"40":[78,9487],"41":[3559,5928],"42":[781,5147],"43":[1,5146],"44":[0,5146],"45":[5146,0]}}
,"/home/runner/work/rocco/rocco/core/scanner.ts": {"path":"/home/runner/work/rocco/rocco/core/scanner.ts","statementMap":{"0":{"start":{"line":3,"column":0},"end":{"line":3,"column":13}},"1":{"start":{"line":5,"column":31},"end":{"line":5,"column":51}},"2":{"start":{"line":13,"column":19},"end":{"line":13,"column":50}},"3":{"start":{"line":6,"column":4},"end":{"line":6,"column":39}},"4":{"start":{"line":9,"column":2},"end":{"line":11,"column":null}},"5":{"start":{"line":10,"column":4},"end":{"line":10,"column":29}},"6":{"start":{"line":15,"column":2},"end":{"line":27,"column":null}},"7":{"start":{"line":16,"column":28},"end":{"line":16,"column":57}},"8":{"start":{"line":18,"column":25},"end":{"line":18,"column":75}},"9":{"start":{"line":26,"column":4},"end":{"line":26,"column":37}},"10":{"start":{"line":29,"column":2},"end":{"line":32,"column":null}},"11":{"start":{"line":30,"column":4},"end":{"line":30,"column":50}},"12":{"start":{"line":31,"column":4},"end":{"line":31,"column":30}},"13":{"start":{"line":34,"column":2},"end":{"line":40,"column":null}},"14":{"start":{"line":35,"column":18},"end":{"line":35,"column":32}},"15":{"start":{"line":36,"column":4},"end":{"line":36,"column":20}},"16":{"start":{"line":37,"column":17},"end":{"line":37,"column":31}},"17":{"start":{"line":38,"column":4},"end":{"line":38,"column":25}},"18":{"start":{"line":39,"column":4},"end":{"line":39,"column":16}},"19":{"start":{"line":72,"column":0},"end":{"line":72,"column":null}},"20":{"start":{"line":3,"column":13},"end":{"line":3,"column":20}}},"fnMap":{"0":{"name":"(anonymous_0)","decl":{"start":{"line":3,"column":0},"end":{"line":3,"column":13}},"loc":{"start":{"line":3,"column":0},"end":{"line":72,"column":null}}},"1":{"name":"Scanner","decl":{"start":{"line":5,"column":2},"end":{"line":5,"column":31}},"loc":{"start":{"line":5,"column":51},"end":{"line":7,"column":3}}},"2":{"name":"(anonymous_2)","decl":{"start":{"line":9,"column":2},"end":{"line":9,"column":9}},"loc":{"start":{"line":9,"column":2},"end":{"line":11,"column":3}}},"3":{"name":"(anonymous_3)","decl":{"start":{"line":15,"column":2},"end":{"line":15,"column":10}},"loc":{"start":{"line":15,"column":2},"end":{"line":27,"column":3}}},"4":{"name":"(anonymous_4)","decl":{"start":{"line":29,"column":2},"end":{"line":29,"column":10}},"loc":{"start":{"line":29,"column":23},"end":{"line":32,"column":3}}},"5":{"name":"(anonymous_5)","decl":{"start":{"line":34,"column":2},"end":{"line":34,"column":11}},"loc":{"start":{"line":34,"column":2},"end":{"line":40,"column":3}}}},"branchMap":{"0":{"loc":{"start":{"line":18,"column":43},"end":{"line":18,"column":58}},"type":"cond-expr","locations":[{"start":{"line":18,"column":43},"end":{"line":18,"column":58}},{"start":{"line":18,"column":61},"end":{"line":18,"column":75}}]}},"s":{"0":16,"1":100,"2":100,"3":100,"4":16,"5":82160,"6":16,"7":9798,"8":9798,"9":9798,"10":16,"11":403,"12":403,"13":16,"14":309,"15":309,"16":309,"17":309,"18":309,"19":16,"20":16},"f":{"0":16,"1":100,"2":82160,"3":9798,"4":403,"5":309},"b":{"0":[403,9395]}}
,"/home/runner/work/rocco/rocco/core/testsnapshot.ts": {"path":"/home/runner/work/rocco/rocco/core/testsnapshot.ts","statementMap":{"0":{"start":{"line":1,"column":0},"end":{"line":1,"column":25}},"1":{"start":{"line":7,"column":2},"end":{"line":7,"column":null}},"2":{"start":{"line":10,"column":4},"end":{"line":18,"column":11}},"3":{"start":{"line":19,"column":2},"end":{"line":54,"column":null}},"4":{"start":{"line":20,"column":17},"end":{"line":27,"column":null}},"5":{"start":{"line":25,"column":23},"end":{"line":25,"column":25}},"6":{"start":{"line":26,"column":23},"end":{"line":26,"column":43}},"7":{"start":{"line":29,"column":4},"end":{"line":29,"column":37}},"8":{"start":{"line":31,"column":4},"end":{"line":53,"column":6}},"9":{"start":{"line":36,"column":22},"end":{"line":36,"column":34}},"10":{"start":{"line":41,"column":22},"end":{"line":41,"column":34}},"11":{"start":{"line":3,"column":0},"end":{"line":3,"column":16}}},"fnMap":{"0":{"name":"testSnapshot","decl":{"start":{"line":3,"column":16},"end":{"line":3,"column":28}},"loc":{"start":{"line":7,"column":23},"end":{"line":55,"column":1}}},"1":{"name":"(anonymous_7)","decl":{"start":{"line":25,"column":16},"end":{"line":25,"column":17}},"loc":{"start":{"line":25,"column":18},"end":{"line":25,"column":24}}},"2":{"name":"(anonymous_8)","decl":{"start":{"line":26,"column":16},"end":{"line":26,"column":17}},"loc":{"start":{"line":26,"column":18},"end":{"line":26,"column":24}}},"3":{"name":"(anonymous_9)","decl":{"start":{"line":36,"column":15},"end":{"line":36,"column":16}},"loc":{"start":{"line":36,"column":17},"end":{"line":36,"column":28}}},"4":{"name":"(anonymous_10)","decl":{"start":{"line":41,"column":15},"end":{"line":41,"column":16}},"loc":{"start":{"line":41,"column":17},"end":{"line":41,"column":28}}}},"branchMap":{"0":{"loc":{"start":{"line":7,"column":2},"end":{"line":7,"column":null}},"type":"if","locations":[{"start":{"line":7,"column":2},"end":{"line":7,"column":null}},{"start":{"line":7,"column":2},"end":{"line":7,"column":null}}]},"1":{"loc":{"start":{"line":19,"column":2},"end":{"line":54,"column":null}},"type":"if","locations":[{"start":{"line":19,"column":2},"end":{"line":54,"column":null}},{"start":{"line":19,"column":2},"end":{"line":54,"column":null}}]}},"s":{"0":3,"1":29,"2":17,"3":17,"4":17,"5":1912,"6":1895,"7":17,"8":0,"9":0,"10":0,"11":3},"f":{"0":17,"1":1912,"2":1895,"3":0,"4":0},"b":{"0":[12,5],"1":[17,0]}}
,"/home/runner/work/rocco/rocco/emittertests/funcs.ts": {"path":"/home/runner/work/rocco/rocco/emittertests/funcs.ts","statementMap":{"0":{"start":{"line":1,"column":0},"end":{"line":1,"column":20}},"1":{"start":{"line":2,"column":0},"end":{"line":2,"column":57}},"2":{"start":{"line":3,"column":0},"end":{"line":3,"column":42}},"3":{"start":{"line":4,"column":0},"end":{"line":4,"column":53}},"4":{"start":{"line":5,"column":0},"end":{"line":5,"column":39}},"5":{"start":{"line":6,"column":0},"end":{"line":6,"column":22}},"6":{"start":{"line":9,"column":14},"end":{"line":15,"column":4}},"7":{"start":{"line":16,"column":2},"end":{"line":18,"column":4}},"8":{"start":{"line":26,"column":2},"end":{"line":26,"column":21}},"9":{"start":{"line":28,"column":8},"end":{"line":30,"column":16}},"10":{"start":{"line":29,"column":20},"end":{"line":29,"column":80}},"11":{"start":{"line":33,"column":10},"end":{"line":33,"column":58}},"12":{"start":{"line":35,"column":10},"end":{"line":35,"column":46}},"13":{"start":{"line":37,"column":10},"end":{"line":37,"column":31}},"14":{"start":{"line":39,"column":17},"end":{"line":39,"column":null}},"15":{"start":{"line":39,"column":23},"end":{"line":39,"column":38}},"16":{"start":{"line":39,"column":54},"end":{"line":39,"column":70}},"17":{"start":{"line":39,"column":10},"end":{"line":39,"column":null}},"18":{"start":{"line":42,"column":10},"end":{"line":42,"column":28}},"19":{"start":{"line":43,"column":10},"end":{"line":43,"column":52}},"20":{"start":{"line":45,"column":10},"end":{"line":59,"column":9}},"21":{"start":{"line":46,"column":6},"end":{"line":58,"column":null}},"22":{"start":{"line":47,"column":28},"end":{"line":47,"column":62}},"23":{"start":{"line":48,"column":8},"end":{"line":48,"column":27}},"24":{"start":{"line":50,"column":8},"end":{"line":54,"column":10}},"25":{"start":{"line":52,"column":31},"end":{"line":52,"column":70}},"26":{"start":{"line":56,"column":8},"end":{"line":56,"column":24}},"27":{"start":{"line":57,"column":8},"end":{"line":57,"column":16}},"28":{"start":{"line":61,"column":10},"end":{"line":63,"column":7}},"29":{"start":{"line":69,"column":10},"end":{"line":69,"column":23}},"30":{"start":{"line":70,"column":4},"end":{"line":76,"column":null}},"31":{"start":{"line":71,"column":6},"end":{"line":75,"column":8}},"32":{"start":{"line":73,"column":29},"end":{"line":73,"column":68}},"33":{"start":{"line":78,"column":19},"end":{"line":78,"column":null}},"34":{"start":{"line":78,"column":10},"end":{"line":78,"column":null}},"35":{"start":{"line":81,"column":10},"end":{"line":81,"column":73}},"36":{"start":{"line":83,"column":21},"end":{"line":85,"column":null}},"37":{"start":{"line":83,"column":10},"end":{"line":85,"column":null}},"38":{"start":{"line":87,"column":10},"end":{"line":87,"column":65}},"39":{"start":{"line":89,"column":10},"end":{"line":89,"column":49}},"40":{"start":{"line":91,"column":10},"end":{"line":91,"column":47}},"41":{"start":{"line":93,"column":4},"end":{"line":99,"column":6}},"42":{"start":{"line":101,"column":4},"end":{"line":101,"column":22}},"43":{"start":{"line":102,"column":4},"end":{"line":102,"column":12}},"44":{"start":{"line":25,"column":0},"end":{"line":25,"column":22}}},"fnMap":{"0":{"name":"writeErrorInfo","decl":{"start":{"line":8,"column":9},"end":{"line":8,"column":23}},"loc":{"start":{"line":8,"column":30},"end":{"line":19,"column":1}}},"1":{"name":"compile","decl":{"start":{"line":25,"column":22},"end":{"line":25,"column":29}},"loc":{"start":{"line":25,"column":29},"end":{"line":104,"column":null}}},"2":{"name":"(anonymous_24)","decl":{"start":{"line":29,"column":9},"end":{"line":29,"column":10}},"loc":{"start":{"line":29,"column":15},"end":{"line":29,"column":22}}},"3":{"name":"(anonymous_25)","decl":{"start":{"line":39,"column":23},"end":{"line":39,"column":30}},"loc":{"start":{"line":39,"column":23},"end":{"line":39,"column":38}}},"4":{"name":"(anonymous_26)","decl":{"start":{"line":39,"column":43},"end":{"line":39,"column":44}},"loc":{"start":{"line":39,"column":49},"end":{"line":39,"column":59}}},"5":{"name":"(anonymous_27)","decl":{"start":{"line":45,"column":24},"end":{"line":45,"column":null}},"loc":{"start":{"line":45,"column":24},"end":{"line":59,"column":5}}},"6":{"name":"(anonymous_28)","decl":{"start":{"line":52,"column":17},"end":{"line":52,"column":18}},"loc":{"start":{"line":52,"column":26},"end":{"line":52,"column":34}}},"7":{"name":"(anonymous_29)","decl":{"start":{"line":73,"column":15},"end":{"line":73,"column":16}},"loc":{"start":{"line":73,"column":24},"end":{"line":73,"column":32}}}},"branchMap":{"0":{"loc":{"start":{"line":12,"column":23},"end":{"line":12,"column":38}},"type":"cond-expr","locations":[{"start":{"line":12,"column":23},"end":{"line":12,"column":38}},{"start":{"line":12,"column":41},"end":{"line":12,"column":42}}]},"1":{"loc":{"start":{"line":13,"column":22},"end":{"line":13,"column":36}},"type":"cond-expr","locations":[{"start":{"line":13,"column":22},"end":{"line":13,"column":36}},{"start":{"line":13,"column":39},"end":{"line":13,"column":40}}]},"2":{"loc":{"start":{"line":14,"column":25},"end":{"line":14,"column":42}},"type":"cond-expr","locations":[{"start":{"line":14,"column":25},"end":{"line":14,"column":42}},{"start":{"line":14,"column":45},"end":{"line":14,"column":46}}]},"3":{"loc":{"start":{"line":70,"column":4},"end":{"line":76,"column":null}},"type":"if","locations":[{"start":{"line":70,"column":4},"end":{"line":76,"column":null}},{"start":{"line":70,"column":4},"end":{"line":76,"column":null}}]}},"s":{"0":9,"1":9,"2":9,"3":9,"4":9,"5":9,"6":0,"7":0,"8":27,"9":9,"10":9,"11":9,"12":9,"13":9,"14":9,"15":9,"16":9,"17":9,"18":9,"19":9,"20":9,"21":9,"22":9,"23":9,"24":0,"25":0,"26":0,"27":0,"28":9,"29":9,"30":9,"31":0,"32":0,"33":9,"34":9,"35":9,"36":9,"37":9,"38":9,"39":9,"40":9,"41":9,"42":0,"43":0,"44":9},"f":{"0":0,"1":9,"2":9,"3":9,"4":9,"5":9,"6":0,"7":0},"b":{"0":[0,0],"1":[0,0],"2":[0,0],"3":[0,9]}}
}
