TN:
SF:core/assertNever.ts
FN:1,assertNever
FNF:1
FNH:0
FNDA:0,assertNever
DA:1,11
DA:2,0
LF:2
LH:1
BRF:0
BRH:0
end_of_record
TN:
SF:core/emitter.expressionsandtypes.ts
FN:33,createExpressionAndTypes
FN:38,error
FN:42,(anonymous_6)
FN:46,(anonymous_7)
FN:53,(anonymous_8)
FN:105,(anonymous_9)
FN:117,(anonymous_10)
FN:136,(anonymous_11)
FN:154,(anonymous_12)
FN:168,(anonymous_13)
FN:199,(anonymous_14)
FN:214,(anonymous_15)
FN:242,(anonymous_16)
FN:243,(anonymous_17)
FN:249,(anonymous_18)
FN:264,(anonymous_19)
FN:282,(anonymous_20)
FN:342,(anonymous_21)
FN:352,(anonymous_22)
FN:391,(anonymous_23)
FN:401,(anonymous_24)
FN:475,(anonymous_25)
FN:477,(anonymous_26)
FN:518,(anonymous_27)
FN:702,(anonymous_28)
FN:716,(anonymous_29)
FN:741,(anonymous_30)
FN:808,(anonymous_31)
FN:823,(anonymous_32)
FN:828,(anonymous_33)
FN:875,(anonymous_34)
FN:877,(anonymous_35)
FN:926,(anonymous_36)
FN:958,(anonymous_37)
FN:1000,(anonymous_38)
FN:1072,(anonymous_39)
FN:1133,(anonymous_40)
FN:1180,(anonymous_41)
FN:1202,(anonymous_42)
FNF:39
FNH:34
FNDA:9,createExpressionAndTypes
FNDA:0,error
FNDA:2217,(anonymous_6)
FNDA:2217,(anonymous_7)
FNDA:0,(anonymous_8)
FNDA:116,(anonymous_9)
FNDA:4053,(anonymous_10)
FNDA:1,(anonymous_11)
FNDA:742,(anonymous_12)
FNDA:0,(anonymous_13)
FNDA:1035,(anonymous_14)
FNDA:210,(anonymous_15)
FNDA:0,(anonymous_16)
FNDA:4,(anonymous_17)
FNDA:458,(anonymous_18)
FNDA:6,(anonymous_19)
FNDA:162,(anonymous_20)
FNDA:157,(anonymous_21)
FNDA:103,(anonymous_22)
FNDA:294,(anonymous_23)
FNDA:201,(anonymous_24)
FNDA:139,(anonymous_25)
FNDA:277,(anonymous_26)
FNDA:580,(anonymous_27)
FNDA:573,(anonymous_28)
FNDA:3,(anonymous_29)
FNDA:7,(anonymous_30)
FNDA:267,(anonymous_31)
FNDA:0,(anonymous_32)
FNDA:267,(anonymous_33)
FNDA:3,(anonymous_34)
FNDA:50,(anonymous_35)
FNDA:6,(anonymous_36)
FNDA:2,(anonymous_37)
FNDA:1,(anonymous_38)
FNDA:50,(anonymous_39)
FNDA:2,(anonymous_40)
FNDA:11,(anonymous_41)
FNDA:11,(anonymous_42)
DA:3,9
DA:5,9
DA:6,9
DA:7,9
DA:33,9
DA:36,27
DA:39,0
DA:42,9
DA:46,2217
DA:50,2217
DA:53,2217
DA:58,2217
DA:59,2005
DA:60,1566
DA:61,439
DA:62,439
DA:64,0
DA:66,212
DA:67,151
DA:69,151
DA:70,0
DA:72,151
DA:73,0
DA:76,151
DA:78,151
DA:79,151
DA:81,0
DA:86,61
DA:87,0
DA:88,61
DA:92,0
DA:96,61
DA:97,61
DA:98,0
DA:99,0
DA:101,0
DA:105,9
DA:106,116
DA:107,0
DA:109,116
DA:110,116
DA:111,116
DA:113,0
DA:117,9
DA:118,4053
DA:120,937
DA:121,1
DA:122,0
DA:124,1
DA:125,0
DA:127,1
DA:133,1
DA:134,1
DA:136,1
DA:140,936
DA:141,936
DA:142,936
DA:143,936
DA:145,936
DA:151,936
DA:152,936
DA:154,742
DA:159,0
DA:165,0
DA:166,0
DA:168,0
DA:173,0
DA:174,0
DA:176,3116
DA:177,1641
DA:178,1641
DA:179,1063
DA:183,1063
DA:184,1063
DA:189,148
DA:192,148
DA:193,148
DA:196,1063
DA:200,1035
DA:215,210
DA:223,0
DA:227,0
DA:229,0
DA:231,578
DA:232,0
DA:236,578
DA:237,140
DA:242,0
DA:243,4
DA:245,438
DA:246,322
DA:250,458
DA:265,6
DA:273,116
DA:274,116
DA:275,0
DA:278,116
DA:283,162
DA:292,0
DA:296,0
DA:297,0
DA:298,0
DA:300,0
DA:302,1475
DA:303,311
DA:304,311
DA:305,311
DA:306,311
DA:308,311
DA:309,0
DA:311,311
DA:315,0
DA:317,311
DA:318,109
DA:319,109
DA:320,0
DA:326,109
DA:327,0
DA:329,109
DA:331,109
DA:332,0
DA:335,109
DA:338,109
DA:342,109
DA:343,157
DA:347,157
DA:350,109
DA:351,109
DA:352,103
DA:360,109
DA:366,202
DA:367,202
DA:368,202
DA:369,0
DA:371,202
DA:372,0
DA:375,202
DA:376,0
DA:378,202
DA:380,202
DA:381,0
DA:384,202
DA:387,202
DA:391,202
DA:392,294
DA:396,294
DA:399,202
DA:400,202
DA:401,201
DA:409,202
DA:416,0
DA:418,1164
DA:419,139
DA:420,139
DA:421,0
DA:423,139
DA:424,139
DA:425,0
DA:427,139
DA:428,139
DA:429,0
DA:431,139
DA:432,0
DA:433,0
DA:435,0
DA:439,139
DA:440,139
DA:441,277
DA:442,277
DA:444,277
DA:445,277
DA:446,277
DA:447,0
DA:450,277
DA:455,277
DA:456,0
DA:458,277
DA:459,0
DA:462,277
DA:463,277
DA:464,0
DA:466,277
DA:469,139
DA:471,139
DA:476,139
DA:477,277
DA:479,139
DA:480,136
DA:482,3
DA:483,3
DA:485,139
DA:488,1025
DA:489,580
DA:490,580
DA:492,580
DA:494,580
DA:495,580
DA:496,0
DA:498,580
DA:499,580
DA:500,0
DA:503,580
DA:504,580
DA:505,580
DA:506,0
DA:508,580
DA:509,0
DA:511,580
DA:512,0
DA:514,580
DA:515,0
DA:518,580
DA:519,580
DA:520,14
DA:522,566
DA:523,0
DA:526,566
DA:527,566
DA:528,566
DA:529,0
DA:531,566
DA:532,0
DA:534,566
DA:536,566
DA:538,0
DA:542,580
DA:561,570
DA:611,570
DA:614,570
DA:616,570
DA:618,570
DA:622,570
DA:670,570
DA:671,570
DA:676,14
DA:677,14
DA:678,0
DA:683,14
DA:684,0
DA:690,570
DA:695,0
DA:698,570
DA:703,573
DA:711,10
DA:712,3
DA:717,3
DA:736,7
DA:737,7
DA:742,7
DA:764,0
DA:766,445
DA:767,267
DA:768,267
DA:770,267
DA:771,267
DA:772,0
DA:778,267
DA:780,0
DA:786,267
DA:787,0
DA:790,267
DA:791,267
DA:792,0
DA:795,267
DA:796,267
DA:797,0
DA:803,267
DA:804,267
DA:805,0
DA:808,267
DA:809,267
DA:819,267
DA:820,267
DA:822,267
DA:826,0
DA:829,267
DA:837,178
DA:838,104
DA:839,45
DA:840,45
DA:841,45
DA:842,45
DA:843,0
DA:845,45
DA:851,45
DA:852,45
DA:858,59
DA:859,53
DA:860,53
DA:861,53
DA:862,0
DA:864,53
DA:865,53
DA:866,0
DA:869,53
DA:870,53
DA:873,53
DA:875,3
DA:877,50
DA:882,53
DA:888,6
DA:894,6
DA:895,6
DA:896,6
DA:897,0
DA:899,6
DA:900,0
DA:905,6
DA:906,6
DA:907,0
DA:910,6
DA:920,6
DA:926,6
DA:929,0
DA:937,74
DA:938,2
DA:944,2
DA:945,2
DA:946,2
DA:947,2
DA:948,0
DA:952,2
DA:953,2
DA:958,2
DA:960,0
DA:961,0
DA:962,0
DA:963,0
DA:964,0
DA:969,0
DA:976,0
DA:978,72
DA:979,1
DA:980,1
DA:981,0
DA:987,1
DA:989,1
DA:995,1
DA:996,1
DA:1000,1
DA:1002,71
DA:1003,8
DA:1005,8
DA:1006,8
DA:1007,0
DA:1009,8
DA:1010,0
DA:1012,8
DA:1016,0
DA:1022,8
DA:1028,63
DA:1032,50
DA:1033,50
DA:1034,50
DA:1035,50
DA:1036,50
DA:1037,0
DA:1040,50
DA:1041,1
DA:1042,1
DA:1043,0
DA:1045,1
DA:1047,49
DA:1049,50
DA:1050,50
DA:1051,0
DA:1053,50
DA:1054,50
DA:1055,0
DA:1057,50
DA:1058,0
DA:1060,50
DA:1061,0
DA:1063,50
DA:1072,50
DA:1089,13
DA:1093,2
DA:1094,2
DA:1095,2
DA:1096,2
DA:1097,2
DA:1098,0
DA:1101,2
DA:1102,0
DA:1103,0
DA:1104,0
DA:1106,0
DA:1108,2
DA:1110,2
DA:1111,2
DA:1112,0
DA:1114,2
DA:1115,2
DA:1116,0
DA:1118,2
DA:1119,0
DA:1121,2
DA:1122,0
DA:1124,2
DA:1133,2
DA:1150,11
DA:1151,11
DA:1152,11
DA:1153,11
DA:1155,11
DA:1156,11
DA:1157,0
DA:1160,11
DA:1161,11
DA:1162,0
DA:1165,11
DA:1166,11
DA:1167,0
DA:1170,11
DA:1171,0
DA:1173,11
DA:1174,0
DA:1176,11
DA:1177,0
DA:1180,11
DA:1182,11
DA:1183,11
DA:1184,11
DA:1185,0
DA:1187,11
DA:1188,0
DA:1190,11
DA:1192,9
DA:1194,2
DA:1198,11
DA:1202,11
DA:1212,0
DA:1215,0
DA:1218,9
LF:434
LH:318
BRDA:58,0,0,2005
BRDA:58,0,1,212
BRDA:59,1,0,1566
BRDA:59,1,1,439
BRDA:61,2,0,439
BRDA:61,2,1,0
BRDA:66,3,0,151
BRDA:66,3,1,61
BRDA:69,4,0,0
BRDA:69,4,1,151
BRDA:72,5,0,0
BRDA:72,5,1,151
BRDA:78,6,0,151
BRDA:78,6,1,0
BRDA:78,7,0,151
BRDA:78,7,1,151
BRDA:86,8,0,0
BRDA:86,8,1,61
BRDA:86,9,0,61
BRDA:86,9,1,61
BRDA:88,10,0,0
BRDA:88,10,1,61
BRDA:89,11,0,61
BRDA:89,11,1,61
BRDA:96,12,0,61
BRDA:96,12,1,0
BRDA:98,13,0,0
BRDA:98,13,1,0
BRDA:106,14,0,0
BRDA:106,14,1,116
BRDA:110,15,0,116
BRDA:110,15,1,0
BRDA:118,16,0,937
BRDA:118,16,1,3116
BRDA:120,17,0,1
BRDA:120,17,1,936
BRDA:121,18,0,0
BRDA:121,18,1,1
BRDA:124,19,0,0
BRDA:124,19,1,1
BRDA:131,20,0,1
BRDA:131,20,1,0
BRDA:140,21,0,936
BRDA:140,21,1,0
BRDA:143,22,0,936
BRDA:143,22,1,0
BRDA:143,23,0,936
BRDA:143,23,1,936
BRDA:149,24,0,936
BRDA:149,24,1,0
BRDA:163,25,0,0
BRDA:163,25,1,0
BRDA:173,26,0,0
BRDA:173,26,1,0
BRDA:176,27,0,1641
BRDA:176,27,1,1475
BRDA:178,28,0,1063
BRDA:178,28,1,578
BRDA:179,29,0,1063
BRDA:179,29,1,0
BRDA:180,30,0,1063
BRDA:180,30,1,237
BRDA:184,31,0,148
BRDA:184,31,1,915
BRDA:185,32,0,1063
BRDA:185,32,1,148
BRDA:185,32,2,148
BRDA:192,33,0,148
BRDA:192,33,1,0
BRDA:201,34,0,97
BRDA:201,34,1,938
BRDA:216,35,0,2
BRDA:216,35,1,208
BRDA:223,36,0,0
BRDA:223,36,1,0
BRDA:224,37,0,0
BRDA:224,37,1,0
BRDA:231,38,0,0
BRDA:231,38,1,578
BRDA:236,39,0,140
BRDA:236,39,1,438
BRDA:240,40,0,140
BRDA:240,40,1,0
BRDA:245,41,0,322
BRDA:245,41,1,116
BRDA:251,42,0,0
BRDA:251,42,1,458
BRDA:266,43,0,0
BRDA:266,43,1,6
BRDA:273,44,0,116
BRDA:273,44,1,0
BRDA:274,45,0,0
BRDA:274,45,1,116
BRDA:284,46,0,159
BRDA:284,46,1,3
BRDA:292,47,0,0
BRDA:292,47,1,0
BRDA:293,48,0,0
BRDA:293,48,1,0
BRDA:297,49,0,0
BRDA:297,49,1,0
BRDA:302,50,0,311
BRDA:302,50,1,1164
BRDA:308,51,0,0
BRDA:308,51,1,311
BRDA:311,52,0,0
BRDA:311,52,1,311
BRDA:312,53,0,311
BRDA:312,53,1,141
BRDA:317,54,0,109
BRDA:317,54,1,202
BRDA:319,55,0,0
BRDA:319,55,1,109
BRDA:326,56,0,0
BRDA:326,56,1,109
BRDA:331,57,0,0
BRDA:331,57,1,109
BRDA:339,58,0,3
BRDA:339,58,1,106
BRDA:352,59,0,109
BRDA:352,59,1,0
BRDA:366,60,0,202
BRDA:366,60,1,0
BRDA:368,61,0,0
BRDA:368,61,1,202
BRDA:371,62,0,0
BRDA:371,62,1,202
BRDA:375,63,0,0
BRDA:375,63,1,202
BRDA:380,64,0,0
BRDA:380,64,1,202
BRDA:388,65,0,2
BRDA:388,65,1,200
BRDA:401,66,0,202
BRDA:401,66,1,0
BRDA:418,67,0,139
BRDA:418,67,1,1025
BRDA:420,68,0,0
BRDA:420,68,1,139
BRDA:424,69,0,0
BRDA:424,69,1,139
BRDA:428,70,0,0
BRDA:428,70,1,139
BRDA:431,71,0,0
BRDA:431,71,1,139
BRDA:432,72,0,0
BRDA:432,72,1,0
BRDA:446,73,0,0
BRDA:446,73,1,277
BRDA:452,74,0,275
BRDA:452,74,1,2
BRDA:455,75,0,0
BRDA:455,75,1,277
BRDA:458,76,0,0
BRDA:458,76,1,277
BRDA:463,77,0,0
BRDA:463,77,1,277
BRDA:479,78,0,136
BRDA:479,78,1,3
BRDA:488,79,0,580
BRDA:488,79,1,445
BRDA:495,80,0,0
BRDA:495,80,1,580
BRDA:499,81,0,0
BRDA:499,81,1,580
BRDA:505,82,0,0
BRDA:505,82,1,580
BRDA:508,83,0,0
BRDA:508,83,1,580
BRDA:511,84,0,0
BRDA:511,84,1,580
BRDA:514,85,0,0
BRDA:514,85,1,580
BRDA:519,86,0,14
BRDA:519,86,1,566
BRDA:522,87,0,0
BRDA:522,87,1,566
BRDA:528,88,0,0
BRDA:528,88,1,566
BRDA:531,89,0,0
BRDA:531,89,1,566
BRDA:534,90,0,566
BRDA:534,90,1,0
BRDA:542,91,0,570
BRDA:542,91,1,10
BRDA:543,92,0,580
BRDA:543,92,1,461
BRDA:543,92,2,456
BRDA:543,92,3,451
BRDA:543,92,4,344
BRDA:543,92,5,303
BRDA:543,92,6,284
BRDA:543,92,7,281
BRDA:543,92,8,264
BRDA:543,92,9,239
BRDA:543,92,10,179
BRDA:543,92,11,164
BRDA:543,92,12,123
BRDA:543,92,13,117
BRDA:543,92,14,113
BRDA:543,92,15,104
BRDA:562,93,0,71
BRDA:562,93,1,499
BRDA:561,94,0,570
BRDA:561,94,1,90
BRDA:563,95,0,48
BRDA:563,95,1,23
BRDA:565,96,0,0
BRDA:565,96,1,23
BRDA:567,97,0,0
BRDA:567,97,1,23
BRDA:569,98,0,8
BRDA:569,98,1,15
BRDA:571,99,0,12
BRDA:571,99,1,3
BRDA:573,100,0,0
BRDA:573,100,1,3
BRDA:575,101,0,0
BRDA:575,101,1,3
BRDA:578,102,0,0
BRDA:578,102,1,3
BRDA:580,103,0,3
BRDA:580,103,1,0
BRDA:582,104,0,0
BRDA:582,104,1,0
BRDA:583,105,0,0
BRDA:583,105,1,0
BRDA:586,106,0,0
BRDA:586,106,1,0
BRDA:587,107,0,0
BRDA:587,107,1,0
BRDA:590,108,0,0
BRDA:590,108,1,0
BRDA:591,109,0,0
BRDA:591,109,1,0
BRDA:594,110,0,0
BRDA:594,110,1,0
BRDA:595,111,0,0
BRDA:595,111,1,0
BRDA:598,112,0,0
BRDA:598,112,1,0
BRDA:599,113,0,0
BRDA:599,113,1,0
BRDA:602,114,0,0
BRDA:602,114,1,0
BRDA:603,115,0,0
BRDA:603,115,1,0
BRDA:606,116,0,0
BRDA:606,116,1,0
BRDA:611,117,0,570
BRDA:611,117,1,556
BRDA:614,118,0,570
BRDA:614,118,1,570
BRDA:616,119,0,570
BRDA:616,119,1,544
BRDA:618,120,0,570
BRDA:618,120,1,556
BRDA:623,121,0,119
BRDA:623,121,1,451
BRDA:625,122,0,5
BRDA:625,122,1,446
BRDA:626,123,0,0
BRDA:626,123,1,5
BRDA:629,124,0,5
BRDA:629,124,1,441
BRDA:630,125,0,0
BRDA:630,125,1,5
BRDA:633,126,0,107
BRDA:633,126,1,334
BRDA:635,127,0,41
BRDA:635,127,1,293
BRDA:637,128,0,19
BRDA:637,128,1,274
BRDA:639,129,0,3
BRDA:639,129,1,271
BRDA:641,130,0,17
BRDA:641,130,1,254
BRDA:643,131,0,25
BRDA:643,131,1,229
BRDA:644,132,0,1
BRDA:644,132,1,24
BRDA:647,133,0,60
BRDA:647,133,1,169
BRDA:649,134,0,15
BRDA:649,134,1,154
BRDA:651,135,0,41
BRDA:651,135,1,113
BRDA:652,136,0,1
BRDA:652,136,1,40
BRDA:655,137,0,6
BRDA:655,137,1,107
BRDA:656,138,0,1
BRDA:656,138,1,5
BRDA:659,139,0,4
BRDA:659,139,1,103
BRDA:660,140,0,1
BRDA:660,140,1,3
BRDA:663,141,0,9
BRDA:663,141,1,94
BRDA:664,142,0,7
BRDA:664,142,1,2
BRDA:667,143,0,94
BRDA:667,143,1,0
BRDA:671,144,0,14
BRDA:671,144,1,556
BRDA:672,145,0,570
BRDA:672,145,1,463
BRDA:672,145,2,148
BRDA:672,145,3,14
BRDA:677,146,0,0
BRDA:677,146,1,14
BRDA:683,147,0,0
BRDA:683,147,1,14
BRDA:690,148,0,0
BRDA:690,148,1,570
BRDA:691,149,0,570
BRDA:691,149,1,463
BRDA:691,149,2,148
BRDA:691,149,3,134
BRDA:711,150,0,3
BRDA:711,150,1,7
BRDA:736,151,0,7
BRDA:736,151,1,0
BRDA:766,152,0,267
BRDA:766,152,1,178
BRDA:771,153,0,0
BRDA:771,153,1,267
BRDA:778,154,0,0
BRDA:778,154,1,267
BRDA:786,155,0,0
BRDA:786,155,1,267
BRDA:791,156,0,0
BRDA:791,156,1,267
BRDA:796,157,0,0
BRDA:796,157,1,267
BRDA:804,158,0,0
BRDA:804,158,1,267
BRDA:837,159,0,104
BRDA:837,159,1,74
BRDA:838,160,0,45
BRDA:838,160,1,59
BRDA:842,161,0,0
BRDA:842,161,1,45
BRDA:858,162,0,53
BRDA:858,162,1,6
BRDA:861,163,0,0
BRDA:861,163,1,53
BRDA:865,164,0,0
BRDA:865,164,1,53
BRDA:875,165,0,3
BRDA:875,165,1,50
BRDA:877,166,0,50
BRDA:877,166,1,0
BRDA:888,167,0,6
BRDA:888,167,1,0
BRDA:889,168,0,6
BRDA:889,168,1,5
BRDA:889,168,2,4
BRDA:889,168,3,3
BRDA:896,169,0,0
BRDA:896,169,1,6
BRDA:899,170,0,0
BRDA:899,170,1,6
BRDA:906,171,0,0
BRDA:906,171,1,6
BRDA:911,172,0,1
BRDA:911,172,1,5
BRDA:913,173,0,1
BRDA:913,173,1,4
BRDA:915,174,0,1
BRDA:915,174,1,3
BRDA:917,175,0,3
BRDA:917,175,1,0
BRDA:937,176,0,2
BRDA:937,176,1,72
BRDA:947,177,0,0
BRDA:947,177,1,2
BRDA:952,178,0,2
BRDA:952,178,1,0
BRDA:960,179,0,0
BRDA:960,179,1,0
BRDA:963,180,0,0
BRDA:963,180,1,0
BRDA:978,181,0,1
BRDA:978,181,1,71
BRDA:980,182,0,0
BRDA:980,182,1,1
BRDA:1002,183,0,8
BRDA:1002,183,1,63
BRDA:1006,184,0,0
BRDA:1006,184,1,8
BRDA:1009,185,0,0
BRDA:1009,185,1,8
BRDA:1012,186,0,0
BRDA:1012,186,1,8
BRDA:1013,187,0,8
BRDA:1013,187,1,3
BRDA:1028,188,0,50
BRDA:1028,188,1,13
BRDA:1029,189,0,63
BRDA:1029,189,1,28
BRDA:1036,190,0,0
BRDA:1036,190,1,50
BRDA:1040,191,0,1
BRDA:1040,191,1,49
BRDA:1042,192,0,0
BRDA:1042,192,1,1
BRDA:1050,193,0,0
BRDA:1050,193,1,50
BRDA:1054,194,0,0
BRDA:1054,194,1,50
BRDA:1057,195,0,0
BRDA:1057,195,1,50
BRDA:1060,196,0,0
BRDA:1060,196,1,50
BRDA:1084,197,0,35
BRDA:1084,197,1,15
BRDA:1089,198,0,2
BRDA:1089,198,1,11
BRDA:1090,199,0,13
BRDA:1090,199,1,11
BRDA:1097,200,0,0
BRDA:1097,200,1,2
BRDA:1101,201,0,0
BRDA:1101,201,1,2
BRDA:1103,202,0,0
BRDA:1103,202,1,0
BRDA:1111,203,0,0
BRDA:1111,203,1,2
BRDA:1115,204,0,0
BRDA:1115,204,1,2
BRDA:1118,205,0,0
BRDA:1118,205,1,2
BRDA:1121,206,0,0
BRDA:1121,206,1,2
BRDA:1142,207,0,2
BRDA:1142,207,1,0
BRDA:1150,208,0,11
BRDA:1150,208,1,0
BRDA:1156,209,0,0
BRDA:1156,209,1,11
BRDA:1161,210,0,0
BRDA:1161,210,1,11
BRDA:1166,211,0,0
BRDA:1166,211,1,11
BRDA:1170,212,0,0
BRDA:1170,212,1,11
BRDA:1173,213,0,0
BRDA:1173,213,1,11
BRDA:1176,214,0,0
BRDA:1176,214,1,11
BRDA:1184,215,0,0
BRDA:1184,215,1,11
BRDA:1187,216,0,0
BRDA:1187,216,1,11
BRDA:1190,217,0,9
BRDA:1190,217,1,2
BRF:457
BRH:298
end_of_record
TN:
SF:core/emitter.functionscode.ts
FN:24,statementToCompoundStatementBody
FN:34,createFunctionCodeGenerator
FN:41,error
FN:45,createFunctionCode
FN:88,createFunctionCodeForBlock
FNF:5
FNH:4
FNDA:164,statementToCompoundStatementBody
FNDA:9,createFunctionCodeGenerator
FNDA:0,error
FNDA:141,createFunctionCode
FNDA:405,createFunctionCodeForBlock
DA:9,9
DA:18,9
DA:19,9
DA:27,164
DA:28,125
DA:30,39
DA:34,9
DA:39,18
DA:42,0
DA:46,141
DA:50,141
DA:51,401
DA:52,401
DA:53,401
DA:54,1
DA:56,400
DA:57,400
DA:58,0
DA:60,400
DA:61,400
DA:63,400
DA:64,400
DA:65,0
DA:68,400
DA:69,400
DA:70,0
DA:72,400
DA:75,141
DA:78,141
DA:82,0
DA:94,405
DA:95,405
DA:96,405
DA:97,987
DA:98,987
DA:99,0
DA:100,0
DA:103,987
DA:104,46
DA:105,941
DA:108,180
DA:109,129
DA:110,0
DA:111,129
DA:112,129
DA:113,1
DA:115,128
DA:119,128
DA:120,0
DA:122,128
DA:133,0
DA:136,761
DA:137,148
DA:138,148
DA:139,0
DA:140,0
DA:147,148
DA:148,0
DA:150,148
DA:154,148
DA:158,148
DA:162,148
DA:163,0
DA:168,148
DA:170,0
DA:177,148
DA:178,148
DA:179,613
DA:180,378
DA:182,378
DA:183,378
DA:184,0
DA:185,0
DA:187,0
DA:192,378
DA:193,318
DA:195,235
DA:197,100
DA:198,100
DA:205,100
DA:206,135
DA:207,81
DA:208,81
DA:209,81
DA:210,0
DA:212,81
DA:213,0
DA:219,81
DA:228,81
DA:229,32
DA:238,81
DA:239,54
DA:240,51
DA:241,51
DA:242,51
DA:243,0
DA:245,51
DA:246,0
DA:251,51
DA:253,51
DA:254,51
DA:257,51
DA:258,51
DA:260,51
DA:269,51
DA:274,3
DA:275,0
DA:276,3
DA:277,2
DA:278,0
DA:280,2
DA:281,1
DA:282,1
DA:283,0
DA:285,1
DA:287,0
DA:291,405
DA:294,141
DA:300,141
DA:304,141
DA:309,141
DA:315,141
DA:316,141
DA:317,223
DA:318,223
DA:319,0
DA:324,223
DA:325,223
DA:326,0
DA:328,223
DA:332,223
DA:345,141
DA:348,141
DA:356,141
DA:359,141
DA:362,141
DA:364,141
DA:386,9
LF:138
LH:110
BRDA:27,0,0,125
BRDA:27,0,1,39
BRDA:53,1,0,1
BRDA:53,1,1,400
BRDA:57,2,0,0
BRDA:57,2,1,400
BRDA:64,3,0,0
BRDA:64,3,1,400
BRDA:68,4,0,240
BRDA:68,4,1,160
BRDA:69,5,0,0
BRDA:69,5,1,400
BRDA:78,6,0,0
BRDA:78,6,1,141
BRDA:79,7,0,141
BRDA:79,7,1,43
BRDA:94,8,0,145
BRDA:94,8,1,260
BRDA:98,9,0,0
BRDA:98,9,1,987
BRDA:103,10,0,46
BRDA:103,10,1,941
BRDA:105,11,0,180
BRDA:105,11,1,761
BRDA:108,12,0,129
BRDA:108,12,1,51
BRDA:109,13,0,0
BRDA:109,13,1,129
BRDA:111,14,0,129
BRDA:111,14,1,0
BRDA:112,15,0,1
BRDA:112,15,1,128
BRDA:119,16,0,0
BRDA:119,16,1,128
BRDA:136,17,0,148
BRDA:136,17,1,613
BRDA:138,18,0,0
BRDA:138,18,1,148
BRDA:139,19,0,0
BRDA:139,19,1,0
BRDA:147,20,0,0
BRDA:147,20,1,148
BRDA:158,21,0,148
BRDA:158,21,1,0
BRDA:159,22,0,148
BRDA:159,22,1,148
BRDA:162,23,0,0
BRDA:162,23,1,148
BRDA:179,24,0,378
BRDA:179,24,1,235
BRDA:182,25,0,378
BRDA:182,25,1,0
BRDA:184,26,0,0
BRDA:184,26,1,0
BRDA:192,27,0,318
BRDA:192,27,1,60
BRDA:195,28,0,100
BRDA:195,28,1,135
BRDA:202,29,0,55
BRDA:202,29,1,45
BRDA:206,30,0,81
BRDA:206,30,1,54
BRDA:209,31,0,0
BRDA:209,31,1,81
BRDA:212,32,0,0
BRDA:212,32,1,81
BRDA:225,33,0,34
BRDA:225,33,1,47
BRDA:228,34,0,32
BRDA:228,34,1,49
BRDA:234,35,0,5
BRDA:234,35,1,27
BRDA:239,36,0,51
BRDA:239,36,1,3
BRDA:242,37,0,0
BRDA:242,37,1,51
BRDA:245,38,0,0
BRDA:245,38,1,51
BRDA:274,39,0,0
BRDA:274,39,1,3
BRDA:276,40,0,2
BRDA:276,40,1,1
BRDA:277,41,0,0
BRDA:277,41,1,2
BRDA:281,42,0,1
BRDA:281,42,1,0
BRDA:282,43,0,0
BRDA:282,43,1,1
BRDA:318,44,0,0
BRDA:318,44,1,223
BRDA:325,45,0,0
BRDA:325,45,1,223
BRDA:352,46,0,98
BRDA:352,46,1,43
BRDA:357,47,0,98
BRDA:357,47,1,43
BRDA:360,48,0,98
BRDA:360,48,1,43
BRF:98
BRH:71
end_of_record
TN:
SF:core/emitter.helpers.functionsignature.ts
FN:6,registerToShortname
FN:16,generateFunctionWaTypeName
FN:67,(anonymous_6)
FN:68,FunctionSignatures
FN:77,(anonymous_8)
FN:85,(anonymous_9)
FN:87,(anonymous_10)
FNF:7
FNH:7
FNDA:686,registerToShortname
FNDA:293,generateFunctionWaTypeName
FNDA:10,(anonymous_6)
FNDA:9,FunctionSignatures
FNDA:289,(anonymous_8)
FNDA:9,(anonymous_9)
FNDA:46,(anonymous_10)
DA:2,10
DA:7,686
DA:16,10
DA:17,293
DA:20,293
DA:26,293
DA:28,0
DA:30,293
DA:34,293
DA:36,293
DA:37,507
DA:38,507
DA:40,507
DA:41,507
DA:42,0
DA:43,0
DA:48,507
DA:50,507
DA:51,507
DA:54,293
DA:55,0
DA:59,293
DA:64,293
DA:67,10
DA:75,9
DA:77,10
DA:78,289
DA:79,289
DA:80,46
DA:82,289
DA:85,10
DA:86,9
DA:87,46
DA:88,46
DA:91,10
LF:35
LH:31
BRDA:21,0,0,114
BRDA:21,0,1,179
BRDA:23,1,0,179
BRDA:23,1,1,0
BRDA:26,2,0,0
BRDA:26,2,1,293
BRDA:31,3,0,179
BRDA:31,3,1,114
BRDA:38,4,0,505
BRDA:38,4,1,2
BRDA:41,5,0,0
BRDA:41,5,1,507
BRDA:54,6,0,0
BRDA:54,6,1,293
BRDA:60,7,0,244
BRDA:60,7,1,49
BRDA:79,8,0,46
BRDA:79,8,1,243
BRF:18
BRH:14
end_of_record
TN:
SF:core/emitter.helpers.trap.ts
FN:17,getTrapFunctionCode
FNF:1
FNH:1
FNDA:9,getTrapFunctionCode
DA:5,9
DA:16,9
DA:17,9
DA:20,9
DA:21,9
LF:5
LH:5
BRF:0
BRH:0
end_of_record
TN:
SF:core/emitter.helpers.ts
FN:21,createHelpers
FN:27,getDeclaration
FN:37,cloneLocation
FN:46,warn
FN:63,error
FNF:5
FNH:3
FNDA:9,createHelpers
FNDA:2262,getDeclaration
FNDA:1252,cloneLocation
FNDA:0,warn
FNDA:0,error
DA:8,9
DA:10,9
DA:21,9
DA:25,9
DA:28,2262
DA:29,2262
DA:30,0
DA:34,2262
DA:38,1252
DA:39,1252
DA:40,0
DA:41,0
DA:43,1252
DA:47,0
DA:48,0
DA:49,0
DA:50,0
DA:57,0
DA:66,0
DA:67,0
DA:68,0
DA:69,0
DA:71,0
DA:75,9
DA:77,9
LF:25
LH:12
BRDA:29,0,0,0
BRDA:29,0,1,2262
BRDA:39,1,0,0
BRDA:39,1,1,1252
BRDA:48,2,0,0
BRDA:48,2,1,0
BRDA:67,3,0,0
BRDA:67,3,1,0
BRF:8
BRH:2
end_of_record
TN:
SF:core/emitter.scalar.storeload.ts
FN:5,addOffsetAlign
FN:19,storeScalar
FN:73,loadScalar
FNF:3
FNH:3
FNDA:2441,addOffsetAlign
FNDA:542,storeScalar
FNDA:1899,loadScalar
DA:2,9
DA:11,2441
DA:12,2441
DA:19,9
DA:22,594
DA:23,594
DA:25,542
DA:26,487
DA:27,390
DA:28,0
DA:32,390
DA:33,97
DA:34,0
DA:35,0
DA:39,0
DA:40,97
DA:41,97
DA:42,97
DA:43,0
DA:44,0
DA:46,0
DA:50,0
DA:51,0
DA:52,0
DA:56,0
DA:57,0
DA:61,0
DA:63,0
DA:65,55
DA:66,55
DA:68,0
DA:73,9
DA:76,2001
DA:77,2001
DA:79,1899
DA:80,0
DA:82,1899
DA:83,459
DA:86,1440
DA:87,0
DA:89,1440
DA:90,248
DA:93,1192
DA:94,1192
DA:95,44
DA:100,1148
DA:106,0
LF:47
LH:29
BRDA:14,0,0,989
BRDA:14,0,1,1452
BRDA:15,1,0,797
BRDA:15,1,1,1644
BRDA:22,2,0,52
BRDA:22,2,1,490
BRDA:23,3,0,52
BRDA:23,3,1,490
BRDA:25,4,0,487
BRDA:25,4,1,55
BRDA:26,5,0,390
BRDA:26,5,1,97
BRDA:27,6,0,0
BRDA:27,6,1,390
BRDA:27,7,0,390
BRDA:27,7,1,0
BRDA:33,8,0,0
BRDA:33,8,1,97
BRDA:34,9,0,0
BRDA:34,9,1,0
BRDA:34,10,0,0
BRDA:34,10,1,0
BRDA:40,11,0,97
BRDA:40,11,1,0
BRDA:41,12,0,97
BRDA:41,12,1,0
BRDA:43,13,0,0
BRDA:43,13,1,0
BRDA:50,14,0,0
BRDA:50,14,1,0
BRDA:51,15,0,0
BRDA:51,15,1,0
BRDA:57,16,0,0
BRDA:57,16,1,0
BRDA:58,17,0,0
BRDA:58,17,1,0
BRDA:65,18,0,55
BRDA:65,18,1,0
BRDA:76,19,0,102
BRDA:76,19,1,1797
BRDA:77,20,0,102
BRDA:77,20,1,1797
BRDA:79,21,0,0
BRDA:79,21,1,1899
BRDA:82,22,0,459
BRDA:82,22,1,1440
BRDA:86,23,0,0
BRDA:86,23,1,1440
BRDA:89,24,0,248
BRDA:89,24,1,1192
BRDA:93,25,0,1192
BRDA:93,25,1,0
BRDA:94,26,0,44
BRDA:94,26,1,1148
BRF:54
BRH:31
end_of_record
TN:
SF:core/emitter.scalar.ts
FN:6,isScalar
FNF:1
FNH:1
FNDA:311,isScalar
DA:6,9
DA:7,311
LF:2
LH:2
BRDA:7,0,0,311
BRDA:7,0,1,0
BRF:2
BRH:1
end_of_record
TN:
SF:core/emitter.ts
FN:15,cacheFunc
FN:17,(anonymous_5)
FN:29,emit
FN:37,error
FN:169,(anonymous_8)
FNF:5
FNH:2
FNDA:0,cacheFunc
FNDA:0,(anonymous_5)
FNDA:9,emit
FNDA:0,error
FNDA:218,(anonymous_8)
DA:4,9
DA:10,9
DA:11,9
DA:12,9
DA:13,9
DA:16,0
DA:17,0
DA:18,0
DA:19,0
DA:20,0
DA:22,0
DA:23,0
DA:24,0
DA:29,9
DA:30,9
DA:31,9
DA:33,9
DA:35,27
DA:38,0
DA:39,0
DA:42,9
DA:44,9
DA:51,9
DA:53,9
DA:54,9
DA:55,220
DA:56,220
DA:57,220
DA:58,12
DA:61,208
DA:62,141
DA:63,141
DA:64,141
DA:67,67
DA:68,0
DA:70,67
DA:71,0
DA:73,67
DA:74,67
DA:75,0
DA:77,67
DA:78,0
DA:80,67
DA:81,67
DA:82,67
DA:83,67
DA:84,67
DA:85,37
DA:88,67
DA:89,37
DA:90,37
DA:91,0
DA:97,37
DA:100,37
DA:101,0
DA:103,37
DA:104,0
DA:109,37
DA:113,0
DA:119,37
DA:139,9
DA:141,218
DA:142,218
DA:143,141
DA:144,141
DA:148,9
DA:155,9
DA:161,9
DA:163,9
DA:165,9
DA:170,218
DA:171,77
DA:173,141
DA:179,9
DA:201,9
LF:75
LH:57
BRDA:19,0,0,0
BRDA:19,0,1,0
BRDA:57,1,0,12
BRDA:57,1,1,208
BRDA:61,2,0,141
BRDA:61,2,1,67
BRDA:67,3,0,0
BRDA:67,3,1,67
BRDA:70,4,0,0
BRDA:70,4,1,67
BRDA:74,5,0,0
BRDA:74,5,1,67
BRDA:77,6,0,0
BRDA:77,6,1,67
BRDA:84,7,0,37
BRDA:84,7,1,30
BRDA:88,8,0,37
BRDA:88,8,1,30
BRDA:89,9,0,37
BRDA:89,9,1,0
BRDA:90,10,0,0
BRDA:90,10,1,37
BRDA:100,11,0,0
BRDA:100,11,1,37
BRDA:103,12,0,0
BRDA:103,12,1,37
BRDA:109,13,0,0
BRDA:109,13,1,37
BRDA:110,14,0,37
BRDA:110,14,1,8
BRDA:142,15,0,141
BRDA:142,15,1,77
BRDA:170,16,0,77
BRDA:170,16,1,141
BRF:34
BRH:23
end_of_record
TN:
SF:core/emitter.utils.ts
FN:5,getRegisterForTypename
FN:38,(anonymous_3)
FN:48,paddedHex
FN:53,(anonymous_5)
FN:58,(anonymous_6)
FNF:5
FNH:5
FNDA:3852,getRegisterForTypename
FNDA:282,(anonymous_3)
FNDA:200,paddedHex
FNDA:50,(anonymous_5)
FNDA:200,(anonymous_6)
DA:2,11
DA:5,11
DA:8,3852
DA:9,3278
DA:14,3274
DA:15,4
DA:16,0
DA:17,4
DA:18,2
DA:19,2
DA:20,2
DA:22,0
DA:24,574
DA:25,414
DA:28,160
DA:32,11
DA:34,11
DA:38,282
DA:49,200
DA:50,200
DA:52,11
DA:54,50
DA:55,50
DA:56,50
DA:57,50
DA:58,200
LF:26
LH:24
BRDA:8,0,0,3278
BRDA:8,0,1,574
BRDA:9,1,0,3274
BRDA:9,1,1,4
BRDA:10,2,0,3278
BRDA:10,2,1,1088
BRDA:10,2,2,1088
BRDA:15,3,0,0
BRDA:15,3,1,4
BRDA:17,4,0,2
BRDA:17,4,1,2
BRDA:19,5,0,2
BRDA:19,5,1,0
BRDA:24,6,0,414
BRDA:24,6,1,160
BRDA:50,7,0,38
BRDA:50,7,1,162
BRF:17
BRH:15
end_of_record
TN:
SF:core/error.ts
FN:6,(anonymous_6)
FN:7,ScannerError
FN:12,(anonymous_8)
FN:13,ParserError
FN:20,(anonymous_10)
FN:21,CheckerError
FN:26,(anonymous_12)
FN:27,SymbolTableError
FNF:8
FNH:6
FNDA:16,(anonymous_6)
FNDA:0,ScannerError
FNDA:16,(anonymous_8)
FNDA:13,ParserError
FNDA:16,(anonymous_10)
FNDA:0,CheckerError
FNDA:16,(anonymous_12)
FNDA:1,SymbolTableError
DA:6,16
DA:7,0
DA:8,0
DA:10,16
DA:12,16
DA:13,13
DA:14,13
DA:17,16
DA:20,16
DA:21,0
DA:22,0
DA:24,16
DA:26,16
DA:27,1
DA:28,1
DA:30,16
LF:16
LH:12
BRDA:8,0,0,0
BRDA:8,0,1,0
BRDA:14,1,0,13
BRDA:14,1,1,0
BRDA:22,2,0,0
BRDA:22,2,1,0
BRDA:28,3,0,1
BRDA:28,3,1,0
BRF:8
BRH:2
end_of_record
TN:
SF:core/parser.definitions.ts
FNF:0
FNH:0
DA:66,15
LF:1
LH:1
BRF:0
BRH:0
end_of_record
TN:
SF:core/parser.expression.ts
FN:23,isTokenBinaryOperatorAtPrioLevel
FN:27,check
FN:28,(anonymous_4)
FN:62,createExpressionParser
FN:68,throwError
FN:72,readPrimaryExpression
FN:125,readPostfixExpression
FN:214,readArgumentExpressionList
FN:229,readUnaryExpression
FN:232,(anonymous_11)
FN:311,readCastExpression
FN:348,readLogicalOrExpression
FN:349,read
FN:385,readConditionalExpression
FN:418,readAssignmentExpression
FN:423,(anonymous_17)
FN:447,readExpression
FN:468,readConstantExpression
FNF:18
FNH:16
FNDA:21805,isTokenBinaryOperatorAtPrioLevel
FNDA:21805,check
FNDA:39970,(anonymous_4)
FNDA:96,createExpressionParser
FNDA:0,throwError
FNDA:2550,readPrimaryExpression
FNDA:2550,readPostfixExpression
FNDA:135,readArgumentExpressionList
FNDA:2675,readUnaryExpression
FNDA:15558,(anonymous_11)
FNDA:2575,readCastExpression
FNDA:1972,readLogicalOrExpression
FNDA:23777,read
FNDA:1972,readConditionalExpression
FNDA:1957,readAssignmentExpression
FNDA:18563,(anonymous_17)
FNDA:1163,readExpression
FNDA:0,readConstantExpression
DA:2,15
DA:9,15
DA:18,15
DA:21,15
DA:27,84128
DA:28,39970
DA:29,21805
DA:31,21805
DA:33,2553
DA:35,2444
DA:37,2279
DA:39,2237
DA:41,2173
DA:43,2098
DA:45,2079
DA:47,1985
DA:49,1982
DA:51,1975
DA:53,0
DA:62,15
DA:69,0
DA:73,2550
DA:74,2550
DA:75,1684
DA:77,1684
DA:78,1684
DA:79,0
DA:81,1684
DA:87,1684
DA:89,1684
DA:90,866
DA:91,770
DA:92,770
DA:97,770
DA:98,770
DA:99,96
DA:100,0
DA:101,0
DA:105,0
DA:106,0
DA:107,96
DA:108,96
DA:109,96
DA:110,96
DA:111,96
DA:112,0
DA:114,96
DA:115,96
DA:119,96
DA:121,0
DA:126,2550
DA:128,2550
DA:129,3081
DA:130,3081
DA:131,319
DA:132,319
DA:134,319
DA:135,319
DA:136,0
DA:138,319
DA:139,319
DA:144,319
DA:148,319
DA:149,2762
DA:150,149
DA:153,149
DA:155,149
DA:156,149
DA:157,0
DA:159,149
DA:160,149
DA:165,149
DA:169,149
DA:170,2613
DA:171,2
DA:172,2
DA:173,2
DA:174,0
DA:176,2
DA:177,2
DA:182,2
DA:186,2
DA:187,2611
DA:188,45
DA:189,45
DA:193,45
DA:196,45
DA:197,2566
DA:198,16
DA:199,16
DA:203,16
DA:206,16
DA:208,2550
DA:211,2550
DA:215,135
DA:216,135
DA:217,282
DA:218,282
DA:220,282
DA:221,147
DA:223,135
DA:226,135
DA:230,2675
DA:232,15558
DA:234,2675
DA:235,115
DA:236,115
DA:238,115
DA:243,115
DA:246,115
DA:247,2560
DA:248,4
DA:249,4
DA:251,4
DA:255,4
DA:258,4
DA:259,2556
DA:260,6
DA:261,6
DA:263,6
DA:264,3
DA:266,3
DA:267,2
DA:268,2
DA:269,0
DA:271,2
DA:272,2
DA:280,1
DA:282,1
DA:283,0
DA:285,1
DA:287,1
DA:293,3
DA:295,3
DA:300,6
DA:304,6
DA:306,2550
DA:307,2550
DA:312,2575
DA:314,2575
DA:315,2461
DA:316,2461
DA:319,114
DA:321,114
DA:322,22
DA:323,22
DA:324,0
DA:326,22
DA:328,22
DA:330,22
DA:335,22
DA:339,22
DA:342,92
DA:343,92
DA:344,92
DA:350,23777
DA:351,2553
DA:354,21224
DA:356,21224
DA:357,21805
DA:359,21805
DA:364,21805
DA:365,21224
DA:368,581
DA:369,581
DA:371,581
DA:377,581
DA:378,581
DA:382,1972
DA:386,1972
DA:388,1972
DA:390,1972
DA:391,1972
DA:392,15
DA:393,15
DA:395,15
DA:396,15
DA:397,0
DA:399,15
DA:400,15
DA:402,15
DA:408,15
DA:412,15
DA:414,1957
DA:419,1957
DA:421,1957
DA:422,1957
DA:423,18563
DA:425,1957
DA:426,1659
DA:433,298
DA:435,298
DA:437,298
DA:443,298
DA:444,298
DA:448,1163
DA:449,1163
DA:450,1163
DA:451,2
DA:452,2
DA:453,2
DA:458,2
DA:462,2
DA:464,1161
DA:469,0
DA:472,96
LF:206
LH:189
BRDA:32,0,0,2553
BRDA:32,0,1,2444
BRDA:32,0,2,2279
BRDA:32,0,3,2237
BRDA:32,0,4,2173
BRDA:32,0,5,2098
BRDA:32,0,6,2079
BRDA:32,0,7,1985
BRDA:32,0,8,1982
BRDA:32,0,9,1975
BRDA:32,0,10,0
BRDA:74,1,0,1684
BRDA:74,1,1,866
BRDA:78,2,0,0
BRDA:78,2,1,1684
BRDA:90,3,0,770
BRDA:90,3,1,96
BRDA:99,4,0,0
BRDA:99,4,1,96
BRDA:107,5,0,96
BRDA:107,5,1,0
BRDA:111,6,0,0
BRDA:111,6,1,96
BRDA:130,7,0,319
BRDA:130,7,1,2762
BRDA:135,8,0,0
BRDA:135,8,1,319
BRDA:149,9,0,149
BRDA:149,9,1,2613
BRDA:153,10,0,135
BRDA:153,10,1,14
BRDA:156,11,0,0
BRDA:156,11,1,149
BRDA:170,12,0,2
BRDA:170,12,1,2611
BRDA:170,13,0,2613
BRDA:170,13,1,2612
BRDA:173,14,0,0
BRDA:173,14,1,2
BRDA:178,15,0,1
BRDA:178,15,1,1
BRDA:187,16,0,45
BRDA:187,16,1,2566
BRDA:197,17,0,16
BRDA:197,17,1,2550
BRDA:220,18,0,147
BRDA:220,18,1,135
BRDA:234,19,0,115
BRDA:234,19,1,2560
BRDA:247,20,0,4
BRDA:247,20,1,2556
BRDA:247,21,0,2560
BRDA:247,21,1,2557
BRDA:252,22,0,3
BRDA:252,22,1,1
BRDA:259,23,0,6
BRDA:259,23,1,2550
BRDA:263,24,0,3
BRDA:263,24,1,3
BRDA:266,25,0,2
BRDA:266,25,1,1
BRDA:268,26,0,0
BRDA:268,26,1,2
BRDA:282,27,0,0
BRDA:282,27,1,1
BRDA:314,28,0,2461
BRDA:314,28,1,114
BRDA:321,29,0,22
BRDA:321,29,1,92
BRDA:323,30,0,0
BRDA:323,30,1,22
BRDA:350,31,0,2553
BRDA:350,31,1,21224
BRDA:364,32,0,21224
BRDA:364,32,1,581
BRDA:391,33,0,15
BRDA:391,33,1,1957
BRDA:396,34,0,0
BRDA:396,34,1,15
BRDA:425,35,0,1659
BRDA:425,35,1,298
BRDA:450,36,0,2
BRDA:450,36,1,1161
BRF:83
BRH:71
end_of_record
TN:
SF:core/parser.funcs.ts
FN:41,createParser
FN:46,throwError
FN:51,assertTokenAndReadNext
FN:69,isCurrentTokenTypeQualifier
FN:71,(anonymous_10)
FN:75,isCurrentTokenTypeVoid
FN:79,isCurrentTokenTypeArithmeticSpecifier
FN:82,(anonymous_13)
FN:86,isCurrentTokenTypeUnderscoreSpecifier
FN:89,(anonymous_15)
FN:94,isCurrentTokenAStorageClassSpecifier
FN:96,(anonymous_17)
FN:99,isCurrentTokenAFunctionSpecifier
FN:104,isCurrentTokenTypedefName
FN:126,isCurrentTokenLooksLikeSpecifierQualifierList
FN:146,isCurrentTokenLooksLikeTypeName
FN:150,isCurrentTokenLooksLikeDeclarationSpecifiers
FN:158,isQualifiersListHaveDuplicates
FN:160,(anonymous_24)
FN:161,(anonymous_25)
FN:166,readDeclarationSpecifiers
FN:352,readPointersCoreless
FN:355,(anonymous_28)
FN:377,(anonymous_29)
FN:394,readAbstractDeclaratorOrDeclaratorCoreless
FN:403,(anonymous_31)
FN:411,(anonymous_32)
FN:419,readDirectAbstractDeclaratorOrDirectDeclaratorCoreless
FN:421,(anonymous_34)
FN:468,(anonymous_36)
FN:523,(anonymous_37)
FN:543,(anonymous_38)
FN:566,(anonymous_39)
FN:573,(anonymous_40)
FN:578,(anonymous_41)
FN:586,readTypeName
FN:613,readParameterDeclaration
FN:641,readParameterTypeList
FN:669,readDeclaration
FN:685,readExternalDeclaration
FN:719,(anonymous_47)
FN:867,readCompoundStatement
FN:872,readStatement
FN:916,(anonymous_50)
FN:992,(anonymous_51)
FN:1180,readCompoundStatementBody
FN:1186,(anonymous_53)
FNF:47
FNH:46
FNDA:96,createParser
FNDA:13,throwError
FNDA:276,assertTokenAndReadNext
FNDA:3098,isCurrentTokenTypeQualifier
FNDA:9218,(anonymous_10)
FNDA:3251,isCurrentTokenTypeVoid
FNDA:3225,isCurrentTokenTypeArithmeticSpecifier
FNDA:17937,(anonymous_13)
FNDA:3012,isCurrentTokenTypeUnderscoreSpecifier
FNDA:9036,(anonymous_15)
FNDA:2433,isCurrentTokenAStorageClassSpecifier
FNDA:12039,(anonymous_17)
FNDA:2413,isCurrentTokenAFunctionSpecifier
FNDA:2973,isCurrentTokenTypedefName
FNDA:1762,isCurrentTokenLooksLikeSpecifierQualifierList
FNDA:129,isCurrentTokenLooksLikeTypeName
FNDA:1633,isCurrentTokenLooksLikeDeclarationSpecifiers
FNDA:802,isQualifiersListHaveDuplicates
FNDA:39,(anonymous_24)
FNDA:40,(anonymous_25)
FNDA:728,readDeclarationSpecifiers
FNDA:823,readPointersCoreless
FNDA:739,(anonymous_28)
FNDA:81,(anonymous_29)
FNDA:741,readAbstractDeclaratorOrDeclaratorCoreless
FNDA:52,(anonymous_31)
FNDA:687,(anonymous_32)
FNDA:741,readDirectAbstractDeclaratorOrDirectDeclaratorCoreless
FNDA:739,(anonymous_34)
FNDA:173,(anonymous_36)
FNDA:45,(anonymous_37)
FNDA:677,(anonymous_38)
FNDA:45,(anonymous_39)
FNDA:7,(anonymous_40)
FNDA:687,(anonymous_41)
FNDA:45,readTypeName
FNDA:249,readParameterDeclaration
FNDA:129,readParameterTypeList
FNDA:194,readDeclaration
FNDA:435,readExternalDeclaration
FNDA:283,(anonymous_47)
FNDA:0,readCompoundStatement
FNDA:837,readStatement
FNDA:83,(anonymous_50)
FNDA:50,(anonymous_51)
FNDA:291,readCompoundStatementBody
FNDA:140,(anonymous_53)
DA:2,15
DA:34,15
DA:36,15
DA:41,15
DA:48,13
DA:52,276
DA:53,0
DA:55,276
DA:58,96
DA:70,3098
DA:71,9218
DA:72,3098
DA:76,3251
DA:77,3251
DA:80,3225
DA:81,3225
DA:82,17937
DA:84,3225
DA:87,3012
DA:88,3012
DA:89,9036
DA:91,3012
DA:95,2433
DA:96,12039
DA:97,2433
DA:100,2413
DA:101,2413
DA:105,2973
DA:106,2973
DA:107,1122
DA:113,1851
DA:114,1851
DA:115,474
DA:117,1377
DA:118,507
DA:120,870
DA:127,1762
DA:130,1762
DA:143,1762
DA:147,129
DA:151,1633
DA:159,802
DA:161,40
DA:167,728
DA:169,728
DA:170,728
DA:174,728
DA:175,728
DA:177,728
DA:179,728
DA:180,1529
DA:182,1529
DA:184,1529
DA:186,1529
DA:188,1529
DA:190,1529
DA:192,1529
DA:194,1529
DA:195,40
DA:196,40
DA:197,1489
DA:198,64
DA:199,0
DA:201,64
DA:202,64
DA:206,64
DA:207,1425
DA:208,234
DA:210,234
DA:211,2
DA:212,0
DA:214,2
DA:215,0
DA:219,2
DA:223,2
DA:225,0
DA:231,232
DA:242,1191
DA:243,0
DA:244,0
DA:246,0
DA:247,1191
DA:248,20
DA:249,2
DA:251,18
DA:252,18
DA:253,1171
DA:254,0
DA:256,1171
DA:257,0
DA:259,1171
DA:260,0
DA:262,1171
DA:263,428
DA:264,0
DA:266,428
DA:270,428
DA:271,428
DA:272,743
DA:273,16
DA:274,0
DA:278,16
DA:279,16
DA:280,727
DA:281,1
DA:282,0
DA:284,1
DA:285,1
DA:287,726
DA:291,726
DA:297,2
DA:300,724
DA:301,16
DA:302,2
DA:304,14
DA:307,722
DA:308,36
DA:309,2
DA:311,34
DA:316,720
DA:317,1
DA:320,719
DA:325,719
DA:353,823
DA:354,823
DA:355,741
DA:357,82
DA:359,82
DA:360,82
DA:361,86
DA:362,86
DA:363,4
DA:364,4
DA:366,82
DA:370,82
DA:371,0
DA:373,82
DA:375,82
DA:377,82
DA:378,81
DA:383,81
DA:387,81
DA:388,81
DA:391,82
DA:395,741
DA:397,741
DA:400,740
DA:401,53
DA:404,52
DA:409,687
DA:412,687
DA:421,741
DA:423,741
DA:425,741
DA:426,1654
DA:429,1654
DA:432,1654
DA:433,192
DA:435,192
DA:437,192
DA:450,174
DA:456,174
DA:461,173
DA:462,173
DA:463,0
DA:465,173
DA:467,173
DA:468,173
DA:469,173
DA:476,173
DA:480,173
DA:483,0
DA:487,18
DA:489,18
DA:490,0
DA:492,18
DA:494,1462
DA:495,45
DA:500,45
DA:501,45
DA:503,1
DA:505,1
DA:506,0
DA:507,0
DA:509,1
DA:511,44
DA:512,40
DA:515,45
DA:516,45
DA:517,0
DA:519,45
DA:521,45
DA:523,45
DA:524,45
DA:530,45
DA:534,45
DA:536,1417
DA:537,677
DA:538,677
DA:541,677
DA:544,677
DA:554,677
DA:559,677
DA:563,740
DA:564,46
DA:566,45
DA:569,694
DA:570,694
DA:571,7
DA:573,7
DA:576,687
DA:578,687
DA:588,37
DA:589,37
DA:590,37
DA:591,45
DA:593,37
DA:594,0
DA:596,37
DA:597,0
DA:600,37
DA:602,36
DA:603,0
DA:606,36
DA:610,36
DA:615,248
DA:616,248
DA:617,248
DA:618,249
DA:620,248
DA:622,248
DA:623,0
DA:627,248
DA:628,0
DA:631,248
DA:633,9
DA:634,9
DA:636,239
DA:637,239
DA:642,129
DA:643,0
DA:644,0
DA:647,129
DA:648,129
DA:649,129
DA:650,250
DA:651,1
DA:652,1
DA:653,1
DA:656,249
DA:657,248
DA:659,248
DA:660,121
DA:662,127
DA:665,128
DA:670,194
DA:672,193
DA:674,194
DA:675,194
DA:676,0
DA:678,194
DA:681,193
DA:686,435
DA:688,435
DA:689,1
DA:693,434
DA:694,434
DA:695,434
DA:696,434
DA:698,434
DA:700,434
DA:701,0
DA:704,434
DA:709,279
DA:712,279
DA:717,279
DA:718,279
DA:719,279
DA:720,283
DA:721,283
DA:723,283
DA:725,283
DA:728,279
DA:729,177
DA:730,173
DA:732,173
DA:734,173
DA:735,0
DA:737,173
DA:738,0
DA:741,173
DA:742,0
DA:745,173
DA:747,173
DA:751,173
DA:756,173
DA:757,4
DA:758,4
DA:760,4
DA:761,4
DA:763,4
DA:764,0
DA:765,0
DA:768,4
DA:769,4
DA:773,4
DA:778,279
DA:780,278
DA:782,278
DA:787,155
DA:790,155
DA:791,155
DA:793,155
DA:794,0
DA:799,155
DA:800,1
DA:803,154
DA:804,1
DA:807,153
DA:812,0
DA:816,153
DA:822,153
DA:823,0
DA:826,153
DA:828,153
DA:829,230
DA:830,230
DA:831,1
DA:833,229
DA:838,152
DA:840,152
DA:842,151
DA:843,0
DA:845,151
DA:846,151
DA:848,151
DA:855,151
DA:860,151
DA:873,837
DA:875,837
DA:876,0
DA:877,837
DA:881,0
DA:882,837
DA:884,135
DA:885,135
DA:886,135
DA:888,135
DA:889,0
DA:891,135
DA:893,135
DA:897,135
DA:901,135
DA:902,702
DA:903,83
DA:904,83
DA:905,0
DA:907,83
DA:908,83
DA:909,83
DA:910,0
DA:912,83
DA:914,83
DA:916,83
DA:917,83
DA:918,49
DA:920,34
DA:921,34
DA:922,34
DA:925,83
DA:932,83
DA:937,83
DA:938,619
DA:939,2
DA:941,2
DA:943,2
DA:945,2
DA:947,2
DA:949,2
DA:954,2
DA:958,2
DA:959,617
DA:960,1
DA:962,1
DA:964,1
DA:965,1
DA:967,1
DA:969,1
DA:970,1
DA:972,1
DA:977,1
DA:981,1
DA:982,616
DA:983,54
DA:985,54
DA:987,54
DA:989,54
DA:990,54
DA:991,50
DA:992,50
DA:995,4
DA:998,4
DA:1002,4
DA:1005,4
DA:1006,1
DA:1007,1
DA:1008,1
DA:1010,0
DA:1016,4
DA:1017,1
DA:1022,54
DA:1025,54
DA:1028,54
DA:1034,54
DA:1037,54
DA:1038,50
DA:1039,50
DA:1040,50
DA:1042,0
DA:1049,54
DA:1051,54
DA:1053,54
DA:1055,54
DA:1061,54
DA:1063,3
DA:1069,54
DA:1075,54
DA:1077,50
DA:1083,54
DA:1090,54
DA:1095,54
DA:1096,3
DA:1098,51
DA:1102,51
DA:1107,51
DA:1109,562
DA:1110,47
DA:1111,47
DA:1114,47
DA:1118,47
DA:1119,515
DA:1120,2
DA:1121,2
DA:1123,2
DA:1126,2
DA:1130,2
DA:1131,513
DA:1132,3
DA:1133,3
DA:1135,3
DA:1138,3
DA:1142,3
DA:1143,510
DA:1144,155
DA:1146,155
DA:1150,155
DA:1152,155
DA:1156,155
DA:1160,155
DA:1162,355
DA:1163,355
DA:1164,0
DA:1166,355
DA:1168,355
DA:1172,355
DA:1176,355
DA:1181,291
DA:1183,291
DA:1184,803
DA:1185,140
DA:1186,140
DA:1188,663
DA:1189,663
DA:1193,290
DA:1196,96
LF:475
LH:428
BRDA:52,0,0,0
BRDA:52,0,1,276
BRDA:77,1,0,130
BRDA:77,1,1,3121
BRDA:101,2,0,2
BRDA:101,2,1,2411
BRDA:106,3,0,1122
BRDA:106,3,1,1851
BRDA:114,4,0,474
BRDA:114,4,1,1377
BRDA:117,5,0,507
BRDA:117,5,1,870
BRDA:140,6,0,760
BRDA:140,6,1,1002
BRDA:130,7,0,1762
BRDA:130,7,1,1696
BRDA:130,7,2,1483
BRDA:130,7,3,1483
BRDA:130,7,4,1451
BRDA:130,7,5,1449
BRDA:130,7,6,1445
BRDA:130,7,7,1444
BRDA:130,7,8,1444
BRDA:130,7,9,1444
BRDA:154,8,0,750
BRDA:154,8,1,883
BRDA:151,9,0,1633
BRDA:151,9,1,904
BRDA:151,9,2,884
BRDA:161,10,0,40
BRDA:161,10,1,40
BRDA:194,11,0,40
BRDA:194,11,1,1489
BRDA:197,12,0,64
BRDA:197,12,1,1425
BRDA:198,13,0,0
BRDA:198,13,1,64
BRDA:207,14,0,234
BRDA:207,14,1,1191
BRDA:210,15,0,2
BRDA:210,15,1,232
BRDA:211,16,0,0
BRDA:211,16,1,2
BRDA:214,17,0,0
BRDA:214,17,1,2
BRDA:219,18,0,2
BRDA:219,18,1,0
BRDA:220,19,0,2
BRDA:220,19,1,2
BRDA:236,20,0,0
BRDA:236,20,1,232
BRDA:242,21,0,0
BRDA:242,21,1,1191
BRDA:243,22,0,0
BRDA:243,22,1,0
BRDA:247,23,0,20
BRDA:247,23,1,1171
BRDA:247,24,0,1191
BRDA:247,24,1,1184
BRDA:248,25,0,2
BRDA:248,25,1,18
BRDA:253,26,0,0
BRDA:253,26,1,1171
BRDA:256,27,0,0
BRDA:256,27,1,1171
BRDA:259,28,0,0
BRDA:259,28,1,1171
BRDA:262,29,0,428
BRDA:262,29,1,743
BRDA:263,30,0,0
BRDA:263,30,1,428
BRDA:272,31,0,16
BRDA:272,31,1,727
BRDA:273,32,0,0
BRDA:273,32,1,16
BRDA:280,33,0,1
BRDA:280,33,1,726
BRDA:281,34,0,0
BRDA:281,34,1,1
BRDA:291,35,0,2
BRDA:291,35,1,724
BRDA:300,36,0,16
BRDA:300,36,1,708
BRDA:301,37,0,2
BRDA:301,37,1,14
BRDA:307,38,0,36
BRDA:307,38,1,686
BRDA:308,39,0,2
BRDA:308,39,1,34
BRDA:316,40,0,1
BRDA:316,40,1,719
BRDA:354,41,0,741
BRDA:354,41,1,82
BRDA:362,42,0,4
BRDA:362,42,1,82
BRDA:370,43,0,0
BRDA:370,43,1,82
BRDA:400,44,0,53
BRDA:400,44,1,687
BRDA:429,45,0,1654
BRDA:429,45,1,906
BRDA:432,46,0,192
BRDA:432,46,1,1462
BRDA:437,47,0,174
BRDA:437,47,1,18
BRDA:439,48,0,192
BRDA:439,48,1,21
BRDA:439,48,2,19
BRDA:450,49,0,174
BRDA:450,49,1,0
BRDA:451,50,0,174
BRDA:451,50,1,167
BRDA:451,50,2,42
BRDA:458,51,0,45
BRDA:458,51,1,129
BRDA:462,52,0,0
BRDA:462,52,1,173
BRDA:489,53,0,0
BRDA:489,53,1,18
BRDA:494,54,0,45
BRDA:494,54,1,1417
BRDA:501,55,0,1
BRDA:501,55,1,44
BRDA:505,56,0,0
BRDA:505,56,1,1
BRDA:511,57,0,40
BRDA:511,57,1,4
BRDA:516,58,0,0
BRDA:516,58,1,45
BRDA:536,59,0,677
BRDA:536,59,1,740
BRDA:563,60,0,46
BRDA:563,60,1,694
BRDA:570,61,0,7
BRDA:570,61,1,687
BRDA:593,62,0,0
BRDA:593,62,1,37
BRDA:596,63,0,0
BRDA:596,63,1,37
BRDA:602,64,0,0
BRDA:602,64,1,36
BRDA:622,65,0,0
BRDA:622,65,1,248
BRDA:622,66,0,248
BRDA:622,66,1,0
BRDA:627,67,0,0
BRDA:627,67,1,248
BRDA:631,68,0,9
BRDA:631,68,1,239
BRDA:642,69,0,0
BRDA:642,69,1,129
BRDA:650,70,0,1
BRDA:650,70,1,249
BRDA:659,71,0,121
BRDA:659,71,1,127
BRDA:675,72,0,0
BRDA:675,72,1,194
BRDA:688,73,0,1
BRDA:688,73,1,434
BRDA:700,74,0,0
BRDA:700,74,1,434
BRDA:704,75,0,279
BRDA:704,75,1,155
BRDA:705,76,0,434
BRDA:705,76,1,327
BRDA:705,76,2,325
BRDA:729,77,0,173
BRDA:729,77,1,4
BRDA:734,78,0,0
BRDA:734,78,1,173
BRDA:737,79,0,0
BRDA:737,79,1,173
BRDA:741,80,0,0
BRDA:741,80,1,173
BRDA:757,81,0,4
BRDA:757,81,1,0
BRDA:763,82,0,0
BRDA:763,82,1,4
BRDA:793,83,0,0
BRDA:793,83,1,155
BRDA:799,84,0,1
BRDA:799,84,1,154
BRDA:803,85,0,1
BRDA:803,85,1,153
BRDA:807,86,0,0
BRDA:807,86,1,153
BRDA:822,87,0,0
BRDA:822,87,1,153
BRDA:830,88,0,1
BRDA:830,88,1,229
BRDA:842,89,0,0
BRDA:842,89,1,151
BRDA:875,90,0,0
BRDA:875,90,1,837
BRDA:875,91,0,837
BRDA:875,91,1,837
BRDA:877,92,0,0
BRDA:877,92,1,837
BRDA:878,93,0,837
BRDA:878,93,1,307
BRDA:882,94,0,135
BRDA:882,94,1,702
BRDA:888,95,0,0
BRDA:888,95,1,135
BRDA:902,96,0,83
BRDA:902,96,1,619
BRDA:904,97,0,0
BRDA:904,97,1,83
BRDA:909,98,0,0
BRDA:909,98,1,83
BRDA:917,99,0,49
BRDA:917,99,1,34
BRDA:938,100,0,2
BRDA:938,100,1,617
BRDA:959,101,0,1
BRDA:959,101,1,616
BRDA:982,102,0,54
BRDA:982,102,1,562
BRDA:990,103,0,50
BRDA:990,103,1,4
BRDA:996,104,0,1
BRDA:996,104,1,3
BRDA:1003,105,0,1
BRDA:1003,105,1,3
BRDA:1005,106,0,1
BRDA:1005,106,1,3
BRDA:1005,107,0,4
BRDA:1005,107,1,1
BRDA:1007,108,0,1
BRDA:1007,108,1,0
BRDA:1016,109,0,1
BRDA:1016,109,1,3
BRDA:1023,110,0,51
BRDA:1023,110,1,3
BRDA:1029,111,0,50
BRDA:1029,111,1,4
BRDA:1035,112,0,50
BRDA:1035,112,1,4
BRDA:1037,113,0,50
BRDA:1037,113,1,4
BRDA:1037,114,0,54
BRDA:1037,114,1,50
BRDA:1039,115,0,50
BRDA:1039,115,1,0
BRDA:1061,116,0,3
BRDA:1061,116,1,51
BRDA:1070,117,0,50
BRDA:1070,117,1,4
BRDA:1075,118,0,50
BRDA:1075,118,1,4
BRDA:1085,119,0,51
BRDA:1085,119,1,3
BRDA:1087,120,0,50
BRDA:1087,120,1,4
BRDA:1095,121,0,3
BRDA:1095,121,1,51
BRDA:1109,122,0,47
BRDA:1109,122,1,515
BRDA:1119,123,0,2
BRDA:1119,123,1,513
BRDA:1131,124,0,3
BRDA:1131,124,1,510
BRDA:1143,125,0,155
BRDA:1143,125,1,355
BRDA:1147,126,0,1
BRDA:1147,126,1,154
BRDA:1163,127,0,0
BRDA:1163,127,1,355
BRDA:1183,128,0,1093
BRDA:1183,128,1,1089
BRDA:1184,129,0,140
BRDA:1184,129,1,663
BRF:272
BRH:225
end_of_record
TN:
SF:core/parser.symboltable.ts
FN:15,(anonymous_3)
FN:16,SymbolTable
FN:27,(anonymous_5)
FN:31,(anonymous_6)
FN:40,(anonymous_7)
FN:44,(anonymous_8)
FN:76,(anonymous_9)
FN:80,(anonymous_10)
FN:87,(anonymous_11)
FN:114,(anonymous_12)
FN:125,(anonymous_13)
FN:139,(anonymous_14)
FN:147,(anonymous_15)
FNF:13
FNH:13
FNDA:15,(anonymous_3)
FNDA:96,SymbolTable
FNDA:433,(anonymous_5)
FNDA:157,(anonymous_6)
FNDA:887,(anonymous_7)
FNDA:1757,(anonymous_8)
FNDA:11,(anonymous_9)
FNDA:54,(anonymous_10)
FNDA:151,(anonymous_11)
FNDA:3535,(anonymous_12)
FNDA:153,(anonymous_13)
FNDA:677,(anonymous_14)
FNDA:11,(anonymous_15)
DA:9,15
DA:11,15
DA:15,15
DA:16,96
DA:21,96
DA:23,96
DA:25,96
DA:27,15
DA:28,433
DA:31,15
DA:32,157
DA:34,157
DA:35,0
DA:37,157
DA:40,15
DA:41,887
DA:42,887
DA:45,1757
DA:48,1
DA:49,1
DA:50,0
DA:55,1
DA:60,886
DA:62,886
DA:67,470
DA:69,416
DA:72,886
DA:76,15
DA:77,11
DA:80,15
DA:81,54
DA:82,54
DA:83,0
DA:87,15
DA:88,151
DA:89,151
DA:90,0
DA:92,151
DA:93,151
DA:94,151
DA:95,0
DA:99,151
DA:114,15
DA:115,34259
DA:116,87272
DA:117,87272
DA:118,3061
DA:122,474
DA:125,15
DA:126,153
DA:127,153
DA:128,0
DA:130,559
DA:131,559
DA:132,0
DA:135,153
DA:138,96
DA:139,15
DA:140,677
DA:141,677
DA:142,677
DA:145,96
DA:147,15
DA:148,11
DA:150,15
LF:65
LH:58
BRDA:34,0,0,0
BRDA:34,0,1,157
BRDA:42,1,0,1
BRDA:42,1,1,886
BRDA:49,2,0,0
BRDA:49,2,1,1
BRDA:62,3,0,470
BRDA:62,3,1,416
BRDA:63,4,0,886
BRDA:63,4,1,886
BRDA:63,4,2,883
BRDA:82,5,0,0
BRDA:82,5,1,54
BRDA:89,6,0,0
BRDA:89,6,1,151
BRDA:94,7,0,0
BRDA:94,7,1,151
BRDA:117,8,0,3061
BRDA:117,8,1,84211
BRDA:127,9,0,0
BRDA:127,9,1,153
BRDA:131,10,0,0
BRDA:131,10,1,559
BRF:23
BRH:16
end_of_record
TN:
SF:core/parser.ts
FN:10,readTranslationUnit
FN:25,(anonymous_1)
FN:36,(anonymous_2)
FN:37,(anonymous_3)
FNF:4
FNH:4
FNDA:16,readTranslationUnit
FNDA:232,(anonymous_1)
FNDA:9,(anonymous_2)
FNDA:9,(anonymous_3)
DA:7,11
DA:8,11
DA:10,11
DA:11,16
DA:12,16
DA:13,16
DA:15,16
DA:17,16
DA:18,16
DA:19,305
DA:21,70
DA:22,70
DA:24,235
DA:25,232
DA:28,11
DA:30,11
DA:32,11
DA:36,9
DA:37,9
DA:39,11
LF:20
LH:20
BRDA:19,0,0,70
BRDA:19,0,1,235
BRF:2
BRH:2
end_of_record
TN:
SF:core/scanner.func.ts
FN:70,(anonymous_4)
FN:71,(anonymous_5)
FN:174,createScannerFunc
FN:178,current
FN:181,lookAhead
FN:184,next
FN:189,incPos
FN:205,saveLocation
FN:210,sliceFromSavedPoint
FN:213,savedLocation
FN:221,isWhitespace
FN:225,throwError
FN:229,scanWhitespace
FN:254,isDigit
FN:259,isHexDigit
FN:267,isLetter
FN:275,scanIdentifierOrKeyword
FN:285,(anonymous_21)
FN:300,scanNumber
FN:367,scanChar
FN:387,scanString
FN:402,scanOperatorOrPunc
FN:416,(anonymous_26)
FN:420,(anonymous_27)
FN:431,(anonymous_28)
FN:464,scan
FNF:26
FNH:24
FNDA:736,(anonymous_4)
FNDA:33856,(anonymous_5)
FNDA:100,createScannerFunc
FNDA:175940,current
FNDA:234438,lookAhead
FNDA:980,next
FNDA:46057,incPos
FNDA:9487,saveLocation
FNDA:9484,sliceFromSavedPoint
FNDA:9565,savedLocation
FNDA:20216,isWhitespace
FNDA:0,throwError
FNDA:9795,scanWhitespace
FNDA:29368,isDigit
FNDA:314,isHexDigit
FNDA:30523,isLetter
FNDA:3559,scanIdentifierOrKeyword
FNDA:118090,(anonymous_21)
FNDA:781,scanNumber
FNDA:1,scanChar
FNDA:0,scanString
FNDA:5146,scanOperatorOrPunc
FNDA:236624,(anonymous_26)
FNDA:234827,(anonymous_27)
FNDA:2704,(anonymous_28)
FNDA:9565,scan
DA:1,16
DA:3,16
DA:25,16
DA:41,16
DA:69,16
DA:71,33856
DA:74,0
DA:77,16
DA:87,16
DA:94,16
DA:97,16
DA:101,16
DA:110,16
DA:174,16
DA:175,100
DA:176,100
DA:179,175940
DA:182,234438
DA:185,980
DA:187,100
DA:188,100
DA:189,86600
DA:190,46057
DA:192,46644
DA:193,2309
DA:194,2309
DA:196,44335
DA:198,46644
DA:202,100
DA:203,100
DA:204,100
DA:206,9487
DA:207,9487
DA:208,9487
DA:211,9484
DA:214,9565
DA:222,20216
DA:226,0
DA:230,9795
DA:231,10499
DA:233,9795
DA:234,25
DA:235,25
DA:236,3166
DA:237,25
DA:238,25
DA:240,3141
DA:242,25
DA:245,9795
DA:246,205
DA:247,205
DA:248,7404
DA:250,205
DA:255,29368
DA:260,314
DA:268,30523
DA:276,3559
DA:278,3559
DA:279,18420
DA:281,3559
DA:282,3559
DA:283,0
DA:285,118090
DA:286,3559
DA:287,745
DA:292,2814
DA:301,781
DA:303,781
DA:305,92
DA:306,92
DA:307,222
DA:309,92
DA:310,92
DA:318,689
DA:321,21
DA:322,21
DA:323,58
DA:325,21
DA:326,21
DA:334,668
DA:335,668
DA:336,1464
DA:337,3
DA:338,3
DA:339,3
DA:341,0
DA:343,1461
DA:344,793
DA:346,668
DA:349,668
DA:350,668
DA:351,3
DA:358,665
DA:368,1
DA:369,1
DA:370,1
DA:371,1
DA:372,0
DA:374,1
DA:375,1
DA:376,0
DA:378,1
DA:379,1
DA:388,0
DA:389,0
DA:390,0
DA:391,0
DA:393,0
DA:394,0
DA:395,0
DA:403,5146
DA:405,5146
DA:407,2
DA:408,2
DA:415,5144
DA:416,236624
DA:417,5144
DA:418,6518
DA:419,6518
DA:421,234827
DA:424,6518
DA:425,1159
DA:427,1159
DA:428,0
DA:430,1159
DA:431,2704
DA:433,1159
DA:434,1159
DA:435,1159
DA:436,0
DA:438,1159
DA:445,0
DA:448,5359
DA:449,3985
DA:450,3985
DA:451,0
DA:452,0
DA:454,3985
DA:460,1374
DA:465,9565
DA:467,9565
DA:468,78
DA:474,9487
DA:475,3559
DA:478,5928
DA:479,781
DA:482,5147
DA:483,1
DA:485,5146
DA:486,0
DA:489,5146
DA:490,5146
DA:491,5146
DA:494,0
DA:497,100
LF:155
LH:135
BRDA:69,0,0,0
BRDA:69,0,1,16
BRDA:71,1,0,33856
BRDA:71,1,1,736
BRDA:182,2,0,234434
BRDA:182,2,1,4
BRDA:189,3,0,40543
BRDA:189,3,1,5514
BRDA:192,4,0,2309
BRDA:192,4,1,44335
BRDA:222,5,0,20216
BRDA:222,5,1,11929
BRDA:222,5,2,9717
BRDA:222,5,3,9717
BRDA:230,6,0,20294
BRDA:230,6,1,20216
BRDA:233,7,0,25
BRDA:233,7,1,9770
BRDA:233,8,0,9795
BRDA:233,8,1,238
BRDA:236,9,0,25
BRDA:236,9,1,3141
BRDA:236,10,0,3166
BRDA:236,10,1,71
BRDA:245,11,0,205
BRDA:245,11,1,9590
BRDA:245,12,0,9795
BRDA:245,12,1,213
BRDA:256,13,0,29368
BRDA:256,13,1,29332
BRDA:256,13,2,29332
BRDA:261,14,0,314
BRDA:261,14,1,313
BRDA:261,14,2,313
BRDA:269,15,0,30523
BRDA:269,15,1,30499
BRDA:269,15,2,30499
BRDA:278,16,0,21979
BRDA:278,16,1,21036
BRDA:282,17,0,0
BRDA:282,17,1,3559
BRDA:286,18,0,745
BRDA:286,18,1,2814
BRDA:303,19,0,92
BRDA:303,19,1,689
BRDA:303,20,0,781
BRDA:303,20,1,275
BRDA:318,21,0,21
BRDA:318,21,1,668
BRDA:318,22,0,689
BRDA:318,22,1,183
BRDA:322,23,0,79
BRDA:322,23,1,56
BRDA:336,24,0,3
BRDA:336,24,1,1461
BRDA:337,25,0,3
BRDA:337,25,1,0
BRDA:343,26,0,793
BRDA:343,26,1,668
BRDA:350,27,0,3
BRDA:350,27,1,665
BRDA:371,28,0,0
BRDA:371,28,1,1
BRDA:375,29,0,0
BRDA:375,29,1,1
BRDA:405,30,0,2
BRDA:405,30,1,5144
BRDA:405,31,0,5146
BRDA:405,31,1,3
BRDA:405,31,2,2
BRDA:421,32,0,234827
BRDA:421,32,1,233453
BRDA:424,33,0,1159
BRDA:424,33,1,5359
BRDA:425,34,0,1159
BRDA:425,34,1,0
BRDA:427,35,0,0
BRDA:427,35,1,1159
BRDA:433,36,0,1159
BRDA:433,36,1,0
BRDA:435,37,0,0
BRDA:435,37,1,1159
BRDA:448,38,0,3985
BRDA:448,38,1,1374
BRDA:450,39,0,0
BRDA:450,39,1,3985
BRDA:467,40,0,78
BRDA:467,40,1,9487
BRDA:474,41,0,3559
BRDA:474,41,1,5928
BRDA:478,42,0,781
BRDA:478,42,1,5147
BRDA:482,43,0,1
BRDA:482,43,1,5146
BRDA:485,44,0,0
BRDA:485,44,1,5146
BRDA:490,45,0,5146
BRDA:490,45,1,0
BRF:98
BRH:86
end_of_record
TN:
SF:core/scanner.ts
FN:3,(anonymous_0)
FN:5,Scanner
FN:9,(anonymous_2)
FN:15,(anonymous_3)
FN:29,(anonymous_4)
FN:34,(anonymous_5)
FNF:6
FNH:6
FNDA:16,(anonymous_0)
FNDA:100,Scanner
FNDA:82160,(anonymous_2)
FNDA:9798,(anonymous_3)
FNDA:403,(anonymous_4)
FNDA:309,(anonymous_5)
DA:3,16
DA:5,100
DA:6,100
DA:9,16
DA:10,82160
DA:13,100
DA:15,16
DA:16,9798
DA:18,9798
DA:26,9798
DA:29,16
DA:30,403
DA:31,403
DA:34,16
DA:35,309
DA:36,309
DA:37,309
DA:38,309
DA:39,309
DA:72,16
LF:20
LH:20
BRDA:18,0,0,403
BRDA:18,0,1,9395
BRF:2
BRH:2
end_of_record
TN:
SF:core/testsnapshot.ts
FN:3,testSnapshot
FN:25,(anonymous_7)
FN:26,(anonymous_8)
FN:36,(anonymous_9)
FN:41,(anonymous_10)
FNF:5
FNH:3
FNDA:17,testSnapshot
FNDA:1912,(anonymous_7)
FNDA:1895,(anonymous_8)
FNDA:0,(anonymous_9)
FNDA:0,(anonymous_10)
DA:1,3
DA:3,3
DA:7,29
DA:10,17
DA:19,17
DA:20,17
DA:25,1912
DA:26,1895
DA:29,17
DA:31,0
DA:36,0
DA:41,0
LF:12
LH:9
BRDA:7,0,0,12
BRDA:7,0,1,5
BRDA:19,1,0,17
BRDA:19,1,1,0
BRF:4
BRH:3
end_of_record
TN:
SF:emittertests/funcs.ts
FN:8,writeErrorInfo
FN:25,compile
FN:29,(anonymous_24)
FN:39,(anonymous_25)
FN:39,(anonymous_26)
FN:45,(anonymous_27)
FN:52,(anonymous_28)
FN:73,(anonymous_29)
FNF:8
FNH:5
FNDA:0,writeErrorInfo
FNDA:9,compile
FNDA:9,(anonymous_24)
FNDA:9,(anonymous_25)
FNDA:9,(anonymous_26)
FNDA:9,(anonymous_27)
FNDA:0,(anonymous_28)
FNDA:0,(anonymous_29)
DA:1,9
DA:2,9
DA:3,9
DA:4,9
DA:5,9
DA:6,9
DA:9,0
DA:16,0
DA:25,9
DA:26,27
DA:28,9
DA:29,9
DA:33,9
DA:35,9
DA:37,9
DA:39,9
DA:42,9
DA:43,9
DA:45,9
DA:46,9
DA:47,9
DA:48,9
DA:50,0
DA:52,0
DA:56,0
DA:57,0
DA:61,9
DA:69,9
DA:70,9
DA:71,0
DA:73,0
DA:78,9
DA:81,9
DA:83,9
DA:87,9
DA:89,9
DA:91,9
DA:93,9
DA:101,0
DA:102,0
LF:40
LH:30
BRDA:12,0,0,0
BRDA:12,0,1,0
BRDA:13,1,0,0
BRDA:13,1,1,0
BRDA:14,2,0,0
BRDA:14,2,1,0
BRDA:70,3,0,0
BRDA:70,3,1,9
BRF:8
BRH:1
end_of_record
